<?xml version="1.0" encoding="UTF-8"?>
<!-- Generated by org.testng.reporters.JUnitReportReporter -->
<testsuite hostname="LAPTOP-FDUTCRQG" failures="0" tests="1" name="restassurescripts.Assigment3" time="3.895" errors="0" timestamp="2023-11-10T15:50:28 IST" skipped="0">
  <testcase classname="restassurescripts.Assigment3" name="testUserLogin" time="3.895"/>
  <system-out/>
</testsuite> <!-- restassurescripts.Assigment3 -->
