<?xml version="1.0" encoding="UTF-8"?>
<!-- Generated by org.testng.reporters.JUnitReportReporter -->
<testsuite hostname="LAPTOP-FDUTCRQG" failures="1" tests="1" name="restassurescripts.Assignment5" time="4.147" errors="0" timestamp="2023-11-09T16:19:35 IST" skipped="0">
  <testcase classname="restassurescripts.Assignment5" name="testPetFindByStatus" time="4.147">
    <failure message="1 expectation failed.
Response body doesn&#039;t match expectation.
Expected: every item is &quot;available&quot;
  Actual: [{&quot;id&quot;:9223372036854772240,&quot;category&quot;:{&quot;id&quot;:0,&quot;name&quot;:&quot;string&quot;},&quot;name&quot;:&quot;doggie&quot;,&quot;photoUrls&quot;:[&quot;string&quot;],&quot;tags&quot;:[{&quot;id&quot;:0,&quot;name&quot;:&quot;string&quot;}],&quot;status&quot;:&quot;available&quot;},{&quot;id&quot;:9223372036854772241,&quot;category&quot;:{&quot;id&quot;:0,&quot;name&quot;:&quot;string&quot;},&quot;name&quot;:&quot;doggie&quot;,&quot;photoUrls&quot;:[&quot;string&quot;],&quot;tags&quot;:[{&quot;id&quot;:0,&quot;name&quot;:&quot;string&quot;}],&quot;status&quot;:&quot;available&quot;},{&quot;id&quot;:637309,&quot;category&quot;:{&quot;id&quot;:0,&quot;name&quot;:&quot;string&quot;},&quot;name&quot;:&quot;doggie&quot;,&quot;photoUrls&quot;:[&quot;string&quot;],&quot;tags&quot;:[{&quot;id&quot;:0,&quot;name&quot;:&quot;string&quot;}],&quot;status&quot;:&quot;available&quot;},{&quot;id&quot;:124535,&quot;name&quot;:&quot;doggie&quot;,&quot;photoUrls&quot;:[],&quot;tags&quot;:[],&quot;status&quot;:&quot;available&quot;},{&quot;id&quot;:9223372036854772254,&quot;category&quot;:{&quot;id&quot;:0,&quot;name&quot;:&quot;string&quot;},&quot;name&quot;:&quot;fish&quot;,&quot;photoUrls&quot;:[&quot;string&quot;],&quot;tags&quot;:[{&quot;id&quot;:0,&quot;name&quot;:&quot;string&quot;}],&quot;status&quot;:&quot;available&quot;},{&quot;id&quot;:9222968140497180179,&quot;category&quot;:{&quot;id&quot;:0,&quot;name&quot;:&quot;string&quot;},&quot;name&quot;:&quot;test&quot;,&quot;photoUrls&quot;:[&quot;string&quot;],&quot;tags&quot;:[{&quot;id&quot;:0,&quot;name&quot;:&quot;string&quot;}],&quot;status&quot;:&quot;available&quot;},{&quot;id&quot;:949340,&quot;category&quot;:{&quot;id&quot;:0,&quot;name&quot;:&quot;string&quot;},&quot;name&quot;:&quot;doggie&quot;,&quot;photoUrls&quot;:[&quot;string&quot;],&quot;tags&quot;:[{&quot;id&quot;:0,&quot;name&quot;:&quot;string&quot;}],&quot;status&quot;:&quot;available&quot;},{&quot;id&quot;:9223372036854772269,&quot;category&quot;:{&quot;id&quot;:0,&quot;name&quot;:&quot;string&quot;},&quot;name&quot;:&quot;doggie&quot;,&quot;photoUrls&quot;:[&quot;string&quot;],&quot;tags&quot;:[{&quot;id&quot;:0,&quot;name&quot;:&quot;string&quot;}],&quot;status&quot;:&quot;available&quot;},{&quot;id&quot;:9222968140491042131,&quot;category&quot;:{&quot;id&quot;:0,&quot;name&quot;:&quot;string&quot;},&quot;name&quot;:&quot;doggie&quot;,&quot;photoUrls&quot;:[&quot;string&quot;],&quot;tags&quot;:[{&quot;id&quot;:0,&quot;name&quot;:&quot;string&quot;}],&quot;status&quot;:&quot;available&quot;},{&quot;id&quot;:9223372036854772271,&quot;category&quot;:{&quot;id&quot;:0,&quot;name&quot;:&quot;string&quot;},&quot;name&quot;:&quot;fish&quot;,&quot;photoUrls&quot;:[&quot;string&quot;],&quot;tags&quot;:[{&quot;id&quot;:0,&quot;name&quot;:&quot;string&quot;}],&quot;status&quot;:&quot;available&quot;},{&quot;id&quot;:9223372036854772273,&quot;category&quot;:{&quot;id&quot;:0,&quot;name&quot;:&quot;string&quot;},&quot;name&quot;:&quot;fish&quot;,&quot;photoUrls&quot;:[&quot;string&quot;],&quot;tags&quot;:[{&quot;id&quot;:0,&quot;name&quot;:&quot;string&quot;}],&quot;status&quot;:&quot;available&quot;},{&quot;id&quot;:9223372036854772275,&quot;category&quot;:{&quot;id&quot;:0,&quot;name&quot;:&quot;string&quot;},&quot;name&quot;:&quot;fish&quot;,&quot;photoUrls&quot;:[&quot;string&quot;],&quot;tags&quot;:[{&quot;id&quot;:0,&quot;name&quot;:&quot;string&quot;}],&quot;status&quot;:&quot;available&quot;},{&quot;id&quot;:9223372036854772278,&quot;category&quot;:{&quot;id&quot;:0,&quot;name&quot;:&quot;string&quot;},&quot;name&quot;:&quot;fish&quot;,&quot;photoUrls&quot;:[&quot;string&quot;],&quot;tags&quot;:[{&quot;id&quot;:0,&quot;name&quot;:&quot;string&quot;}],&quot;status&quot;:&quot;available&quot;},{&quot;id&quot;:9223372036854772295,&quot;category&quot;:{&quot;id&quot;:0,&quot;name&quot;:&quot;string&quot;},&quot;name&quot;:&quot;doggie&quot;,&quot;photoUrls&quot;:[&quot;string&quot;],&quot;tags&quot;:[{&quot;id&quot;:0,&quot;name&quot;:&quot;string&quot;}],&quot;status&quot;:&quot;available&quot;},{&quot;id&quot;:9223372036854772304,&quot;category&quot;:{&quot;id&quot;:0,&quot;name&quot;:&quot;string&quot;},&quot;name&quot;:&quot;fish&quot;,&quot;photoUrls&quot;:[&quot;string&quot;],&quot;tags&quot;:[{&quot;id&quot;:0,&quot;name&quot;:&quot;string&quot;}],&quot;status&quot;:&quot;available&quot;},{&quot;id&quot;:9223372036854772305,&quot;category&quot;:{&quot;id&quot;:0,&quot;name&quot;:&quot;string&quot;},&quot;name&quot;:&quot;doggie&quot;,&quot;photoUrls&quot;:[&quot;string&quot;],&quot;tags&quot;:[{&quot;id&quot;:0,&quot;name&quot;:&quot;string&quot;}],&quot;status&quot;:&quot;available&quot;},{&quot;id&quot;:9223372036854772306,&quot;category&quot;:{&quot;id&quot;:0,&quot;name&quot;:&quot;string&quot;},&quot;name&quot;:&quot;doggie&quot;,&quot;photoUrls&quot;:[&quot;string&quot;],&quot;tags&quot;:[{&quot;id&quot;:0,&quot;name&quot;:&quot;string&quot;}],&quot;status&quot;:&quot;available&quot;},{&quot;id&quot;:9223372036854772307,&quot;category&quot;:{&quot;id&quot;:0,&quot;name&quot;:&quot;string&quot;},&quot;name&quot;:&quot;fish&quot;,&quot;photoUrls&quot;:[&quot;string&quot;],&quot;tags&quot;:[{&quot;id&quot;:0,&quot;name&quot;:&quot;string&quot;}],&quot;status&quot;:&quot;available&quot;},{&quot;id&quot;:9223372036854772308,&quot;category&quot;:{&quot;id&quot;:0,&quot;name&quot;:&quot;string&quot;},&quot;name&quot;:&quot;Puff&quot;,&quot;photoUrls&quot;:[&quot;string&quot;],&quot;tags&quot;:[{&quot;id&quot;:0,&quot;name&quot;:&quot;string&quot;}],&quot;status&quot;:&quot;available&quot;},{&quot;id&quot;:9223372036854772309,&quot;category&quot;:{&quot;id&quot;:0,&quot;name&quot;:&quot;string&quot;},&quot;name&quot;:&quot;doggie&quot;,&quot;photoUrls&quot;:[&quot;string&quot;],&quot;tags&quot;:[{&quot;id&quot;:0,&quot;name&quot;:&quot;string&quot;}],&quot;status&quot;:&quot;available&quot;},{&quot;id&quot;:9223372036854772310,&quot;category&quot;:{&quot;id&quot;:0,&quot;name&quot;:&quot;string&quot;},&quot;name&quot;:&quot;doggie&quot;,&quot;photoUrls&quot;:[&quot;string&quot;],&quot;tags&quot;:[{&quot;id&quot;:0,&quot;name&quot;:&quot;string&quot;}],&quot;status&quot;:&quot;available&quot;},{&quot;id&quot;:9223372036854772311,&quot;category&quot;:{&quot;id&quot;:0,&quot;name&quot;:&quot;string&quot;},&quot;name&quot;:&quot;doggie&quot;,&quot;photoUrls&quot;:[&quot;string&quot;],&quot;tags&quot;:[{&quot;id&quot;:0,&quot;name&quot;:&quot;string&quot;}],&quot;status&quot;:&quot;available&quot;},{&quot;id&quot;:9223372036854772312,&quot;category&quot;:{&quot;id&quot;:0,&quot;name&quot;:&quot;string&quot;},&quot;name&quot;:&quot;fish&quot;,&quot;photoUrls&quot;:[&quot;string&quot;],&quot;tags&quot;:[{&quot;id&quot;:0,&quot;name&quot;:&quot;string&quot;}],&quot;status&quot;:&quot;available&quot;},{&quot;id&quot;:9223372036854772313,&quot;category&quot;:{&quot;id&quot;:0,&quot;name&quot;:&quot;monkey&quot;},&quot;name&quot;:&quot;Roma&quot;,&quot;photoUrls&quot;:[&quot;string&quot;],&quot;tags&quot;:[{&quot;id&quot;:0,&quot;name&quot;:&quot;string&quot;}],&quot;status&quot;:&quot;available&quot;},{&quot;id&quot;:9223372036854772318,&quot;category&quot;:{&quot;id&quot;:0,&quot;name&quot;:&quot;string&quot;},&quot;name&quot;:&quot;doggie&quot;,&quot;photoUrls&quot;:[&quot;string&quot;],&quot;tags&quot;:[{&quot;id&quot;:0,&quot;name&quot;:&quot;string&quot;}],&quot;status&quot;:&quot;available&quot;},{&quot;id&quot;:9223372036854772320,&quot;category&quot;:{&quot;id&quot;:0,&quot;name&quot;:&quot;string&quot;},&quot;name&quot;:&quot;doggie&quot;,&quot;photoUrls&quot;:[&quot;string&quot;],&quot;tags&quot;:[{&quot;id&quot;:0,&quot;name&quot;:&quot;string&quot;}],&quot;status&quot;:&quot;available&quot;},{&quot;id&quot;:9223372036854772323,&quot;category&quot;:{&quot;id&quot;:0,&quot;name&quot;:&quot;string&quot;},&quot;name&quot;:&quot;fish&quot;,&quot;photoUrls&quot;:[&quot;string&quot;],&quot;tags&quot;:[{&quot;id&quot;:0,&quot;name&quot;:&quot;string&quot;}],&quot;status&quot;:&quot;available&quot;},{&quot;id&quot;:9223372036854772328,&quot;name&quot;:&quot;pet-test&quot;,&quot;photoUrls&quot;:[],&quot;tags&quot;:[],&quot;status&quot;:&quot;available&quot;},{&quot;id&quot;:123,&quot;category&quot;:{&quot;id&quot;:456,&quot;name&quot;:&quot;string&quot;},&quot;name&quot;:&quot;doggie&quot;,&quot;photoUrls&quot;:[&quot;string&quot;],&quot;tags&quot;:[{&quot;id&quot;:789,&quot;name&quot;:&quot;string&quot;}],&quot;status&quot;:&quot;available&quot;},{&quot;id&quot;:9223372036854772343,&quot;category&quot;:{&quot;id&quot;:0,&quot;name&quot;:&quot;string&quot;},&quot;name&quot;:&quot;fish&quot;,&quot;photoUrls&quot;:[&quot;string&quot;],&quot;tags&quot;:[{&quot;id&quot;:0,&quot;name&quot;:&quot;string&quot;}],&quot;status&quot;:&quot;available&quot;},{&quot;id&quot;:9223372036854772350,&quot;category&quot;:{&quot;id&quot;:0,&quot;name&quot;:&quot;string&quot;},&quot;name&quot;:&quot;doggie&quot;,&quot;photoUrls&quot;:[&quot;string&quot;],&quot;tags&quot;:[{&quot;id&quot;:0,&quot;name&quot;:&quot;string&quot;}],&quot;status&quot;:&quot;available&quot;},{&quot;id&quot;:9223372036854772351,&quot;category&quot;:{&quot;id&quot;:0,&quot;name&quot;:&quot;string&quot;},&quot;name&quot;:&quot;doggie&quot;,&quot;photoUrls&quot;:[&quot;string&quot;],&quot;tags&quot;:[{&quot;id&quot;:0,&quot;name&quot;:&quot;string&quot;}],&quot;status&quot;:&quot;available&quot;},{&quot;id&quot;:7984,&quot;category&quot;:{&quot;id&quot;:7984,&quot;name&quot;:&quot;pitbull&quot;},&quot;name&quot;:&quot;pitbull&quot;,&quot;photoUrls&quot;:[&quot;string&quot;],&quot;tags&quot;:[{&quot;id&quot;:7984,&quot;name&quot;:&quot;pitbull&quot;}],&quot;status&quot;:&quot;available&quot;},{&quot;id&quot;:9223372036854772352,&quot;category&quot;:{&quot;id&quot;:0,&quot;name&quot;:&quot;string&quot;},&quot;name&quot;:&quot;fish&quot;,&quot;photoUrls&quot;:[&quot;string&quot;],&quot;tags&quot;:[{&quot;id&quot;:0,&quot;name&quot;:&quot;string&quot;}],&quot;status&quot;:&quot;available&quot;},{&quot;id&quot;:9223372036854772353,&quot;category&quot;:{&quot;id&quot;:0,&quot;name&quot;:&quot;string&quot;},&quot;name&quot;:&quot;fish&quot;,&quot;photoUrls&quot;:[&quot;string&quot;],&quot;tags&quot;:[{&quot;id&quot;:0,&quot;name&quot;:&quot;string&quot;}],&quot;status&quot;:&quot;available&quot;},{&quot;id&quot;:63,&quot;category&quot;:{&quot;id&quot;:0,&quot;name&quot;:&quot;oogy&quot;},&quot;name&quot;:&quot;doggie&quot;,&quot;photoUrls&quot;:[&quot;string&quot;],&quot;tags&quot;:[{&quot;id&quot;:0,&quot;name&quot;:&quot;string&quot;}],&quot;status&quot;:&quot;available&quot;},{&quot;id&quot;:9223372036854772354,&quot;category&quot;:{&quot;id&quot;:0,&quot;name&quot;:&quot;string&quot;},&quot;name&quot;:&quot;Puff&quot;,&quot;photoUrls&quot;:[&quot;string&quot;],&quot;tags&quot;:[{&quot;id&quot;:0,&quot;name&quot;:&quot;string&quot;}],&quot;status&quot;:&quot;available&quot;},{&quot;id&quot;:9223372036854772355,&quot;category&quot;:{&quot;id&quot;:0,&quot;name&quot;:&quot;string&quot;},&quot;name&quot;:&quot;doggie&quot;,&quot;photoUrls&quot;:[&quot;string&quot;],&quot;tags&quot;:[{&quot;id&quot;:0,&quot;name&quot;:&quot;string&quot;}],&quot;status&quot;:&quot;available&quot;},{&quot;id&quot;:9223372036854772359,&quot;category&quot;:{&quot;id&quot;:0,&quot;name&quot;:&quot;string&quot;},&quot;name&quot;:&quot;doggie&quot;,&quot;photoUrls&quot;:[&quot;string&quot;],&quot;tags&quot;:[{&quot;id&quot;:0,&quot;name&quot;:&quot;string&quot;}],&quot;status&quot;:&quot;available&quot;},{&quot;id&quot;:9223372036854772369,&quot;category&quot;:{&quot;id&quot;:0,&quot;name&quot;:&quot;string&quot;},&quot;name&quot;:&quot;fish&quot;,&quot;photoUrls&quot;:[&quot;string&quot;],&quot;tags&quot;:[{&quot;id&quot;:0,&quot;name&quot;:&quot;string&quot;}],&quot;status&quot;:&quot;available&quot;},{&quot;id&quot;:9223372036854772375,&quot;category&quot;:{&quot;id&quot;:0,&quot;name&quot;:&quot;string&quot;},&quot;name&quot;:&quot;fish&quot;,&quot;photoUrls&quot;:[&quot;string&quot;],&quot;tags&quot;:[{&quot;id&quot;:0,&quot;name&quot;:&quot;string&quot;}],&quot;status&quot;:&quot;available&quot;},{&quot;id&quot;:9223372036854772376,&quot;category&quot;:{&quot;id&quot;:0,&quot;name&quot;:&quot;string&quot;},&quot;name&quot;:&quot;fish&quot;,&quot;photoUrls&quot;:[&quot;string&quot;],&quot;tags&quot;:[{&quot;id&quot;:0,&quot;name&quot;:&quot;string&quot;}],&quot;status&quot;:&quot;available&quot;},{&quot;id&quot;:9223372036854772378,&quot;category&quot;:{&quot;id&quot;:0,&quot;name&quot;:&quot;string&quot;},&quot;name&quot;:&quot;fish&quot;,&quot;photoUrls&quot;:[&quot;string&quot;],&quot;tags&quot;:[{&quot;id&quot;:0,&quot;name&quot;:&quot;string&quot;}],&quot;status&quot;:&quot;available&quot;},{&quot;id&quot;:9223372036854772383,&quot;category&quot;:{&quot;id&quot;:0,&quot;name&quot;:&quot;string&quot;},&quot;name&quot;:&quot;doggie&quot;,&quot;photoUrls&quot;:[&quot;string&quot;],&quot;tags&quot;:[{&quot;id&quot;:0,&quot;name&quot;:&quot;string&quot;}],&quot;status&quot;:&quot;available&quot;},{&quot;id&quot;:9223372036854772390,&quot;category&quot;:{&quot;id&quot;:0,&quot;name&quot;:&quot;Sara&quot;},&quot;name&quot;:&quot;doggie&quot;,&quot;photoUrls&quot;:[&quot;string&quot;],&quot;tags&quot;:[{&quot;id&quot;:0,&quot;name&quot;:&quot;string&quot;}],&quot;status&quot;:&quot;available&quot;},{&quot;id&quot;:9223372036854772395,&quot;category&quot;:{&quot;id&quot;:0,&quot;name&quot;:&quot;string&quot;},&quot;name&quot;:&quot;doggie&quot;,&quot;photoUrls&quot;:[&quot;string&quot;],&quot;tags&quot;:[{&quot;id&quot;:0,&quot;name&quot;:&quot;string&quot;}],&quot;status&quot;:&quot;available&quot;},{&quot;id&quot;:9223372036854772405,&quot;category&quot;:{&quot;id&quot;:0,&quot;name&quot;:&quot;string&quot;},&quot;name&quot;:&quot;doggie&quot;,&quot;photoUrls&quot;:[&quot;string&quot;],&quot;tags&quot;:[{&quot;id&quot;:0,&quot;name&quot;:&quot;string&quot;}],&quot;status&quot;:&quot;available&quot;},{&quot;id&quot;:9223372036854772408,&quot;category&quot;:{&quot;id&quot;:0,&quot;name&quot;:&quot;string&quot;},&quot;name&quot;:&quot;fish&quot;,&quot;photoUrls&quot;:[&quot;string&quot;],&quot;tags&quot;:[{&quot;id&quot;:0,&quot;name&quot;:&quot;string&quot;}],&quot;status&quot;:&quot;available&quot;},{&quot;id&quot;:9223372036854772409,&quot;category&quot;:{&quot;id&quot;:0,&quot;name&quot;:&quot;string&quot;},&quot;name&quot;:&quot;doggie&quot;,&quot;photoUrls&quot;:[&quot;string&quot;],&quot;tags&quot;:[{&quot;id&quot;:0,&quot;name&quot;:&quot;string&quot;}],&quot;status&quot;:&quot;available&quot;},{&quot;id&quot;:9223372036854772410,&quot;category&quot;:{&quot;id&quot;:0,&quot;name&quot;:&quot;string&quot;},&quot;name&quot;:&quot;doggie&quot;,&quot;photoUrls&quot;:[&quot;string&quot;],&quot;tags&quot;:[{&quot;id&quot;:0,&quot;name&quot;:&quot;string&quot;}],&quot;status&quot;:&quot;available&quot;},{&quot;id&quot;:9223372036854772411,&quot;category&quot;:{&quot;id&quot;:0,&quot;name&quot;:&quot;string&quot;},&quot;name&quot;:&quot;fish&quot;,&quot;photoUrls&quot;:[&quot;string&quot;],&quot;tags&quot;:[{&quot;id&quot;:0,&quot;name&quot;:&quot;string&quot;}],&quot;status&quot;:&quot;available&quot;},{&quot;id&quot;:9223372036854772412,&quot;category&quot;:{&quot;id&quot;:0,&quot;name&quot;:&quot;string&quot;},&quot;name&quot;:&quot;doggie&quot;,&quot;photoUrls&quot;:[&quot;string&quot;],&quot;tags&quot;:[{&quot;id&quot;:0,&quot;name&quot;:&quot;string&quot;}],&quot;status&quot;:&quot;available&quot;},{&quot;id&quot;:9223372036854772413,&quot;category&quot;:{&quot;id&quot;:0,&quot;name&quot;:&quot;string&quot;},&quot;name&quot;:&quot;doggie&quot;,&quot;photoUrls&quot;:[&quot;string&quot;],&quot;tags&quot;:[{&quot;id&quot;:0,&quot;name&quot;:&quot;string&quot;}],&quot;status&quot;:&quot;available&quot;},{&quot;id&quot;:9223372036854772414,&quot;category&quot;:{&quot;id&quot;:0,&quot;name&quot;:&quot;string&quot;},&quot;name&quot;:&quot;doggie&quot;,&quot;photoUrls&quot;:[&quot;string&quot;],&quot;tags&quot;:[{&quot;id&quot;:0,&quot;name&quot;:&quot;string&quot;}],&quot;status&quot;:&quot;available&quot;},{&quot;id&quot;:9223372036854772415,&quot;category&quot;:{&quot;id&quot;:0,&quot;name&quot;:&quot;string&quot;},&quot;name&quot;:&quot;Puff&quot;,&quot;photoUrls&quot;:[&quot;string&quot;],&quot;tags&quot;:[{&quot;id&quot;:0,&quot;name&quot;:&quot;string&quot;}],&quot;status&quot;:&quot;available&quot;},{&quot;id&quot;:9223372036854772416,&quot;category&quot;:{&quot;id&quot;:0,&quot;name&quot;:&quot;string&quot;},&quot;name&quot;:&quot;doggie&quot;,&quot;photoUrls&quot;:[&quot;string&quot;],&quot;tags&quot;:[{&quot;id&quot;:0,&quot;name&quot;:&quot;string&quot;}],&quot;status&quot;:&quot;available&quot;},{&quot;id&quot;:9223372036854772417,&quot;category&quot;:{&quot;id&quot;:0,&quot;name&quot;:&quot;string&quot;},&quot;name&quot;:&quot;doggie&quot;,&quot;photoUrls&quot;:[&quot;string&quot;],&quot;tags&quot;:[{&quot;id&quot;:0,&quot;name&quot;:&quot;string&quot;}],&quot;status&quot;:&quot;available&quot;},{&quot;id&quot;:9223372036854772418,&quot;category&quot;:{&quot;id&quot;:0,&quot;name&quot;:&quot;string&quot;},&quot;name&quot;:&quot;doggie&quot;,&quot;photoUrls&quot;:[&quot;string&quot;],&quot;tags&quot;:[{&quot;id&quot;:0,&quot;name&quot;:&quot;string&quot;}],&quot;status&quot;:&quot;available&quot;},{&quot;id&quot;:9223372036854772419,&quot;category&quot;:{&quot;id&quot;:0,&quot;name&quot;:&quot;string&quot;},&quot;name&quot;:&quot;fish&quot;,&quot;photoUrls&quot;:[&quot;string&quot;],&quot;tags&quot;:[{&quot;id&quot;:0,&quot;name&quot;:&quot;string&quot;}],&quot;status&quot;:&quot;available&quot;},{&quot;id&quot;:9223372036854772423,&quot;category&quot;:{&quot;id&quot;:0,&quot;name&quot;:&quot;string&quot;},&quot;name&quot;:&quot;test&quot;,&quot;photoUrls&quot;:[&quot;string&quot;],&quot;tags&quot;:[{&quot;id&quot;:0,&quot;name&quot;:&quot;string&quot;}],&quot;status&quot;:&quot;available&quot;},{&quot;id&quot;:9223372036854772424,&quot;category&quot;:{&quot;id&quot;:0,&quot;name&quot;:&quot;string&quot;},&quot;name&quot;:&quot;test&quot;,&quot;photoUrls&quot;:[&quot;string&quot;],&quot;tags&quot;:[{&quot;id&quot;:0,&quot;name&quot;:&quot;string&quot;}],&quot;status&quot;:&quot;available&quot;},{&quot;id&quot;:9223372036854772425,&quot;category&quot;:{&quot;id&quot;:0,&quot;name&quot;:&quot;string&quot;},&quot;name&quot;:&quot;test&quot;,&quot;photoUrls&quot;:[&quot;string&quot;],&quot;tags&quot;:[{&quot;id&quot;:0,&quot;name&quot;:&quot;string&quot;}],&quot;status&quot;:&quot;available&quot;},{&quot;id&quot;:9223372036854772428,&quot;category&quot;:{&quot;id&quot;:0,&quot;name&quot;:&quot;string&quot;},&quot;name&quot;:&quot;fish&quot;,&quot;photoUrls&quot;:[&quot;string&quot;],&quot;tags&quot;:[{&quot;id&quot;:0,&quot;name&quot;:&quot;string&quot;}],&quot;status&quot;:&quot;available&quot;},{&quot;id&quot;:9223372036854772431,&quot;category&quot;:{&quot;id&quot;:0,&quot;name&quot;:&quot;string&quot;},&quot;name&quot;:&quot;poggie&quot;,&quot;photoUrls&quot;:[&quot;string&quot;],&quot;tags&quot;:[{&quot;id&quot;:0,&quot;name&quot;:&quot;string&quot;}],&quot;status&quot;:&quot;available&quot;},{&quot;id&quot;:7653,&quot;category&quot;:{&quot;id&quot;:1,&quot;name&quot;:&quot;crazycats&quot;},&quot;name&quot;:&quot;buka&quot;,&quot;photoUrls&quot;:[&quot;string&quot;],&quot;tags&quot;:[{&quot;id&quot;:0,&quot;name&quot;:&quot;string&quot;}],&quot;status&quot;:&quot;available&quot;},{&quot;id&quot;:9223372036854772456,&quot;category&quot;:{&quot;id&quot;:0,&quot;name&quot;:&quot;string&quot;},&quot;name&quot;:&quot;doggie&quot;,&quot;photoUrls&quot;:[&quot;string&quot;],&quot;tags&quot;:[{&quot;id&quot;:0,&quot;name&quot;:&quot;string&quot;}],&quot;status&quot;:&quot;available&quot;},{&quot;id&quot;:112233,&quot;category&quot;:{&quot;id&quot;:30,&quot;name&quot;:&quot;Eq-dog&quot;},&quot;name&quot;:&quot;Postman&quot;,&quot;photoUrls&quot;:[&quot;URLLink&quot;],&quot;tags&quot;:[{&quot;id&quot;:10,&quot;name&quot;:&quot;Doberman&quot;}],&quot;status&quot;:&quot;available&quot;},{&quot;id&quot;:9223372036854772459,&quot;category&quot;:{&quot;id&quot;:0,&quot;name&quot;:&quot;string&quot;},&quot;name&quot;:&quot;doggie&quot;,&quot;photoUrls&quot;:[&quot;string&quot;],&quot;tags&quot;:[{&quot;id&quot;:0,&quot;name&quot;:&quot;string&quot;}],&quot;status&quot;:&quot;available&quot;},{&quot;id&quot;:9223372036854772460,&quot;category&quot;:{&quot;id&quot;:0,&quot;name&quot;:&quot;string&quot;},&quot;name&quot;:&quot;poggie&quot;,&quot;photoUrls&quot;:[&quot;string&quot;],&quot;tags&quot;:[{&quot;id&quot;:0,&quot;name&quot;:&quot;string&quot;}],&quot;status&quot;:&quot;available&quot;},{&quot;id&quot;:9223372036854772469,&quot;category&quot;:{&quot;id&quot;:0,&quot;name&quot;:&quot;string&quot;},&quot;name&quot;:&quot;oooggie&quot;,&quot;photoUrls&quot;:[&quot;string&quot;],&quot;tags&quot;:[{&quot;id&quot;:0,&quot;name&quot;:&quot;string&quot;}],&quot;status&quot;:&quot;available&quot;},{&quot;id&quot;:9223372036854772472,&quot;category&quot;:{&quot;id&quot;:0,&quot;name&quot;:&quot;string&quot;},&quot;name&quot;:&quot;oooggie&quot;,&quot;photoUrls&quot;:[&quot;string&quot;],&quot;tags&quot;:[{&quot;id&quot;:0,&quot;name&quot;:&quot;string&quot;}],&quot;status&quot;:&quot;available&quot;},{&quot;id&quot;:9223372036854772474,&quot;name&quot;:&quot;doggie&quot;,&quot;photoUrls&quot;:[&quot;string&quot;],&quot;tags&quot;:[],&quot;status&quot;:&quot;available&quot;},{&quot;id&quot;:9223372036854772475,&quot;name&quot;:&quot;doggie&quot;,&quot;photoUrls&quot;:[&quot;string&quot;],&quot;tags&quot;:[],&quot;status&quot;:&quot;available&quot;},{&quot;id&quot;:9223372036854772476,&quot;name&quot;:&quot;doggie&quot;,&quot;photoUrls&quot;:[&quot;string&quot;],&quot;tags&quot;:[],&quot;status&quot;:&quot;available&quot;},{&quot;id&quot;:9223372036854772477,&quot;category&quot;:{&quot;id&quot;:0,&quot;name&quot;:&quot;string&quot;},&quot;name&quot;:&quot;doggie&quot;,&quot;photoUrls&quot;:[&quot;string&quot;],&quot;tags&quot;:[{&quot;id&quot;:0,&quot;name&quot;:&quot;string&quot;}],&quot;status&quot;:&quot;available&quot;},{&quot;id&quot;:9223372036854772479,&quot;category&quot;:{&quot;id&quot;:0,&quot;name&quot;:&quot;string&quot;},&quot;name&quot;:&quot;fish&quot;,&quot;photoUrls&quot;:[&quot;string&quot;],&quot;tags&quot;:[{&quot;id&quot;:0,&quot;name&quot;:&quot;string&quot;}],&quot;status&quot;:&quot;available&quot;},{&quot;id&quot;:9223372036854772481,&quot;category&quot;:{&quot;id&quot;:0,&quot;name&quot;:&quot;string&quot;},&quot;name&quot;:&quot;doggie&quot;,&quot;photoUrls&quot;:[&quot;string&quot;],&quot;tags&quot;:[{&quot;id&quot;:0,&quot;name&quot;:&quot;string&quot;}],&quot;status&quot;:&quot;available&quot;},{&quot;id&quot;:9223372036854772482,&quot;name&quot;:&quot;doggie&quot;,&quot;photoUrls&quot;:[&quot;string&quot;],&quot;tags&quot;:[],&quot;status&quot;:&quot;available&quot;},{&quot;id&quot;:9223372036854772483,&quot;category&quot;:{&quot;id&quot;:0,&quot;name&quot;:&quot;string&quot;},&quot;name&quot;:&quot;doggie&quot;,&quot;photoUrls&quot;:[&quot;string&quot;],&quot;tags&quot;:[{&quot;id&quot;:0,&quot;name&quot;:&quot;string&quot;}],&quot;status&quot;:&quot;available&quot;},{&quot;id&quot;:9223372036854772484,&quot;name&quot;:&quot;doggie&quot;,&quot;photoUrls&quot;:[&quot;string&quot;],&quot;tags&quot;:[],&quot;status&quot;:&quot;available&quot;},{&quot;id&quot;:9223372036854772485,&quot;category&quot;:{&quot;id&quot;:0,&quot;name&quot;:&quot;string&quot;},&quot;name&quot;:&quot;test&quot;,&quot;photoUrls&quot;:[&quot;string&quot;],&quot;tags&quot;:[{&quot;id&quot;:0,&quot;name&quot;:&quot;string&quot;}],&quot;status&quot;:&quot;available&quot;},{&quot;id&quot;:9223372036854772486,&quot;category&quot;:{&quot;id&quot;:0,&quot;name&quot;:&quot;string&quot;},&quot;name&quot;:&quot;doggie&quot;,&quot;photoUrls&quot;:[&quot;string&quot;],&quot;tags&quot;:[{&quot;id&quot;:0,&quot;name&quot;:&quot;string&quot;}],&quot;status&quot;:&quot;available&quot;},{&quot;id&quot;:9223372036854772487,&quot;category&quot;:{&quot;id&quot;:0,&quot;name&quot;:&quot;string&quot;},&quot;name&quot;:&quot;doggie&quot;,&quot;photoUrls&quot;:[&quot;string&quot;],&quot;tags&quot;:[{&quot;id&quot;:0,&quot;name&quot;:&quot;string&quot;}],&quot;status&quot;:&quot;available&quot;},{&quot;id&quot;:9223372036854772488,&quot;category&quot;:{&quot;id&quot;:0,&quot;name&quot;:&quot;string&quot;},&quot;name&quot;:&quot;fish&quot;,&quot;photoUrls&quot;:[&quot;string&quot;],&quot;tags&quot;:[{&quot;id&quot;:0,&quot;name&quot;:&quot;string&quot;}],&quot;status&quot;:&quot;available&quot;},{&quot;id&quot;:9223372036854772489,&quot;category&quot;:{&quot;id&quot;:0,&quot;name&quot;:&quot;string&quot;},&quot;name&quot;:&quot;fish&quot;,&quot;photoUrls&quot;:[&quot;string&quot;],&quot;tags&quot;:[{&quot;id&quot;:0,&quot;name&quot;:&quot;string&quot;}],&quot;status&quot;:&quot;available&quot;},{&quot;id&quot;:9223372036854772493,&quot;category&quot;:{&quot;id&quot;:0,&quot;name&quot;:&quot;string&quot;},&quot;name&quot;:&quot;Puff&quot;,&quot;photoUrls&quot;:[&quot;string&quot;],&quot;tags&quot;:[{&quot;id&quot;:0,&quot;name&quot;:&quot;string&quot;}],&quot;status&quot;:&quot;available&quot;},{&quot;id&quot;:9223372036854772494,&quot;category&quot;:{&quot;id&quot;:0,&quot;name&quot;:&quot;string&quot;},&quot;name&quot;:&quot;doggie&quot;,&quot;photoUrls&quot;:[&quot;string&quot;],&quot;tags&quot;:[{&quot;id&quot;:0,&quot;name&quot;:&quot;string&quot;}],&quot;status&quot;:&quot;available&quot;},{&quot;id&quot;:9223372036854772495,&quot;category&quot;:{&quot;id&quot;:0,&quot;name&quot;:&quot;string&quot;},&quot;name&quot;:&quot;doggie&quot;,&quot;photoUrls&quot;:[&quot;string&quot;],&quot;tags&quot;:[{&quot;id&quot;:0,&quot;name&quot;:&quot;string&quot;}],&quot;status&quot;:&quot;available&quot;},{&quot;id&quot;:344,&quot;category&quot;:{&quot;id&quot;:0,&quot;name&quot;:&quot;string&quot;},&quot;name&quot;:&quot;Doggie&quot;,&quot;photoUrls&quot;:[&quot;string&quot;],&quot;tags&quot;:[{&quot;id&quot;:0,&quot;name&quot;:&quot;string&quot;}],&quot;status&quot;:&quot;available&quot;},{&quot;id&quot;:9223372036854772496,&quot;category&quot;:{&quot;id&quot;:0,&quot;name&quot;:&quot;string&quot;},&quot;name&quot;:&quot;doggie&quot;,&quot;photoUrls&quot;:[&quot;string&quot;],&quot;tags&quot;:[{&quot;id&quot;:0,&quot;name&quot;:&quot;string&quot;}],&quot;status&quot;:&quot;available&quot;},{&quot;id&quot;:9223372036854772497,&quot;category&quot;:{&quot;id&quot;:0,&quot;name&quot;:&quot;string&quot;},&quot;name&quot;:&quot;doggie&quot;,&quot;photoUrls&quot;:[&quot;string&quot;],&quot;tags&quot;:[{&quot;id&quot;:0,&quot;name&quot;:&quot;string&quot;}],&quot;status&quot;:&quot;available&quot;},{&quot;id&quot;:9223372036854772498,&quot;category&quot;:{&quot;id&quot;:0,&quot;name&quot;:&quot;string&quot;},&quot;name&quot;:&quot;doggie&quot;,&quot;photoUrls&quot;:[&quot;string&quot;],&quot;tags&quot;:[{&quot;id&quot;:0,&quot;name&quot;:&quot;string&quot;}],&quot;status&quot;:&quot;available&quot;},{&quot;id&quot;:9223372036854772499,&quot;category&quot;:{&quot;id&quot;:0,&quot;name&quot;:&quot;string&quot;},&quot;name&quot;:&quot;dggie&quot;,&quot;photoUrls&quot;:[&quot;string&quot;],&quot;tags&quot;:[{&quot;id&quot;:0,&quot;name&quot;:&quot;string&quot;}],&quot;status&quot;:&quot;available&quot;},{&quot;id&quot;:9223372036854772500,&quot;category&quot;:{&quot;id&quot;:0,&quot;name&quot;:&quot;string&quot;},&quot;name&quot;:&quot;doggie&quot;,&quot;photoUrls&quot;:[&quot;string&quot;],&quot;tags&quot;:[{&quot;id&quot;:0,&quot;name&quot;:&quot;string&quot;}],&quot;status&quot;:&quot;available&quot;},{&quot;id&quot;:9223372036854772503,&quot;category&quot;:{&quot;id&quot;:0,&quot;name&quot;:&quot;string&quot;},&quot;name&quot;:&quot;dggie&quot;,&quot;photoUrls&quot;:[&quot;string&quot;],&quot;tags&quot;:[{&quot;id&quot;:0,&quot;name&quot;:&quot;string&quot;}],&quot;status&quot;:&quot;available&quot;},{&quot;id&quot;:9223372036854772505,&quot;category&quot;:{&quot;id&quot;:0,&quot;name&quot;:&quot;string&quot;},&quot;name&quot;:&quot;fish&quot;,&quot;photoUrls&quot;:[&quot;string&quot;],&quot;tags&quot;:[{&quot;id&quot;:0,&quot;name&quot;:&quot;string&quot;}],&quot;status&quot;:&quot;available&quot;},{&quot;id&quot;:9223372036854772506,&quot;category&quot;:{&quot;id&quot;:0,&quot;name&quot;:&quot;string&quot;},&quot;name&quot;:&quot;dggie&quot;,&quot;photoUrls&quot;:[&quot;string&quot;],&quot;tags&quot;:[{&quot;id&quot;:0,&quot;name&quot;:&quot;string&quot;}],&quot;status&quot;:&quot;available&quot;},{&quot;id&quot;:9223372036854772507,&quot;category&quot;:{&quot;id&quot;:0,&quot;name&quot;:&quot;string&quot;},&quot;name&quot;:&quot;doggie&quot;,&quot;photoUrls&quot;:[&quot;string&quot;],&quot;tags&quot;:[{&quot;id&quot;:0,&quot;name&quot;:&quot;string&quot;}],&quot;status&quot;:&quot;available&quot;},{&quot;id&quot;:9223372036854772508,&quot;category&quot;:{&quot;id&quot;:0,&quot;name&quot;:&quot;string&quot;},&quot;name&quot;:&quot;dgge&quot;,&quot;photoUrls&quot;:[&quot;string&quot;],&quot;tags&quot;:[{&quot;id&quot;:0,&quot;name&quot;:&quot;string&quot;}],&quot;status&quot;:&quot;available&quot;},{&quot;id&quot;:9223372036854772509,&quot;category&quot;:{&quot;id&quot;:0,&quot;name&quot;:&quot;string&quot;},&quot;name&quot;:&quot;fish&quot;,&quot;photoUrls&quot;:[&quot;string&quot;],&quot;tags&quot;:[{&quot;id&quot;:0,&quot;name&quot;:&quot;string&quot;}],&quot;status&quot;:&quot;available&quot;},{&quot;id&quot;:9223372036854772510,&quot;category&quot;:{&quot;id&quot;:0,&quot;name&quot;:&quot;string&quot;},&quot;name&quot;:&quot;fish&quot;,&quot;photoUrls&quot;:[&quot;string&quot;],&quot;tags&quot;:[{&quot;id&quot;:0,&quot;name&quot;:&quot;string&quot;}],&quot;status&quot;:&quot;available&quot;},{&quot;id&quot;:9223372036854772511,&quot;category&quot;:{&quot;id&quot;:0,&quot;name&quot;:&quot;string&quot;},&quot;name&quot;:&quot;fish&quot;,&quot;photoUrls&quot;:[&quot;string&quot;],&quot;tags&quot;:[{&quot;id&quot;:0,&quot;name&quot;:&quot;string&quot;}],&quot;status&quot;:&quot;available&quot;},{&quot;id&quot;:9223372036854772512,&quot;category&quot;:{&quot;id&quot;:0,&quot;name&quot;:&quot;string&quot;},&quot;name&quot;:&quot;dgge&quot;,&quot;photoUrls&quot;:[&quot;string&quot;],&quot;tags&quot;:[{&quot;id&quot;:0,&quot;name&quot;:&quot;string&quot;}],&quot;status&quot;:&quot;available&quot;},{&quot;id&quot;:9223372036854772516,&quot;category&quot;:{&quot;id&quot;:0,&quot;name&quot;:&quot;string&quot;},&quot;name&quot;:&quot;pe&quot;,&quot;photoUrls&quot;:[&quot;string&quot;],&quot;tags&quot;:[{&quot;id&quot;:0,&quot;name&quot;:&quot;string&quot;}],&quot;status&quot;:&quot;available&quot;},{&quot;id&quot;:9223372036854772519,&quot;category&quot;:{&quot;id&quot;:0,&quot;name&quot;:&quot;string&quot;},&quot;name&quot;:&quot;doggie&quot;,&quot;photoUrls&quot;:[&quot;string&quot;],&quot;tags&quot;:[{&quot;id&quot;:0,&quot;name&quot;:&quot;string&quot;}],&quot;status&quot;:&quot;available&quot;},{&quot;id&quot;:9223372036854772521,&quot;category&quot;:{&quot;id&quot;:5,&quot;name&quot;:&quot;string&quot;},&quot;name&quot;:&quot;pe&quot;,&quot;photoUrls&quot;:[&quot;string&quot;],&quot;tags&quot;:[{&quot;id&quot;:5,&quot;name&quot;:&quot;string&quot;}],&quot;status&quot;:&quot;available&quot;},{&quot;id&quot;:9223372036854772522,&quot;category&quot;:{&quot;id&quot;:0,&quot;name&quot;:&quot;string&quot;},&quot;name&quot;:&quot;doggie&quot;,&quot;photoUrls&quot;:[&quot;string&quot;],&quot;tags&quot;:[{&quot;id&quot;:0,&quot;name&quot;:&quot;string&quot;}],&quot;status&quot;:&quot;available&quot;},{&quot;id&quot;:9223372036854772526,&quot;category&quot;:{&quot;id&quot;:0,&quot;name&quot;:&quot;string&quot;},&quot;name&quot;:&quot;dppe&quot;,&quot;photoUrls&quot;:[&quot;string&quot;],&quot;tags&quot;:[{&quot;id&quot;:0,&quot;name&quot;:&quot;string&quot;}],&quot;status&quot;:&quot;available&quot;},{&quot;id&quot;:9223372036854772534,&quot;category&quot;:{&quot;id&quot;:0,&quot;name&quot;:&quot;doggie_TestAutomation&quot;},&quot;name&quot;:&quot;doggie_TestAutomation&quot;,&quot;photoUrls&quot;:[&quot;string&quot;],&quot;tags&quot;:[{&quot;id&quot;:0,&quot;name&quot;:&quot;string&quot;}],&quot;status&quot;:&quot;available&quot;},{&quot;id&quot;:9223372036854772535,&quot;category&quot;:{&quot;id&quot;:0,&quot;name&quot;:&quot;string&quot;},&quot;name&quot;:&quot;doggie&quot;,&quot;photoUrls&quot;:[&quot;string&quot;],&quot;tags&quot;:[{&quot;id&quot;:0,&quot;name&quot;:&quot;string&quot;}],&quot;status&quot;:&quot;available&quot;},{&quot;id&quot;:9223372036854772548,&quot;category&quot;:{&quot;id&quot;:0,&quot;name&quot;:&quot;string&quot;},&quot;name&quot;:&quot;doggie&quot;,&quot;photoUrls&quot;:[&quot;string&quot;],&quot;tags&quot;:[{&quot;id&quot;:0,&quot;name&quot;:&quot;string&quot;}],&quot;status&quot;:&quot;available&quot;},{&quot;id&quot;:9223372036854772549,&quot;category&quot;:{&quot;id&quot;:0,&quot;name&quot;:&quot;string&quot;},&quot;name&quot;:&quot;doggie&quot;,&quot;photoUrls&quot;:[&quot;string&quot;],&quot;tags&quot;:[{&quot;id&quot;:0,&quot;name&quot;:&quot;string&quot;}],&quot;status&quot;:&quot;available&quot;},{&quot;id&quot;:9223372036854772559,&quot;category&quot;:{&quot;id&quot;:0,&quot;name&quot;:&quot;string&quot;},&quot;name&quot;:&quot;moniiiik&quot;,&quot;photoUrls&quot;:[&quot;string&quot;],&quot;tags&quot;:[{&quot;id&quot;:0,&quot;name&quot;:&quot;string&quot;}],&quot;status&quot;:&quot;available&quot;},{&quot;id&quot;:9223372036854772563,&quot;category&quot;:{&quot;id&quot;:0,&quot;name&quot;:&quot;string&quot;},&quot;name&quot;:&quot;fish&quot;,&quot;photoUrls&quot;:[&quot;string&quot;],&quot;tags&quot;:[{&quot;id&quot;:0,&quot;name&quot;:&quot;string&quot;}],&quot;status&quot;:&quot;available&quot;},{&quot;id&quot;:9223372036854772564,&quot;category&quot;:{&quot;id&quot;:0,&quot;name&quot;:&quot;string&quot;},&quot;name&quot;:&quot;doggie&quot;,&quot;photoUrls&quot;:[&quot;string&quot;],&quot;tags&quot;:[{&quot;id&quot;:0,&quot;name&quot;:&quot;string&quot;}],&quot;status&quot;:&quot;available&quot;},{&quot;id&quot;:9223372036854772565,&quot;category&quot;:{&quot;id&quot;:0,&quot;name&quot;:&quot;string&quot;},&quot;name&quot;:&quot;doggie&quot;,&quot;photoUrls&quot;:[&quot;string&quot;],&quot;tags&quot;:[{&quot;id&quot;:0,&quot;name&quot;:&quot;string&quot;}],&quot;status&quot;:&quot;available&quot;},{&quot;id&quot;:9223372036854772566,&quot;category&quot;:{&quot;id&quot;:0,&quot;name&quot;:&quot;string&quot;},&quot;name&quot;:&quot;doggie&quot;,&quot;photoUrls&quot;:[&quot;string&quot;],&quot;tags&quot;:[{&quot;id&quot;:0,&quot;name&quot;:&quot;string&quot;}],&quot;status&quot;:&quot;available&quot;},{&quot;id&quot;:9223372036854772567,&quot;category&quot;:{&quot;id&quot;:0,&quot;name&quot;:&quot;string&quot;},&quot;name&quot;:&quot;doggie&quot;,&quot;photoUrls&quot;:[&quot;string&quot;],&quot;tags&quot;:[{&quot;id&quot;:0,&quot;name&quot;:&quot;string&quot;}],&quot;status&quot;:&quot;available&quot;},{&quot;id&quot;:9223372036854772568,&quot;category&quot;:{&quot;id&quot;:0,&quot;name&quot;:&quot;string&quot;},&quot;name&quot;:&quot;fish&quot;,&quot;photoUrls&quot;:[&quot;string&quot;],&quot;tags&quot;:[{&quot;id&quot;:0,&quot;name&quot;:&quot;string&quot;}],&quot;status&quot;:&quot;available&quot;},{&quot;id&quot;:9223372036854772569,&quot;category&quot;:{&quot;id&quot;:0,&quot;name&quot;:&quot;string&quot;},&quot;name&quot;:&quot;Puff&quot;,&quot;photoUrls&quot;:[&quot;string&quot;],&quot;tags&quot;:[{&quot;id&quot;:0,&quot;name&quot;:&quot;string&quot;}],&quot;status&quot;:&quot;available&quot;},{&quot;id&quot;:4234324,&quot;category&quot;:{&quot;id&quot;:2332434,&quot;name&quot;:&quot;string&quot;},&quot;name&quot;:&quot;do235454634ie&quot;,&quot;photoUrls&quot;:[&quot;string&quot;],&quot;tags&quot;:[{&quot;id&quot;:24332543534,&quot;name&quot;:&quot;string&quot;}],&quot;status&quot;:&quot;available&quot;},{&quot;id&quot;:9223372036854772573,&quot;category&quot;:{&quot;id&quot;:0,&quot;name&quot;:&quot;string&quot;},&quot;name&quot;:&quot;doggie&quot;,&quot;photoUrls&quot;:[&quot;string&quot;],&quot;tags&quot;:[{&quot;id&quot;:0,&quot;name&quot;:&quot;string&quot;}],&quot;status&quot;:&quot;available&quot;},{&quot;id&quot;:9223372036854772574,&quot;category&quot;:{&quot;id&quot;:0,&quot;name&quot;:&quot;string&quot;},&quot;name&quot;:&quot;doggie&quot;,&quot;photoUrls&quot;:[&quot;string&quot;],&quot;tags&quot;:[{&quot;id&quot;:0,&quot;name&quot;:&quot;string&quot;}],&quot;status&quot;:&quot;available&quot;},{&quot;id&quot;:9223372036854772575,&quot;category&quot;:{&quot;id&quot;:0,&quot;name&quot;:&quot;string&quot;},&quot;name&quot;:&quot;fish&quot;,&quot;photoUrls&quot;:[&quot;string&quot;],&quot;tags&quot;:[{&quot;id&quot;:0,&quot;name&quot;:&quot;string&quot;}],&quot;status&quot;:&quot;available&quot;},{&quot;id&quot;:9223372036854772582,&quot;category&quot;:{&quot;id&quot;:0,&quot;name&quot;:&quot;string&quot;},&quot;name&quot;:&quot;fish&quot;,&quot;photoUrls&quot;:[&quot;string&quot;],&quot;tags&quot;:[{&quot;id&quot;:0,&quot;name&quot;:&quot;string&quot;}],&quot;status&quot;:&quot;available&quot;},{&quot;id&quot;:12345,&quot;category&quot;:{&quot;id&quot;:1,&quot;name&quot;:&quot;DOGSSSSSSS&quot;},&quot;name&quot;:&quot;LEO&quot;,&quot;photoUrls&quot;:[&quot;https://img.freepik.com/free-photo/white-dog_95678-1.jpg?w=360&amp;t=st=1699368373~exp=1699368973~hmac=c86be60a4a7b8ef8be51c32f41ba40bef6108e5c9fd6d92742b6742f974c7431&quot;],&quot;tags&quot;:[{&quot;id&quot;:1,&quot;name&quot;:&quot;Wednesday&quot;}],&quot;status&quot;:&quot;available&quot;},{&quot;id&quot;:9223372036854772588,&quot;category&quot;:{&quot;id&quot;:0,&quot;name&quot;:&quot;Pomeranian&quot;},&quot;name&quot;:&quot;Yeontn&quot;,&quot;photoUrls&quot;:[&quot;https://www.google.com/url?sa=i&amp;url=https%3A%2F%2Fwikibio.in%2Fyeontan%2F&amp;psig=AOvVaw0UdJeOGlk-jKSOtT-nplW1&amp;ust=1682581409377000&amp;source=images&amp;cd=vfe&amp;ved=0CA4QjRxqFwoTCMCQvJiuyP4CFQAAAAAdAAAAABAI&quot;],&quot;tags&quot;:[{&quot;id&quot;:0,&quot;name&quot;:&quot;Dog&quot;}],&quot;status&quot;:&quot;available&quot;},{&quot;id&quot;:11459690,&quot;category&quot;:{&quot;id&quot;:0,&quot;name&quot;:&quot;string&quot;},&quot;name&quot;:&quot;Sima&quot;,&quot;photoUrls&quot;:[&quot;string&quot;],&quot;tags&quot;:[{&quot;id&quot;:0,&quot;name&quot;:&quot;string&quot;}],&quot;status&quot;:&quot;available&quot;},{&quot;id&quot;:9223372036854772607,&quot;category&quot;:{&quot;id&quot;:0,&quot;name&quot;:&quot;string&quot;},&quot;name&quot;:&quot;doggie&quot;,&quot;photoUrls&quot;:[&quot;string&quot;],&quot;tags&quot;:[{&quot;id&quot;:0,&quot;name&quot;:&quot;string&quot;}],&quot;status&quot;:&quot;available&quot;},{&quot;id&quot;:9223372036854772616,&quot;category&quot;:{&quot;id&quot;:0,&quot;name&quot;:&quot;string&quot;},&quot;name&quot;:&quot;fish&quot;,&quot;photoUrls&quot;:[&quot;string&quot;],&quot;tags&quot;:[{&quot;id&quot;:0,&quot;name&quot;:&quot;string&quot;}],&quot;status&quot;:&quot;available&quot;},{&quot;id&quot;:9223372036854772618,&quot;category&quot;:{&quot;id&quot;:0,&quot;name&quot;:&quot;string&quot;},&quot;name&quot;:&quot;doggie&quot;,&quot;photoUrls&quot;:[&quot;string&quot;],&quot;tags&quot;:[{&quot;id&quot;:0,&quot;name&quot;:&quot;string&quot;}],&quot;status&quot;:&quot;available&quot;},{&quot;id&quot;:9223372036854772619,&quot;category&quot;:{&quot;id&quot;:0,&quot;name&quot;:&quot;string&quot;},&quot;name&quot;:&quot;doggie&quot;,&quot;photoUrls&quot;:[&quot;string&quot;],&quot;tags&quot;:[{&quot;id&quot;:0,&quot;name&quot;:&quot;string&quot;}],&quot;status&quot;:&quot;available&quot;},{&quot;id&quot;:9223372036854772620,&quot;category&quot;:{&quot;id&quot;:0,&quot;name&quot;:&quot;string&quot;},&quot;name&quot;:&quot;fish&quot;,&quot;photoUrls&quot;:[&quot;string&quot;],&quot;tags&quot;:[{&quot;id&quot;:0,&quot;name&quot;:&quot;string&quot;}],&quot;status&quot;:&quot;available&quot;},{&quot;id&quot;:9223372036854772625,&quot;category&quot;:{&quot;id&quot;:0,&quot;name&quot;:&quot;string&quot;},&quot;name&quot;:&quot;Puff&quot;,&quot;photoUrls&quot;:[&quot;string&quot;],&quot;tags&quot;:[{&quot;id&quot;:0,&quot;name&quot;:&quot;string&quot;}],&quot;status&quot;:&quot;available&quot;},{&quot;id&quot;:9223372036854772626,&quot;category&quot;:{&quot;id&quot;:0,&quot;name&quot;:&quot;string&quot;},&quot;name&quot;:&quot;fish&quot;,&quot;photoUrls&quot;:[&quot;string&quot;],&quot;tags&quot;:[{&quot;id&quot;:0,&quot;name&quot;:&quot;string&quot;}],&quot;status&quot;:&quot;available&quot;},{&quot;id&quot;:9223372036854772627,&quot;category&quot;:{&quot;id&quot;:0,&quot;name&quot;:&quot;string&quot;},&quot;name&quot;:&quot;doggie&quot;,&quot;photoUrls&quot;:[&quot;string&quot;],&quot;tags&quot;:[{&quot;id&quot;:0,&quot;name&quot;:&quot;string&quot;}],&quot;status&quot;:&quot;available&quot;},{&quot;id&quot;:9223372036854772637,&quot;category&quot;:{&quot;id&quot;:0,&quot;name&quot;:&quot;string&quot;},&quot;name&quot;:&quot;doggie&quot;,&quot;photoUrls&quot;:[&quot;string&quot;],&quot;tags&quot;:[{&quot;id&quot;:0,&quot;name&quot;:&quot;string&quot;}],&quot;status&quot;:&quot;available&quot;},{&quot;id&quot;:9223372036854772638,&quot;category&quot;:{&quot;id&quot;:0,&quot;name&quot;:&quot;string&quot;},&quot;name&quot;:&quot;doggie&quot;,&quot;photoUrls&quot;:[&quot;string&quot;],&quot;tags&quot;:[{&quot;id&quot;:0,&quot;name&quot;:&quot;string&quot;}],&quot;status&quot;:&quot;available&quot;},{&quot;id&quot;:864,&quot;category&quot;:{&quot;id&quot;:740,&quot;name&quot;:&quot;Rex&quot;},&quot;name&quot;:&quot;Arlene&quot;,&quot;tags&quot;:[{&quot;id&quot;:768,&quot;name&quot;:&quot;Susie&quot;},{&quot;id&quot;:442,&quot;name&quot;:&quot;Bala&quot;}],&quot;status&quot;:&quot;available&quot;},{&quot;id&quot;:9223372036854772639,&quot;category&quot;:{&quot;id&quot;:0,&quot;name&quot;:&quot;string&quot;},&quot;name&quot;:&quot;doggie&quot;,&quot;photoUrls&quot;:[&quot;string&quot;],&quot;tags&quot;:[{&quot;id&quot;:0,&quot;name&quot;:&quot;string&quot;}],&quot;status&quot;:&quot;available&quot;},{&quot;id&quot;:9223372036854772640,&quot;category&quot;:{&quot;id&quot;:0,&quot;name&quot;:&quot;string&quot;},&quot;name&quot;:&quot;doggie&quot;,&quot;photoUrls&quot;:[&quot;string&quot;],&quot;tags&quot;:[{&quot;id&quot;:0,&quot;name&quot;:&quot;string&quot;}],&quot;status&quot;:&quot;available&quot;},{&quot;id&quot;:9223372036854772643,&quot;category&quot;:{&quot;id&quot;:0,&quot;name&quot;:&quot;string&quot;},&quot;name&quot;:&quot;fish&quot;,&quot;photoUrls&quot;:[&quot;string&quot;],&quot;tags&quot;:[{&quot;id&quot;:0,&quot;name&quot;:&quot;string&quot;}],&quot;status&quot;:&quot;available&quot;},{&quot;id&quot;:9223372036854772644,&quot;category&quot;:{&quot;id&quot;:0,&quot;name&quot;:&quot;string&quot;},&quot;name&quot;:&quot;fish&quot;,&quot;photoUrls&quot;:[&quot;string&quot;],&quot;tags&quot;:[{&quot;id&quot;:0,&quot;name&quot;:&quot;string&quot;}],&quot;status&quot;:&quot;available&quot;},{&quot;id&quot;:9223372036854772645,&quot;category&quot;:{&quot;id&quot;:0,&quot;name&quot;:&quot;string&quot;},&quot;name&quot;:&quot;fish&quot;,&quot;photoUrls&quot;:[&quot;string&quot;],&quot;tags&quot;:[{&quot;id&quot;:0,&quot;name&quot;:&quot;string&quot;}],&quot;status&quot;:&quot;available&quot;},{&quot;id&quot;:9223372036854772646,&quot;category&quot;:{&quot;id&quot;:0,&quot;name&quot;:&quot;string&quot;},&quot;name&quot;:&quot;fish&quot;,&quot;photoUrls&quot;:[&quot;string&quot;],&quot;tags&quot;:[{&quot;id&quot;:0,&quot;name&quot;:&quot;string&quot;}],&quot;status&quot;:&quot;available&quot;},{&quot;id&quot;:9223372036854772647,&quot;category&quot;:{&quot;id&quot;:0,&quot;name&quot;:&quot;string&quot;},&quot;name&quot;:&quot;doggie&quot;,&quot;photoUrls&quot;:[&quot;string&quot;],&quot;tags&quot;:[{&quot;id&quot;:0,&quot;name&quot;:&quot;string&quot;}],&quot;status&quot;:&quot;available&quot;},{&quot;id&quot;:12121,&quot;category&quot;:{&quot;id&quot;:0,&quot;name&quot;:&quot;string&quot;},&quot;name&quot;:&quot;TestPetName&quot;,&quot;photoUrls&quot;:[&quot;string&quot;],&quot;tags&quot;:[{&quot;id&quot;:0,&quot;name&quot;:&quot;string&quot;}],&quot;status&quot;:&quot;available&quot;},{&quot;id&quot;:2731785851747841525,&quot;category&quot;:{&quot;id&quot;:-369044345112586921,&quot;name&quot;:&quot;Baby&quot;},&quot;name&quot;:&quot;Kyle&quot;,&quot;tags&quot;:[{&quot;id&quot;:293851695555700277,&quot;name&quot;:&quot;Susie&quot;},{&quot;id&quot;:1147529821073077700,&quot;name&quot;:&quot;Bala&quot;}],&quot;status&quot;:&quot;available&quot;},{&quot;id&quot;:9223372036854772654,&quot;category&quot;:{&quot;id&quot;:0,&quot;name&quot;:&quot;string&quot;},&quot;name&quot;:&quot;doggie&quot;,&quot;photoUrls&quot;:[&quot;string&quot;],&quot;tags&quot;:[{&quot;id&quot;:0,&quot;name&quot;:&quot;string&quot;}],&quot;status&quot;:&quot;available&quot;},{&quot;id&quot;:1167866249325171330,&quot;category&quot;:{&quot;id&quot;:-2618686607336321599,&quot;name&quot;:&quot;Marley&quot;},&quot;name&quot;:&quot;Willy&quot;,&quot;tags&quot;:[{&quot;id&quot;:2219958759284263739,&quot;name&quot;:&quot;Susie&quot;},{&quot;id&quot;:-2845963025041499998,&quot;name&quot;:&quot;Bala&quot;}],&quot;status&quot;:&quot;available&quot;},{&quot;id&quot;:9223372036854772685,&quot;category&quot;:{&quot;id&quot;:0,&quot;name&quot;:&quot;string&quot;},&quot;name&quot;:&quot;doggie&quot;,&quot;photoUrls&quot;:[&quot;string&quot;],&quot;tags&quot;:[{&quot;id&quot;:0,&quot;name&quot;:&quot;string&quot;}],&quot;status&quot;:&quot;available&quot;},{&quot;id&quot;:9223372036854772686,&quot;category&quot;:{&quot;id&quot;:0,&quot;name&quot;:&quot;string&quot;},&quot;name&quot;:&quot;fish&quot;,&quot;photoUrls&quot;:[&quot;string&quot;],&quot;tags&quot;:[{&quot;id&quot;:0,&quot;name&quot;:&quot;string&quot;}],&quot;status&quot;:&quot;available&quot;},{&quot;id&quot;:9223372036854772687,&quot;category&quot;:{&quot;id&quot;:0,&quot;name&quot;:&quot;string&quot;},&quot;name&quot;:&quot;doggie&quot;,&quot;photoUrls&quot;:[&quot;string&quot;],&quot;tags&quot;:[{&quot;id&quot;:0,&quot;name&quot;:&quot;string&quot;}],&quot;status&quot;:&quot;available&quot;},{&quot;id&quot;:9223372036854772688,&quot;category&quot;:{&quot;id&quot;:0,&quot;name&quot;:&quot;string&quot;},&quot;name&quot;:&quot;doggie&quot;,&quot;photoUrls&quot;:[&quot;string&quot;],&quot;tags&quot;:[{&quot;id&quot;:0,&quot;name&quot;:&quot;string&quot;}],&quot;status&quot;:&quot;available&quot;},{&quot;id&quot;:9223372036854772689,&quot;category&quot;:{&quot;id&quot;:0,&quot;name&quot;:&quot;string&quot;},&quot;name&quot;:&quot;fish&quot;,&quot;photoUrls&quot;:[&quot;string&quot;],&quot;tags&quot;:[{&quot;id&quot;:0,&quot;name&quot;:&quot;string&quot;}],&quot;status&quot;:&quot;available&quot;},{&quot;id&quot;:9223372036854772690,&quot;category&quot;:{&quot;id&quot;:0,&quot;name&quot;:&quot;string&quot;},&quot;name&quot;:&quot;Puff&quot;,&quot;photoUrls&quot;:[&quot;string&quot;],&quot;tags&quot;:[{&quot;id&quot;:0,&quot;name&quot;:&quot;string&quot;}],&quot;status&quot;:&quot;available&quot;},{&quot;id&quot;:9223372036854772691,&quot;category&quot;:{&quot;id&quot;:0,&quot;name&quot;:&quot;string&quot;},&quot;name&quot;:&quot;doggie&quot;,&quot;photoUrls&quot;:[&quot;string&quot;],&quot;tags&quot;:[{&quot;id&quot;:0,&quot;name&quot;:&quot;string&quot;}],&quot;status&quot;:&quot;available&quot;},{&quot;id&quot;:9223372036854772692,&quot;category&quot;:{&quot;id&quot;:0,&quot;name&quot;:&quot;string&quot;},&quot;name&quot;:&quot;doggie&quot;,&quot;photoUrls&quot;:[&quot;string&quot;],&quot;tags&quot;:[{&quot;id&quot;:0,&quot;name&quot;:&quot;string&quot;}],&quot;status&quot;:&quot;available&quot;},{&quot;id&quot;:9223372036854772696,&quot;category&quot;:{&quot;id&quot;:0,&quot;name&quot;:&quot;string&quot;},&quot;name&quot;:&quot;fish&quot;,&quot;photoUrls&quot;:[&quot;string&quot;],&quot;tags&quot;:[{&quot;id&quot;:0,&quot;name&quot;:&quot;string&quot;}],&quot;status&quot;:&quot;available&quot;},{&quot;id&quot;:9223372036854772699,&quot;category&quot;:{&quot;id&quot;:0,&quot;name&quot;:&quot;string&quot;},&quot;name&quot;:&quot;fish&quot;,&quot;photoUrls&quot;:[&quot;string&quot;],&quot;tags&quot;:[{&quot;id&quot;:0,&quot;name&quot;:&quot;string&quot;}],&quot;status&quot;:&quot;available&quot;},{&quot;id&quot;:1357077878923375891,&quot;category&quot;:{&quot;id&quot;:-3164105990938505381,&quot;name&quot;:&quot;Dixie&quot;},&quot;name&quot;:&quot;Delbert&quot;,&quot;tags&quot;:[{&quot;id&quot;:-3041229220609471000,&quot;name&quot;:&quot;Susie&quot;},{&quot;id&quot;:-8898933624894710235,&quot;name&quot;:&quot;Bala&quot;}],&quot;status&quot;:&quot;available&quot;},{&quot;id&quot;:9223372036854772702,&quot;category&quot;:{&quot;id&quot;:0,&quot;name&quot;:&quot;string&quot;},&quot;name&quot;:&quot;doggie&quot;,&quot;photoUrls&quot;:[&quot;string&quot;],&quot;tags&quot;:[{&quot;id&quot;:0,&quot;name&quot;:&quot;string&quot;}],&quot;status&quot;:&quot;available&quot;},{&quot;id&quot;:9223372036854772710,&quot;category&quot;:{&quot;id&quot;:-6943399109936151751,&quot;name&quot;:&quot;Zoey&quot;},&quot;name&quot;:&quot;Misha&quot;,&quot;tags&quot;:[{&quot;id&quot;:1404970337333052497,&quot;name&quot;:&quot;Susie&quot;},{&quot;id&quot;:4505065950873745400,&quot;name&quot;:&quot;Bala&quot;}],&quot;status&quot;:&quot;available&quot;},{&quot;id&quot;:9223372036854772726,&quot;category&quot;:{&quot;id&quot;:0,&quot;name&quot;:&quot;string&quot;},&quot;name&quot;:&quot;fish&quot;,&quot;photoUrls&quot;:[&quot;string&quot;],&quot;tags&quot;:[{&quot;id&quot;:0,&quot;name&quot;:&quot;string&quot;}],&quot;status&quot;:&quot;available&quot;},{&quot;id&quot;:9223372036854772730,&quot;category&quot;:{&quot;id&quot;:0,&quot;name&quot;:&quot;string&quot;},&quot;name&quot;:&quot;doggie&quot;,&quot;photoUrls&quot;:[&quot;string&quot;],&quot;tags&quot;:[{&quot;id&quot;:0,&quot;name&quot;:&quot;string&quot;}],&quot;status&quot;:&quot;available&quot;},{&quot;id&quot;:9223372036854772731,&quot;category&quot;:{&quot;id&quot;:0,&quot;name&quot;:&quot;string&quot;},&quot;name&quot;:&quot;doggie&quot;,&quot;photoUrls&quot;:[&quot;string&quot;],&quot;tags&quot;:[{&quot;id&quot;:0,&quot;name&quot;:&quot;string&quot;}],&quot;status&quot;:&quot;available&quot;},{&quot;id&quot;:9223372036854772732,&quot;category&quot;:{&quot;id&quot;:0,&quot;name&quot;:&quot;string&quot;},&quot;name&quot;:&quot;doggie&quot;,&quot;photoUrls&quot;:[&quot;string&quot;],&quot;tags&quot;:[{&quot;id&quot;:0,&quot;name&quot;:&quot;string&quot;}],&quot;status&quot;:&quot;available&quot;},{&quot;id&quot;:9223372036854772733,&quot;category&quot;:{&quot;id&quot;:0,&quot;name&quot;:&quot;string&quot;},&quot;name&quot;:&quot;doggie&quot;,&quot;photoUrls&quot;:[&quot;string&quot;],&quot;tags&quot;:[{&quot;id&quot;:0,&quot;name&quot;:&quot;string&quot;}],&quot;status&quot;:&quot;available&quot;},{&quot;id&quot;:9223372036854772734,&quot;category&quot;:{&quot;id&quot;:0,&quot;name&quot;:&quot;string&quot;},&quot;name&quot;:&quot;fish&quot;,&quot;photoUrls&quot;:[&quot;string&quot;],&quot;tags&quot;:[{&quot;id&quot;:0,&quot;name&quot;:&quot;string&quot;}],&quot;status&quot;:&quot;available&quot;},{&quot;id&quot;:9223372036854772735,&quot;category&quot;:{&quot;id&quot;:0,&quot;name&quot;:&quot;string&quot;},&quot;name&quot;:&quot;fish&quot;,&quot;photoUrls&quot;:[&quot;string&quot;],&quot;tags&quot;:[{&quot;id&quot;:0,&quot;name&quot;:&quot;string&quot;}],&quot;status&quot;:&quot;available&quot;},{&quot;id&quot;:9223372036854772736,&quot;category&quot;:{&quot;id&quot;:0,&quot;name&quot;:&quot;string&quot;},&quot;name&quot;:&quot;doggie&quot;,&quot;photoUrls&quot;:[&quot;string&quot;],&quot;tags&quot;:[{&quot;id&quot;:0,&quot;name&quot;:&quot;string&quot;}],&quot;status&quot;:&quot;available&quot;},{&quot;id&quot;:9223372036854772737,&quot;category&quot;:{&quot;id&quot;:0,&quot;name&quot;:&quot;string&quot;},&quot;name&quot;:&quot;Puff&quot;,&quot;photoUrls&quot;:[&quot;string&quot;],&quot;tags&quot;:[{&quot;id&quot;:0,&quot;name&quot;:&quot;string&quot;}],&quot;status&quot;:&quot;available&quot;},{&quot;id&quot;:9223372036854772738,&quot;category&quot;:{&quot;id&quot;:0,&quot;name&quot;:&quot;string&quot;},&quot;name&quot;:&quot;doggie&quot;,&quot;photoUrls&quot;:[&quot;string&quot;],&quot;tags&quot;:[{&quot;id&quot;:0,&quot;name&quot;:&quot;string&quot;}],&quot;status&quot;:&quot;available&quot;},{&quot;id&quot;:9223372036854772739,&quot;category&quot;:{&quot;id&quot;:0,&quot;name&quot;:&quot;string&quot;},&quot;name&quot;:&quot;doggie&quot;,&quot;photoUrls&quot;:[&quot;string&quot;],&quot;tags&quot;:[{&quot;id&quot;:0,&quot;name&quot;:&quot;string&quot;}],&quot;status&quot;:&quot;available&quot;},{&quot;id&quot;:9223372036854772743,&quot;category&quot;:{&quot;id&quot;:0,&quot;name&quot;:&quot;string&quot;},&quot;name&quot;:&quot;fish&quot;,&quot;photoUrls&quot;:[&quot;string&quot;],&quot;tags&quot;:[{&quot;id&quot;:0,&quot;name&quot;:&quot;string&quot;}],&quot;status&quot;:&quot;available&quot;},{&quot;id&quot;:9223372036854772745,&quot;category&quot;:{&quot;id&quot;:0,&quot;name&quot;:&quot;string&quot;},&quot;name&quot;:&quot;fish&quot;,&quot;photoUrls&quot;:[&quot;string&quot;],&quot;tags&quot;:[{&quot;id&quot;:0,&quot;name&quot;:&quot;string&quot;}],&quot;status&quot;:&quot;available&quot;},{&quot;id&quot;:9223372036854772747,&quot;category&quot;:{&quot;id&quot;:0,&quot;name&quot;:&quot;string&quot;},&quot;name&quot;:&quot;fish&quot;,&quot;photoUrls&quot;:[&quot;string&quot;],&quot;tags&quot;:[{&quot;id&quot;:0,&quot;name&quot;:&quot;string&quot;}],&quot;status&quot;:&quot;available&quot;},{&quot;id&quot;:9223372036854772748,&quot;category&quot;:{&quot;id&quot;:0,&quot;name&quot;:&quot;string&quot;},&quot;name&quot;:&quot;fish&quot;,&quot;photoUrls&quot;:[&quot;string&quot;],&quot;tags&quot;:[{&quot;id&quot;:0,&quot;name&quot;:&quot;string&quot;}],&quot;status&quot;:&quot;available&quot;},{&quot;id&quot;:9223372036854772753,&quot;category&quot;:{&quot;id&quot;:0,&quot;name&quot;:&quot;string&quot;},&quot;name&quot;:&quot;doggie&quot;,&quot;photoUrls&quot;:[&quot;string&quot;],&quot;tags&quot;:[{&quot;id&quot;:0,&quot;name&quot;:&quot;string&quot;}],&quot;status&quot;:&quot;available&quot;},{&quot;id&quot;:9223372036854772767,&quot;category&quot;:{&quot;id&quot;:0,&quot;name&quot;:&quot;string&quot;},&quot;name&quot;:&quot;doggie&quot;,&quot;photoUrls&quot;:[&quot;string&quot;],&quot;tags&quot;:[{&quot;id&quot;:0,&quot;name&quot;:&quot;string&quot;}],&quot;status&quot;:&quot;available&quot;},{&quot;id&quot;:9223372036854772787,&quot;category&quot;:{&quot;id&quot;:0,&quot;name&quot;:&quot;string&quot;},&quot;name&quot;:&quot;doggie&quot;,&quot;photoUrls&quot;:[&quot;string&quot;],&quot;tags&quot;:[{&quot;id&quot;:0,&quot;name&quot;:&quot;string&quot;}],&quot;status&quot;:&quot;available&quot;},{&quot;id&quot;:9223372036854772788,&quot;category&quot;:{&quot;id&quot;:-3505326546970156199,&quot;name&quot;:&quot;Bo&quot;},&quot;name&quot;:&quot;Magdalena&quot;,&quot;tags&quot;:[{&quot;id&quot;:3869240463516222027,&quot;name&quot;:&quot;Susie&quot;},{&quot;id&quot;:4980000341899865664,&quot;name&quot;:&quot;Bala&quot;}],&quot;status&quot;:&quot;available&quot;},{&quot;id&quot;:9223372036854772789,&quot;category&quot;:{&quot;id&quot;:0,&quot;name&quot;:&quot;string&quot;},&quot;name&quot;:&quot;doggie&quot;,&quot;photoUrls&quot;:[&quot;string&quot;],&quot;tags&quot;:[{&quot;id&quot;:0,&quot;name&quot;:&quot;string&quot;}],&quot;status&quot;:&quot;available&quot;},{&quot;id&quot;:9223372036854772790,&quot;category&quot;:{&quot;id&quot;:0,&quot;name&quot;:&quot;string&quot;},&quot;name&quot;:&quot;doggie&quot;,&quot;photoUrls&quot;:[&quot;string&quot;],&quot;tags&quot;:[{&quot;id&quot;:0,&quot;name&quot;:&quot;string&quot;}],&quot;status&quot;:&quot;available&quot;},{&quot;id&quot;:9223372036854772791,&quot;category&quot;:{&quot;id&quot;:0,&quot;name&quot;:&quot;string&quot;},&quot;name&quot;:&quot;fish&quot;,&quot;photoUrls&quot;:[&quot;string&quot;],&quot;tags&quot;:[{&quot;id&quot;:0,&quot;name&quot;:&quot;string&quot;}],&quot;status&quot;:&quot;available&quot;},{&quot;id&quot;:9223372036854772792,&quot;category&quot;:{&quot;id&quot;:0,&quot;name&quot;:&quot;string&quot;},&quot;name&quot;:&quot;fish&quot;,&quot;photoUrls&quot;:[&quot;string&quot;],&quot;tags&quot;:[{&quot;id&quot;:0,&quot;name&quot;:&quot;string&quot;}],&quot;status&quot;:&quot;available&quot;},{&quot;id&quot;:9223372036854772793,&quot;category&quot;:{&quot;id&quot;:0,&quot;name&quot;:&quot;string&quot;},&quot;name&quot;:&quot;doggie&quot;,&quot;photoUrls&quot;:[&quot;string&quot;],&quot;tags&quot;:[{&quot;id&quot;:0,&quot;name&quot;:&quot;string&quot;}],&quot;status&quot;:&quot;available&quot;},{&quot;id&quot;:9223372036854772794,&quot;category&quot;:{&quot;id&quot;:-3452435546586359100,&quot;name&quot;:&quot;Roxie&quot;},&quot;name&quot;:&quot;Desmond&quot;,&quot;tags&quot;:[{&quot;id&quot;:8074050812767073263,&quot;name&quot;:&quot;Susie&quot;},{&quot;id&quot;:-8386313176414478390,&quot;name&quot;:&quot;Bala&quot;}],&quot;status&quot;:&quot;available&quot;},{&quot;id&quot;:9223372036854772795,&quot;category&quot;:{&quot;id&quot;:0,&quot;name&quot;:&quot;string&quot;},&quot;name&quot;:&quot;Puff&quot;,&quot;photoUrls&quot;:[&quot;string&quot;],&quot;tags&quot;:[{&quot;id&quot;:0,&quot;name&quot;:&quot;string&quot;}],&quot;status&quot;:&quot;available&quot;},{&quot;id&quot;:9223372036854772796,&quot;category&quot;:{&quot;id&quot;:0,&quot;name&quot;:&quot;string&quot;},&quot;name&quot;:&quot;doggie&quot;,&quot;photoUrls&quot;:[&quot;string&quot;],&quot;tags&quot;:[{&quot;id&quot;:0,&quot;name&quot;:&quot;string&quot;}],&quot;status&quot;:&quot;available&quot;},{&quot;id&quot;:9223372036854772797,&quot;category&quot;:{&quot;id&quot;:0,&quot;name&quot;:&quot;string&quot;},&quot;name&quot;:&quot;doggie&quot;,&quot;photoUrls&quot;:[&quot;string&quot;],&quot;tags&quot;:[{&quot;id&quot;:0,&quot;name&quot;:&quot;string&quot;}],&quot;status&quot;:&quot;available&quot;},{&quot;id&quot;:9223372036854772798,&quot;category&quot;:{&quot;id&quot;:0,&quot;name&quot;:&quot;string&quot;},&quot;name&quot;:&quot;fish&quot;,&quot;photoUrls&quot;:[&quot;string&quot;],&quot;tags&quot;:[{&quot;id&quot;:0,&quot;name&quot;:&quot;string&quot;}],&quot;status&quot;:&quot;available&quot;},{&quot;id&quot;:9223372036854772802,&quot;category&quot;:{&quot;id&quot;:1,&quot;name&quot;:&quot;string&quot;},&quot;name&quot;:&quot;firulais&quot;,&quot;photoUrls&quot;:[&quot;string&quot;],&quot;tags&quot;:[{&quot;id&quot;:0,&quot;name&quot;:&quot;string&quot;}],&quot;status&quot;:&quot;available&quot;},{&quot;id&quot;:9223372036854772803,&quot;category&quot;:{&quot;id&quot;:0,&quot;name&quot;:&quot;parot&quot;},&quot;name&quot;:&quot;Tom&quot;,&quot;photoUrls&quot;:[&quot;string&quot;],&quot;tags&quot;:[{&quot;id&quot;:0,&quot;name&quot;:&quot;string&quot;}],&quot;status&quot;:&quot;available&quot;},{&quot;id&quot;:9223372036854772804,&quot;category&quot;:{&quot;id&quot;:0,&quot;name&quot;:&quot;string&quot;},&quot;name&quot;:&quot;fish&quot;,&quot;photoUrls&quot;:[&quot;string&quot;],&quot;tags&quot;:[{&quot;id&quot;:0,&quot;name&quot;:&quot;string&quot;}],&quot;status&quot;:&quot;available&quot;},{&quot;id&quot;:9223372036854772807,&quot;category&quot;:{&quot;id&quot;:0,&quot;name&quot;:&quot;string&quot;},&quot;name&quot;:&quot;doggie&quot;,&quot;photoUrls&quot;:[&quot;string&quot;],&quot;tags&quot;:[{&quot;id&quot;:0,&quot;name&quot;:&quot;string&quot;}],&quot;status&quot;:&quot;available&quot;},{&quot;id&quot;:9223372036854772811,&quot;category&quot;:{&quot;id&quot;:0,&quot;name&quot;:&quot;string&quot;},&quot;name&quot;:&quot;doggie&quot;,&quot;photoUrls&quot;:[&quot;string&quot;],&quot;tags&quot;:[{&quot;id&quot;:0,&quot;name&quot;:&quot;string&quot;}],&quot;status&quot;:&quot;available&quot;},{&quot;id&quot;:9223372036854772843,&quot;category&quot;:{&quot;id&quot;:0,&quot;name&quot;:&quot;string&quot;},&quot;name&quot;:&quot;doggie&quot;,&quot;photoUrls&quot;:[&quot;string&quot;],&quot;tags&quot;:[{&quot;id&quot;:0,&quot;name&quot;:&quot;string&quot;}],&quot;status&quot;:&quot;available&quot;},{&quot;id&quot;:9223372036854772848,&quot;category&quot;:{&quot;id&quot;:0,&quot;name&quot;:&quot;string&quot;},&quot;name&quot;:&quot;fish&quot;,&quot;photoUrls&quot;:[&quot;string&quot;],&quot;tags&quot;:[{&quot;id&quot;:0,&quot;name&quot;:&quot;string&quot;}],&quot;status&quot;:&quot;available&quot;},{&quot;id&quot;:9223372036854772850,&quot;category&quot;:{&quot;id&quot;:0,&quot;name&quot;:&quot;string&quot;},&quot;name&quot;:&quot;doggie&quot;,&quot;photoUrls&quot;:[&quot;string&quot;],&quot;tags&quot;:[{&quot;id&quot;:0,&quot;name&quot;:&quot;string&quot;}],&quot;status&quot;:&quot;available&quot;},{&quot;id&quot;:9223372036854772855,&quot;category&quot;:{&quot;id&quot;:0,&quot;name&quot;:&quot;string&quot;},&quot;name&quot;:&quot;akin&quot;,&quot;photoUrls&quot;:[&quot;string&quot;],&quot;tags&quot;:[{&quot;id&quot;:0,&quot;name&quot;:&quot;string&quot;}],&quot;status&quot;:&quot;available&quot;},{&quot;id&quot;:9223372036854772858,&quot;category&quot;:{&quot;id&quot;:0,&quot;name&quot;:&quot;string&quot;},&quot;name&quot;:&quot;bird&quot;,&quot;photoUrls&quot;:[&quot;string&quot;],&quot;tags&quot;:[{&quot;id&quot;:0,&quot;name&quot;:&quot;string&quot;}],&quot;status&quot;:&quot;available&quot;},{&quot;id&quot;:9223372036854772859,&quot;category&quot;:{&quot;id&quot;:0,&quot;name&quot;:&quot;string&quot;},&quot;name&quot;:&quot;doggie&quot;,&quot;photoUrls&quot;:[&quot;string&quot;],&quot;tags&quot;:[{&quot;id&quot;:0,&quot;name&quot;:&quot;string&quot;}],&quot;status&quot;:&quot;available&quot;},{&quot;id&quot;:9223372036854772860,&quot;category&quot;:{&quot;id&quot;:0,&quot;name&quot;:&quot;string&quot;},&quot;name&quot;:&quot;Hunderbar&quot;,&quot;photoUrls&quot;:[&quot;string&quot;],&quot;tags&quot;:[{&quot;id&quot;:0,&quot;name&quot;:&quot;string&quot;}],&quot;status&quot;:&quot;available&quot;},{&quot;id&quot;:9223372036854772861,&quot;category&quot;:{&quot;id&quot;:0,&quot;name&quot;:&quot;string&quot;},&quot;name&quot;:&quot;\uD83D\uDC23&quot;,&quot;photoUrls&quot;:[&quot;string&quot;],&quot;tags&quot;:[{&quot;id&quot;:0,&quot;name&quot;:&quot;string&quot;}],&quot;status&quot;:&quot;available&quot;},{&quot;id&quot;:9223372036854772862,&quot;category&quot;:{&quot;id&quot;:0,&quot;name&quot;:&quot;string&quot;},&quot;name&quot;:&quot;bird\uD83D\uDC26&quot;,&quot;photoUrls&quot;:[&quot;string&quot;],&quot;tags&quot;:[{&quot;id&quot;:0,&quot;name&quot;:&quot;string&quot;}],&quot;status&quot;:&quot;available&quot;},{&quot;id&quot;:9223372036854772863,&quot;category&quot;:{&quot;id&quot;:0,&quot;name&quot;:&quot;string&quot;},&quot;name&quot;:&quot;birdieeee&quot;,&quot;photoUrls&quot;:[&quot;string&quot;],&quot;tags&quot;:[{&quot;id&quot;:0,&quot;name&quot;:&quot;string&quot;}],&quot;status&quot;:&quot;available&quot;},{&quot;id&quot;:9223372036854772864,&quot;category&quot;:{&quot;id&quot;:0,&quot;name&quot;:&quot;string&quot;},&quot;name&quot;:&quot;doggie&quot;,&quot;photoUrls&quot;:[&quot;string&quot;],&quot;tags&quot;:[{&quot;id&quot;:0,&quot;name&quot;:&quot;string&quot;}],&quot;status&quot;:&quot;available&quot;},{&quot;id&quot;:9223372036854772865,&quot;category&quot;:{&quot;id&quot;:0,&quot;name&quot;:&quot;string&quot;},&quot;name&quot;:&quot;something&quot;,&quot;photoUrls&quot;:[&quot;string&quot;],&quot;tags&quot;:[{&quot;id&quot;:0,&quot;name&quot;:&quot;string&quot;}],&quot;status&quot;:&quot;available&quot;},{&quot;id&quot;:9223372036854772866,&quot;category&quot;:{&quot;id&quot;:0,&quot;name&quot;:&quot;string&quot;},&quot;name&quot;:&quot;doggie&quot;,&quot;photoUrls&quot;:[&quot;string&quot;],&quot;tags&quot;:[{&quot;id&quot;:0,&quot;name&quot;:&quot;string&quot;}],&quot;status&quot;:&quot;available&quot;},{&quot;id&quot;:9223372036854772867,&quot;category&quot;:{&quot;id&quot;:0,&quot;name&quot;:&quot;string&quot;},&quot;name&quot;:&quot;doggie&quot;,&quot;photoUrls&quot;:[&quot;string&quot;],&quot;tags&quot;:[{&quot;id&quot;:0,&quot;name&quot;:&quot;string&quot;}],&quot;status&quot;:&quot;available&quot;},{&quot;id&quot;:9223372036854772868,&quot;category&quot;:{&quot;id&quot;:0,&quot;name&quot;:&quot;string&quot;},&quot;name&quot;:&quot;fish&quot;,&quot;photoUrls&quot;:[&quot;string&quot;],&quot;tags&quot;:[{&quot;id&quot;:0,&quot;name&quot;:&quot;string&quot;}],&quot;status&quot;:&quot;available&quot;},{&quot;id&quot;:9223372036854772869,&quot;category&quot;:{&quot;id&quot;:0,&quot;name&quot;:&quot;string&quot;},&quot;name&quot;:&quot;fish&quot;,&quot;photoUrls&quot;:[&quot;string&quot;],&quot;tags&quot;:[{&quot;id&quot;:0,&quot;name&quot;:&quot;string&quot;}],&quot;status&quot;:&quot;available&quot;},{&quot;id&quot;:9223372036854772870,&quot;category&quot;:{&quot;id&quot;:0,&quot;name&quot;:&quot;string&quot;},&quot;name&quot;:&quot;Puff&quot;,&quot;photoUrls&quot;:[&quot;string&quot;],&quot;tags&quot;:[{&quot;id&quot;:0,&quot;name&quot;:&quot;string&quot;}],&quot;status&quot;:&quot;available&quot;},{&quot;id&quot;:9223372036854772871,&quot;category&quot;:{&quot;id&quot;:0,&quot;name&quot;:&quot;string&quot;},&quot;name&quot;:&quot;doggie&quot;,&quot;photoUrls&quot;:[&quot;string&quot;],&quot;tags&quot;:[{&quot;id&quot;:0,&quot;name&quot;:&quot;string&quot;}],&quot;status&quot;:&quot;available&quot;},{&quot;id&quot;:9223372036854772872,&quot;category&quot;:{&quot;id&quot;:0,&quot;name&quot;:&quot;string&quot;},&quot;name&quot;:&quot;doggie&quot;,&quot;photoUrls&quot;:[&quot;string&quot;],&quot;tags&quot;:[{&quot;id&quot;:0,&quot;name&quot;:&quot;string&quot;}],&quot;status&quot;:&quot;available&quot;},{&quot;id&quot;:9223372036854772873,&quot;category&quot;:{&quot;id&quot;:0,&quot;name&quot;:&quot;string&quot;},&quot;name&quot;:&quot;doggie&quot;,&quot;photoUrls&quot;:[&quot;string&quot;],&quot;tags&quot;:[{&quot;id&quot;:0,&quot;name&quot;:&quot;string&quot;}],&quot;status&quot;:&quot;available&quot;},{&quot;id&quot;:9223372036854772874,&quot;category&quot;:{&quot;id&quot;:0,&quot;name&quot;:&quot;string&quot;},&quot;name&quot;:&quot;doggie&quot;,&quot;photoUrls&quot;:[&quot;string&quot;],&quot;tags&quot;:[{&quot;id&quot;:0,&quot;name&quot;:&quot;string&quot;}],&quot;status&quot;:&quot;available&quot;},{&quot;id&quot;:9223372036854772875,&quot;category&quot;:{&quot;id&quot;:0,&quot;name&quot;:&quot;string&quot;},&quot;name&quot;:&quot;doggie&quot;,&quot;photoUrls&quot;:[&quot;string&quot;],&quot;tags&quot;:[{&quot;id&quot;:0,&quot;name&quot;:&quot;string&quot;}],&quot;status&quot;:&quot;available&quot;},{&quot;id&quot;:8979789078978969,&quot;category&quot;:{&quot;id&quot;:-20476978,&quot;name&quot;:&quot;id occaecat est&quot;},&quot;name&quot;:&quot;doggie&quot;,&quot;photoUrls&quot;:[&quot;ad tempor id magna&quot;,&quot;Duis&quot;],&quot;tags&quot;:[{&quot;id&quot;:895601,&quot;name&quot;:&quot;magna ipsum&quot;},{&quot;id&quot;:86688648,&quot;name&quot;:&quot;quis voluptate&quot;}],&quot;status&quot;:&quot;available&quot;},{&quot;id&quot;:9223372036854772879,&quot;category&quot;:{&quot;id&quot;:0,&quot;name&quot;:&quot;string&quot;},&quot;name&quot;:&quot;fish&quot;,&quot;photoUrls&quot;:[&quot;string&quot;],&quot;tags&quot;:[{&quot;id&quot;:0,&quot;name&quot;:&quot;string&quot;}],&quot;status&quot;:&quot;available&quot;},{&quot;id&quot;:9223372036854772880,&quot;category&quot;:{&quot;id&quot;:0,&quot;name&quot;:&quot;string&quot;},&quot;name&quot;:&quot;fish&quot;,&quot;photoUrls&quot;:[&quot;string&quot;],&quot;tags&quot;:[{&quot;id&quot;:0,&quot;name&quot;:&quot;string&quot;}],&quot;status&quot;:&quot;available&quot;},{&quot;id&quot;:9223372036854772881,&quot;category&quot;:{&quot;id&quot;:0,&quot;name&quot;:&quot;string&quot;},&quot;name&quot;:&quot;fish&quot;,&quot;photoUrls&quot;:[&quot;string&quot;],&quot;tags&quot;:[{&quot;id&quot;:0,&quot;name&quot;:&quot;string&quot;}],&quot;status&quot;:&quot;available&quot;},{&quot;id&quot;:9223372036854772882,&quot;category&quot;:{&quot;id&quot;:0,&quot;name&quot;:&quot;string&quot;},&quot;name&quot;:&quot;fish&quot;,&quot;photoUrls&quot;:[&quot;string&quot;],&quot;tags&quot;:[{&quot;id&quot;:0,&quot;name&quot;:&quot;string&quot;}],&quot;status&quot;:&quot;available&quot;},{&quot;id&quot;:9223372036854772883,&quot;category&quot;:{&quot;id&quot;:0,&quot;name&quot;:&quot;string&quot;},&quot;name&quot;:&quot;fish&quot;,&quot;photoUrls&quot;:[&quot;string&quot;],&quot;tags&quot;:[{&quot;id&quot;:0,&quot;name&quot;:&quot;string&quot;}],&quot;status&quot;:&quot;available&quot;},{&quot;id&quot;:9223372036854772885,&quot;category&quot;:{&quot;id&quot;:0,&quot;name&quot;:&quot;string&quot;},&quot;name&quot;:&quot;doggie&quot;,&quot;photoUrls&quot;:[&quot;string&quot;],&quot;tags&quot;:[{&quot;id&quot;:0,&quot;name&quot;:&quot;string&quot;}],&quot;status&quot;:&quot;available&quot;},{&quot;id&quot;:9223372036854772887,&quot;name&quot;:&quot;doggie&quot;,&quot;photoUrls&quot;:[],&quot;tags&quot;:[],&quot;status&quot;:&quot;available&quot;},{&quot;id&quot;:9223372036854772888,&quot;category&quot;:{&quot;id&quot;:0,&quot;name&quot;:&quot;string&quot;},&quot;name&quot;:&quot;fish&quot;,&quot;photoUrls&quot;:[&quot;string&quot;],&quot;tags&quot;:[{&quot;id&quot;:0,&quot;name&quot;:&quot;string&quot;}],&quot;status&quot;:&quot;available&quot;},{&quot;id&quot;:9223372036854772889,&quot;category&quot;:{&quot;id&quot;:0,&quot;name&quot;:&quot;string&quot;},&quot;name&quot;:&quot;doggie&quot;,&quot;photoUrls&quot;:[&quot;string&quot;],&quot;tags&quot;:[{&quot;id&quot;:0,&quot;name&quot;:&quot;string&quot;}],&quot;status&quot;:&quot;available&quot;},{&quot;id&quot;:9223372036854772890,&quot;category&quot;:{&quot;id&quot;:0,&quot;name&quot;:&quot;string&quot;},&quot;name&quot;:&quot;doggie&quot;,&quot;photoUrls&quot;:[&quot;string&quot;],&quot;tags&quot;:[{&quot;id&quot;:0,&quot;name&quot;:&quot;string&quot;}],&quot;status&quot;:&quot;available&quot;},{&quot;id&quot;:9223372036854772895,&quot;category&quot;:{&quot;id&quot;:0,&quot;name&quot;:&quot;string&quot;},&quot;name&quot;:&quot;doggie&quot;,&quot;photoUrls&quot;:[&quot;string&quot;],&quot;tags&quot;:[{&quot;id&quot;:0,&quot;name&quot;:&quot;string&quot;}],&quot;status&quot;:&quot;available&quot;},{&quot;id&quot;:131,&quot;category&quot;:{&quot;id&quot;:0,&quot;name&quot;:&quot;dickey&quot;},&quot;name&quot;:&quot;doggie&quot;,&quot;photoUrls&quot;:[&quot;string&quot;],&quot;tags&quot;:[{&quot;id&quot;:100,&quot;name&quot;:&quot;bowman&quot;}],&quot;status&quot;:&quot;available&quot;},{&quot;id&quot;:9223372036854772923,&quot;category&quot;:{&quot;id&quot;:0,&quot;name&quot;:&quot;string&quot;},&quot;name&quot;:&quot;doggie&quot;,&quot;photoUrls&quot;:[&quot;string&quot;],&quot;tags&quot;:[{&quot;id&quot;:0,&quot;name&quot;:&quot;string&quot;}],&quot;status&quot;:&quot;available&quot;},{&quot;id&quot;:9223372036854772925,&quot;category&quot;:{&quot;id&quot;:0,&quot;name&quot;:&quot;string&quot;},&quot;name&quot;:&quot;fish&quot;,&quot;photoUrls&quot;:[&quot;string&quot;],&quot;tags&quot;:[{&quot;id&quot;:0,&quot;name&quot;:&quot;string&quot;}],&quot;status&quot;:&quot;available&quot;},{&quot;id&quot;:9223372036854772926,&quot;category&quot;:{&quot;id&quot;:0,&quot;name&quot;:&quot;string&quot;},&quot;name&quot;:&quot;doggie&quot;,&quot;photoUrls&quot;:[&quot;string&quot;],&quot;tags&quot;:[{&quot;id&quot;:0,&quot;name&quot;:&quot;string&quot;}],&quot;status&quot;:&quot;available&quot;},{&quot;id&quot;:132,&quot;category&quot;:{&quot;id&quot;:0,&quot;name&quot;:&quot;dickey&quot;},&quot;name&quot;:&quot;doggie&quot;,&quot;photoUrls&quot;:[&quot;string&quot;],&quot;tags&quot;:[{&quot;id&quot;:100,&quot;name&quot;:&quot;bowman&quot;}],&quot;status&quot;:&quot;available&quot;},{&quot;id&quot;:9223372036854772927,&quot;category&quot;:{&quot;id&quot;:0,&quot;name&quot;:&quot;string&quot;},&quot;name&quot;:&quot;doggie&quot;,&quot;photoUrls&quot;:[&quot;string&quot;],&quot;tags&quot;:[{&quot;id&quot;:0,&quot;name&quot;:&quot;string&quot;}],&quot;status&quot;:&quot;available&quot;},{&quot;id&quot;:9223372036854772928,&quot;category&quot;:{&quot;id&quot;:0,&quot;name&quot;:&quot;string&quot;},&quot;name&quot;:&quot;fish&quot;,&quot;photoUrls&quot;:[&quot;string&quot;],&quot;tags&quot;:[{&quot;id&quot;:0,&quot;name&quot;:&quot;string&quot;}],&quot;status&quot;:&quot;available&quot;},{&quot;id&quot;:134,&quot;category&quot;:{&quot;id&quot;:0,&quot;name&quot;:&quot;dickey&quot;},&quot;name&quot;:&quot;doggie&quot;,&quot;photoUrls&quot;:[&quot;string&quot;],&quot;tags&quot;:[{&quot;id&quot;:100,&quot;name&quot;:&quot;bowman&quot;}],&quot;status&quot;:&quot;available&quot;},{&quot;id&quot;:9223372036854772929,&quot;category&quot;:{&quot;id&quot;:0,&quot;name&quot;:&quot;string&quot;},&quot;name&quot;:&quot;Puff&quot;,&quot;photoUrls&quot;:[&quot;string&quot;],&quot;tags&quot;:[{&quot;id&quot;:0,&quot;name&quot;:&quot;string&quot;}],&quot;status&quot;:&quot;available&quot;},{&quot;id&quot;:9223372036854772930,&quot;category&quot;:{&quot;id&quot;:0,&quot;name&quot;:&quot;Cat&quot;},&quot;name&quot;:&quot;Dog&quot;,&quot;photoUrls&quot;:[&quot;string&quot;],&quot;tags&quot;:[{&quot;id&quot;:0,&quot;name&quot;:&quot;string&quot;}],&quot;status&quot;:&quot;available&quot;},{&quot;id&quot;:9223372036854772931,&quot;category&quot;:{&quot;id&quot;:0,&quot;name&quot;:&quot;Dog&quot;},&quot;name&quot;:&quot;Cat&quot;,&quot;photoUrls&quot;:[&quot;string&quot;],&quot;tags&quot;:[{&quot;id&quot;:0,&quot;name&quot;:&quot;string&quot;}],&quot;status&quot;:&quot;available&quot;},{&quot;id&quot;:9223372036854772932,&quot;category&quot;:{&quot;id&quot;:0,&quot;name&quot;:&quot;Cat&quot;},&quot;name&quot;:&quot;Dog&quot;,&quot;photoUrls&quot;:[&quot;string&quot;],&quot;tags&quot;:[{&quot;id&quot;:0,&quot;name&quot;:&quot;string&quot;}],&quot;status&quot;:&quot;available&quot;},{&quot;id&quot;:9223372036854772933,&quot;category&quot;:{&quot;id&quot;:0,&quot;name&quot;:&quot;Dog&quot;},&quot;name&quot;:&quot;Cat&quot;,&quot;photoUrls&quot;:[&quot;string&quot;],&quot;tags&quot;:[{&quot;id&quot;:0,&quot;name&quot;:&quot;string&quot;}],&quot;status&quot;:&quot;available&quot;},{&quot;id&quot;:64,&quot;category&quot;:{&quot;id&quot;:0,&quot;name&quot;:&quot;simi&quot;},&quot;name&quot;:&quot;Simig&quot;,&quot;photoUrls&quot;:[&quot;string&quot;],&quot;tags&quot;:[{&quot;id&quot;:0,&quot;name&quot;:&quot;string&quot;}],&quot;status&quot;:&quot;available&quot;},{&quot;id&quot;:9223372036854772934,&quot;category&quot;:{&quot;id&quot;:0,&quot;name&quot;:&quot;string&quot;},&quot;name&quot;:&quot;doggie&quot;,&quot;photoUrls&quot;:[&quot;string&quot;],&quot;tags&quot;:[{&quot;id&quot;:0,&quot;name&quot;:&quot;string&quot;}],&quot;status&quot;:&quot;available&quot;},{&quot;id&quot;:9223372036854772935,&quot;category&quot;:{&quot;id&quot;:0,&quot;name&quot;:&quot;string&quot;},&quot;name&quot;:&quot;doggie&quot;,&quot;photoUrls&quot;:[&quot;string&quot;],&quot;tags&quot;:[{&quot;id&quot;:0,&quot;name&quot;:&quot;string&quot;}],&quot;status&quot;:&quot;available&quot;},{&quot;id&quot;:9223372036854772936,&quot;category&quot;:{&quot;id&quot;:0,&quot;name&quot;:&quot;string&quot;},&quot;name&quot;:&quot;fish&quot;,&quot;photoUrls&quot;:[&quot;string&quot;],&quot;tags&quot;:[{&quot;id&quot;:0,&quot;name&quot;:&quot;string&quot;}],&quot;status&quot;:&quot;available&quot;},{&quot;id&quot;:9223372036854772938,&quot;category&quot;:{&quot;id&quot;:0,&quot;name&quot;:&quot;string&quot;},&quot;name&quot;:&quot;Puff&quot;,&quot;photoUrls&quot;:[&quot;string&quot;],&quot;tags&quot;:[{&quot;id&quot;:0,&quot;name&quot;:&quot;string&quot;}],&quot;status&quot;:&quot;available&quot;},{&quot;id&quot;:9223372036854772943,&quot;category&quot;:{&quot;id&quot;:0,&quot;name&quot;:&quot;string&quot;},&quot;name&quot;:&quot;fish&quot;,&quot;photoUrls&quot;:[&quot;string&quot;],&quot;tags&quot;:[{&quot;id&quot;:0,&quot;name&quot;:&quot;string&quot;}],&quot;status&quot;:&quot;available&quot;},{&quot;id&quot;:9223372036854772955,&quot;category&quot;:{&quot;id&quot;:0,&quot;name&quot;:&quot;string&quot;},&quot;name&quot;:&quot;doggie&quot;,&quot;photoUrls&quot;:[&quot;string&quot;],&quot;tags&quot;:[{&quot;id&quot;:0,&quot;name&quot;:&quot;string&quot;}],&quot;status&quot;:&quot;available&quot;},{&quot;id&quot;:9223372036854772963,&quot;category&quot;:{&quot;id&quot;:0,&quot;name&quot;:&quot;string&quot;},&quot;name&quot;:&quot;fish&quot;,&quot;photoUrls&quot;:[&quot;string&quot;],&quot;tags&quot;:[{&quot;id&quot;:0,&quot;name&quot;:&quot;string&quot;}],&quot;status&quot;:&quot;available&quot;},{&quot;id&quot;:9223372036854772976,&quot;category&quot;:{&quot;id&quot;:0,&quot;name&quot;:&quot;string&quot;},&quot;name&quot;:&quot;doggie&quot;,&quot;photoUrls&quot;:[&quot;string&quot;],&quot;tags&quot;:[{&quot;id&quot;:0,&quot;name&quot;:&quot;string&quot;}],&quot;status&quot;:&quot;available&quot;},{&quot;id&quot;:9223372036854772977,&quot;category&quot;:{&quot;id&quot;:0,&quot;name&quot;:&quot;string&quot;},&quot;name&quot;:&quot;doggie&quot;,&quot;photoUrls&quot;:[&quot;string&quot;],&quot;tags&quot;:[{&quot;id&quot;:0,&quot;name&quot;:&quot;string&quot;}],&quot;status&quot;:&quot;available&quot;},{&quot;id&quot;:9223372036854772978,&quot;category&quot;:{&quot;id&quot;:0,&quot;name&quot;:&quot;string&quot;},&quot;name&quot;:&quot;fish&quot;,&quot;photoUrls&quot;:[&quot;string&quot;],&quot;tags&quot;:[{&quot;id&quot;:0,&quot;name&quot;:&quot;string&quot;}],&quot;status&quot;:&quot;available&quot;},{&quot;id&quot;:9223372036854772979,&quot;category&quot;:{&quot;id&quot;:0,&quot;name&quot;:&quot;string&quot;},&quot;name&quot;:&quot;fish&quot;,&quot;photoUrls&quot;:[&quot;string&quot;],&quot;tags&quot;:[{&quot;id&quot;:0,&quot;name&quot;:&quot;string&quot;}],&quot;status&quot;:&quot;available&quot;},{&quot;id&quot;:9223372036854772986,&quot;category&quot;:{&quot;id&quot;:0,&quot;name&quot;:&quot;string&quot;},&quot;name&quot;:&quot;Puff&quot;,&quot;photoUrls&quot;:[&quot;string&quot;],&quot;tags&quot;:[{&quot;id&quot;:0,&quot;name&quot;:&quot;string&quot;}],&quot;status&quot;:&quot;available&quot;},{&quot;id&quot;:9223372036854772987,&quot;category&quot;:{&quot;id&quot;:0,&quot;name&quot;:&quot;string&quot;},&quot;name&quot;:&quot;doggie&quot;,&quot;photoUrls&quot;:[&quot;string&quot;],&quot;tags&quot;:[{&quot;id&quot;:0,&quot;name&quot;:&quot;string&quot;}],&quot;status&quot;:&quot;available&quot;},{&quot;id&quot;:9223372036854772988,&quot;category&quot;:{&quot;id&quot;:0,&quot;name&quot;:&quot;string&quot;},&quot;name&quot;:&quot;doggie&quot;,&quot;photoUrls&quot;:[&quot;string&quot;],&quot;tags&quot;:[{&quot;id&quot;:0,&quot;name&quot;:&quot;string&quot;}],&quot;status&quot;:&quot;available&quot;},{&quot;id&quot;:9223372036854772989,&quot;category&quot;:{&quot;id&quot;:0,&quot;name&quot;:&quot;string&quot;},&quot;name&quot;:&quot;doggie&quot;,&quot;photoUrls&quot;:[&quot;string&quot;],&quot;tags&quot;:[{&quot;id&quot;:0,&quot;name&quot;:&quot;string&quot;}],&quot;status&quot;:&quot;available&quot;},{&quot;id&quot;:9223372036854772990,&quot;category&quot;:{&quot;id&quot;:0,&quot;name&quot;:&quot;string&quot;},&quot;name&quot;:&quot;doggie&quot;,&quot;photoUrls&quot;:[&quot;string&quot;],&quot;tags&quot;:[{&quot;id&quot;:0,&quot;name&quot;:&quot;string&quot;}],&quot;status&quot;:&quot;available&quot;},{&quot;id&quot;:9223372036854772991,&quot;category&quot;:{&quot;id&quot;:0,&quot;name&quot;:&quot;string&quot;},&quot;name&quot;:&quot;doggie&quot;,&quot;photoUrls&quot;:[&quot;string&quot;],&quot;tags&quot;:[{&quot;id&quot;:0,&quot;name&quot;:&quot;string&quot;}],&quot;status&quot;:&quot;available&quot;},{&quot;id&quot;:9223372036854772992,&quot;category&quot;:{&quot;id&quot;:1,&quot;name&quot;:&quot;dog&quot;},&quot;name&quot;:&quot;doggie&quot;,&quot;photoUrls&quot;:[&quot;string&quot;],&quot;tags&quot;:[{&quot;id&quot;:2,&quot;name&quot;:&quot;cat&quot;}],&quot;status&quot;:&quot;available&quot;},{&quot;id&quot;:9223372036854773000,&quot;category&quot;:{&quot;id&quot;:0,&quot;name&quot;:&quot;string&quot;},&quot;name&quot;:&quot;fish&quot;,&quot;photoUrls&quot;:[&quot;string&quot;],&quot;tags&quot;:[{&quot;id&quot;:0,&quot;name&quot;:&quot;string&quot;}],&quot;status&quot;:&quot;available&quot;},{&quot;id&quot;:9223372036854773001,&quot;category&quot;:{&quot;id&quot;:0,&quot;name&quot;:&quot;string&quot;},&quot;name&quot;:&quot;fish&quot;,&quot;photoUrls&quot;:[&quot;string&quot;],&quot;tags&quot;:[{&quot;id&quot;:0,&quot;name&quot;:&quot;string&quot;}],&quot;status&quot;:&quot;available&quot;},{&quot;id&quot;:9223372036854773002,&quot;category&quot;:{&quot;id&quot;:0,&quot;name&quot;:&quot;string&quot;},&quot;name&quot;:&quot;fish&quot;,&quot;photoUrls&quot;:[&quot;string&quot;],&quot;tags&quot;:[{&quot;id&quot;:0,&quot;name&quot;:&quot;string&quot;}],&quot;status&quot;:&quot;available&quot;},{&quot;id&quot;:9223372036854773005,&quot;category&quot;:{&quot;id&quot;:0,&quot;name&quot;:&quot;string&quot;},&quot;name&quot;:&quot;fish&quot;,&quot;photoUrls&quot;:[&quot;string&quot;],&quot;tags&quot;:[{&quot;id&quot;:0,&quot;name&quot;:&quot;string&quot;}],&quot;status&quot;:&quot;available&quot;},{&quot;id&quot;:9223372036854773008,&quot;category&quot;:{&quot;id&quot;:0,&quot;name&quot;:&quot;string&quot;},&quot;name&quot;:&quot;doggie&quot;,&quot;photoUrls&quot;:[&quot;string&quot;],&quot;tags&quot;:[{&quot;id&quot;:0,&quot;name&quot;:&quot;string&quot;}],&quot;status&quot;:&quot;available&quot;},{&quot;id&quot;:9223372036854773010,&quot;category&quot;:{&quot;id&quot;:0,&quot;name&quot;:&quot;string&quot;},&quot;name&quot;:&quot;doggie&quot;,&quot;photoUrls&quot;:[&quot;string&quot;],&quot;tags&quot;:[{&quot;id&quot;:0,&quot;name&quot;:&quot;string&quot;}],&quot;status&quot;:&quot;available&quot;},{&quot;id&quot;:9223372036854773011,&quot;category&quot;:{&quot;id&quot;:0,&quot;name&quot;:&quot;Pet&quot;},&quot;name&quot;:&quot;Pet&quot;,&quot;photoUrls&quot;:[&quot;photo&quot;],&quot;tags&quot;:[{&quot;id&quot;:0,&quot;name&quot;:&quot;Pet&quot;}],&quot;status&quot;:&quot;available&quot;},{&quot;id&quot;:9223372036854773018,&quot;category&quot;:{&quot;id&quot;:0,&quot;name&quot;:&quot;string&quot;},&quot;name&quot;:&quot;doggie&quot;,&quot;photoUrls&quot;:[&quot;string&quot;],&quot;tags&quot;:[{&quot;id&quot;:0,&quot;name&quot;:&quot;string&quot;}],&quot;status&quot;:&quot;available&quot;},{&quot;id&quot;:9223372036854773020,&quot;name&quot;:&quot;doggie&quot;,&quot;photoUrls&quot;:[&quot;string&quot;],&quot;tags&quot;:[],&quot;status&quot;:&quot;available&quot;},{&quot;id&quot;:2,&quot;category&quot;:{&quot;id&quot;:0,&quot;name&quot;:&quot;string&quot;},&quot;name&quot;:&quot;doggie&quot;,&quot;photoUrls&quot;:[&quot;string&quot;],&quot;tags&quot;:[{&quot;id&quot;:0,&quot;name&quot;:&quot;string&quot;}],&quot;status&quot;:&quot;available&quot;},{&quot;id&quot;:9223372036854773029,&quot;category&quot;:{&quot;id&quot;:0,&quot;name&quot;:&quot;string&quot;},&quot;name&quot;:&quot;doggie&quot;,&quot;photoUrls&quot;:[&quot;string&quot;],&quot;tags&quot;:[{&quot;id&quot;:0,&quot;name&quot;:&quot;string&quot;}],&quot;status&quot;:&quot;available&quot;},{&quot;id&quot;:9223372036854773030,&quot;category&quot;:{&quot;id&quot;:0,&quot;name&quot;:&quot;string&quot;},&quot;name&quot;:&quot;doggie&quot;,&quot;photoUrls&quot;:[&quot;string&quot;],&quot;tags&quot;:[{&quot;id&quot;:0,&quot;name&quot;:&quot;string&quot;}],&quot;status&quot;:&quot;available&quot;},{&quot;id&quot;:9223372036854773031,&quot;category&quot;:{&quot;id&quot;:0,&quot;name&quot;:&quot;string&quot;},&quot;name&quot;:&quot;fish&quot;,&quot;photoUrls&quot;:[&quot;string&quot;],&quot;tags&quot;:[{&quot;id&quot;:0,&quot;name&quot;:&quot;string&quot;}],&quot;status&quot;:&quot;available&quot;},{&quot;id&quot;:9223372036854773032,&quot;category&quot;:{&quot;id&quot;:0,&quot;name&quot;:&quot;Pet&quot;},&quot;name&quot;:&quot;Pet&quot;,&quot;photoUrls&quot;:[&quot;photo&quot;],&quot;tags&quot;:[{&quot;id&quot;:0,&quot;name&quot;:&quot;Pet&quot;}],&quot;status&quot;:&quot;available&quot;},{&quot;id&quot;:9223372036854773035,&quot;category&quot;:{&quot;id&quot;:0,&quot;name&quot;:&quot;string&quot;},&quot;name&quot;:&quot;fish&quot;,&quot;photoUrls&quot;:[&quot;string&quot;],&quot;tags&quot;:[{&quot;id&quot;:0,&quot;name&quot;:&quot;string&quot;}],&quot;status&quot;:&quot;available&quot;},{&quot;id&quot;:9223372036854773048,&quot;category&quot;:{&quot;id&quot;:0,&quot;name&quot;:&quot;string&quot;},&quot;name&quot;:&quot;Puff&quot;,&quot;photoUrls&quot;:[&quot;string&quot;],&quot;tags&quot;:[{&quot;id&quot;:0,&quot;name&quot;:&quot;string&quot;}],&quot;status&quot;:&quot;available&quot;},{&quot;id&quot;:9223372036854773051,&quot;category&quot;:{&quot;id&quot;:0,&quot;name&quot;:&quot;string&quot;},&quot;name&quot;:&quot;doggie&quot;,&quot;photoUrls&quot;:[&quot;string&quot;],&quot;tags&quot;:[{&quot;id&quot;:0,&quot;name&quot;:&quot;string&quot;}],&quot;status&quot;:&quot;available&quot;},{&quot;id&quot;:9223372036854773052,&quot;category&quot;:{&quot;id&quot;:0,&quot;name&quot;:&quot;Pet&quot;},&quot;name&quot;:&quot;Pet&quot;,&quot;photoUrls&quot;:[&quot;photo&quot;],&quot;tags&quot;:[{&quot;id&quot;:0,&quot;name&quot;:&quot;Pet&quot;}],&quot;status&quot;:&quot;available&quot;},{&quot;id&quot;:9223372036854773055,&quot;category&quot;:{&quot;id&quot;:0,&quot;name&quot;:&quot;string&quot;},&quot;name&quot;:&quot;doggie&quot;,&quot;photoUrls&quot;:[&quot;string&quot;],&quot;tags&quot;:[{&quot;id&quot;:0,&quot;name&quot;:&quot;string&quot;}],&quot;status&quot;:&quot;available&quot;},{&quot;id&quot;:9223372036854773056,&quot;category&quot;:{&quot;id&quot;:0,&quot;name&quot;:&quot;string&quot;},&quot;name&quot;:&quot;doggie&quot;,&quot;photoUrls&quot;:[&quot;string&quot;],&quot;tags&quot;:[{&quot;id&quot;:0,&quot;name&quot;:&quot;string&quot;}],&quot;status&quot;:&quot;available&quot;},{&quot;id&quot;:9223372036854773057,&quot;category&quot;:{&quot;id&quot;:0,&quot;name&quot;:&quot;string&quot;},&quot;name&quot;:&quot;doggie&quot;,&quot;photoUrls&quot;:[&quot;string&quot;],&quot;tags&quot;:[{&quot;id&quot;:0,&quot;name&quot;:&quot;string&quot;}],&quot;status&quot;:&quot;available&quot;},{&quot;id&quot;:9223372036854773058,&quot;category&quot;:{&quot;id&quot;:0,&quot;name&quot;:&quot;string&quot;},&quot;name&quot;:&quot;fish&quot;,&quot;photoUrls&quot;:[&quot;string&quot;],&quot;tags&quot;:[{&quot;id&quot;:0,&quot;name&quot;:&quot;string&quot;}],&quot;status&quot;:&quot;available&quot;},{&quot;id&quot;:4484176088410552580,&quot;category&quot;:{&quot;id&quot;:2951242104825206090,&quot;name&quot;:&quot;Lucky&quot;},&quot;name&quot;:&quot;Edmundo&quot;,&quot;tags&quot;:[{&quot;id&quot;:5125645782998849579,&quot;name&quot;:&quot;Susie&quot;},{&quot;id&quot;:-8540409403546431680,&quot;name&quot;:&quot;Bala&quot;}],&quot;status&quot;:&quot;available&quot;},{&quot;id&quot;:9223372036854773060,&quot;category&quot;:{&quot;id&quot;:0,&quot;name&quot;:&quot;string&quot;},&quot;name&quot;:&quot;fish&quot;,&quot;photoUrls&quot;:[&quot;string&quot;],&quot;tags&quot;:[{&quot;id&quot;:0,&quot;name&quot;:&quot;string&quot;}],&quot;status&quot;:&quot;available&quot;},{&quot;id&quot;:9223372036854773065,&quot;category&quot;:{&quot;id&quot;:0,&quot;name&quot;:&quot;string&quot;},&quot;name&quot;:&quot;doggie&quot;,&quot;photoUrls&quot;:[&quot;string&quot;],&quot;tags&quot;:[{&quot;id&quot;:0,&quot;name&quot;:&quot;string&quot;}],&quot;status&quot;:&quot;available&quot;},{&quot;id&quot;:922337203685477590,&quot;category&quot;:{&quot;id&quot;:2,&quot;name&quot;:&quot;dog&quot;},&quot;name&quot;:&quot;doggie-yoggie&quot;,&quot;photoUrls&quot;:[],&quot;tags&quot;:[],&quot;status&quot;:&quot;available&quot;},{&quot;id&quot;:9223372036854773072,&quot;category&quot;:{&quot;id&quot;:0,&quot;name&quot;:&quot;string&quot;},&quot;name&quot;:&quot;doggie&quot;,&quot;photoUrls&quot;:[&quot;string&quot;],&quot;tags&quot;:[{&quot;id&quot;:0,&quot;name&quot;:&quot;string&quot;}],&quot;status&quot;:&quot;available&quot;},{&quot;id&quot;:9223372036854773073,&quot;name&quot;:&quot;doggie&quot;,&quot;photoUrls&quot;:[&quot;string&quot;],&quot;tags&quot;:[],&quot;status&quot;:&quot;available&quot;},{&quot;id&quot;:9223372036854773077,&quot;category&quot;:{&quot;id&quot;:0,&quot;name&quot;:&quot;string&quot;},&quot;name&quot;:&quot;fish&quot;,&quot;photoUrls&quot;:[&quot;string&quot;],&quot;tags&quot;:[{&quot;id&quot;:0,&quot;name&quot;:&quot;string&quot;}],&quot;status&quot;:&quot;available&quot;},{&quot;id&quot;:9223372036854773081,&quot;category&quot;:{&quot;id&quot;:0,&quot;name&quot;:&quot;string&quot;},&quot;name&quot;:&quot;doggie&quot;,&quot;photoUrls&quot;:[&quot;string&quot;],&quot;tags&quot;:[{&quot;id&quot;:0,&quot;name&quot;:&quot;string&quot;}],&quot;status&quot;:&quot;available&quot;},{&quot;id&quot;:9223372036854773088,&quot;category&quot;:{&quot;id&quot;:0,&quot;name&quot;:&quot;string&quot;},&quot;name&quot;:&quot;doggie&quot;,&quot;photoUrls&quot;:[&quot;string&quot;],&quot;tags&quot;:[{&quot;id&quot;:0,&quot;name&quot;:&quot;string&quot;}],&quot;status&quot;:&quot;available&quot;},{&quot;id&quot;:9223372036854773089,&quot;category&quot;:{&quot;id&quot;:0,&quot;name&quot;:&quot;string&quot;},&quot;name&quot;:&quot;doggie&quot;,&quot;photoUrls&quot;:[&quot;string&quot;],&quot;tags&quot;:[{&quot;id&quot;:0,&quot;name&quot;:&quot;string&quot;}],&quot;status&quot;:&quot;available&quot;},{&quot;id&quot;:9223372036854773094,&quot;category&quot;:{&quot;id&quot;:0,&quot;name&quot;:&quot;string&quot;},&quot;name&quot;:&quot;doggie&quot;,&quot;photoUrls&quot;:[&quot;string&quot;],&quot;tags&quot;:[{&quot;id&quot;:0,&quot;name&quot;:&quot;string&quot;}],&quot;status&quot;:&quot;available&quot;},{&quot;id&quot;:9223372036854773095,&quot;category&quot;:{&quot;id&quot;:0,&quot;name&quot;:&quot;string&quot;},&quot;name&quot;:&quot;doggie&quot;,&quot;photoUrls&quot;:[&quot;string&quot;],&quot;tags&quot;:[{&quot;id&quot;:0,&quot;name&quot;:&quot;string&quot;}],&quot;status&quot;:&quot;available&quot;},{&quot;id&quot;:9223372036854773096,&quot;category&quot;:{&quot;id&quot;:0,&quot;name&quot;:&quot;string&quot;},&quot;name&quot;:&quot;fish&quot;,&quot;photoUrls&quot;:[&quot;string&quot;],&quot;tags&quot;:[{&quot;id&quot;:0,&quot;name&quot;:&quot;string&quot;}],&quot;status&quot;:&quot;available&quot;},{&quot;id&quot;:9223372036854773097,&quot;category&quot;:{&quot;id&quot;:0,&quot;name&quot;:&quot;string&quot;},&quot;name&quot;:&quot;fish&quot;,&quot;photoUrls&quot;:[&quot;string&quot;],&quot;tags&quot;:[{&quot;id&quot;:0,&quot;name&quot;:&quot;string&quot;}],&quot;status&quot;:&quot;available&quot;},{&quot;id&quot;:9223372036854773098,&quot;category&quot;:{&quot;id&quot;:0,&quot;name&quot;:&quot;string&quot;},&quot;name&quot;:&quot;doggie&quot;,&quot;photoUrls&quot;:[&quot;string&quot;],&quot;tags&quot;:[{&quot;id&quot;:0,&quot;name&quot;:&quot;string&quot;}],&quot;status&quot;:&quot;available&quot;},{&quot;id&quot;:9223372036854773101,&quot;category&quot;:{&quot;id&quot;:0,&quot;name&quot;:&quot;string&quot;},&quot;name&quot;:&quot;Puff&quot;,&quot;photoUrls&quot;:[&quot;string&quot;],&quot;tags&quot;:[{&quot;id&quot;:0,&quot;name&quot;:&quot;string&quot;}],&quot;status&quot;:&quot;available&quot;},{&quot;id&quot;:9223372036854773102,&quot;category&quot;:{&quot;id&quot;:0,&quot;name&quot;:&quot;string&quot;},&quot;name&quot;:&quot;doggie&quot;,&quot;photoUrls&quot;:[&quot;string&quot;],&quot;tags&quot;:[{&quot;id&quot;:0,&quot;name&quot;:&quot;string&quot;}],&quot;status&quot;:&quot;available&quot;},{&quot;id&quot;:9223372036854773109,&quot;category&quot;:{&quot;id&quot;:0,&quot;name&quot;:&quot;string&quot;},&quot;name&quot;:&quot;doggie&quot;,&quot;photoUrls&quot;:[&quot;string&quot;],&quot;tags&quot;:[{&quot;id&quot;:0,&quot;name&quot;:&quot;string&quot;}],&quot;status&quot;:&quot;available&quot;},{&quot;id&quot;:9223372036854773110,&quot;category&quot;:{&quot;id&quot;:0,&quot;name&quot;:&quot;string&quot;},&quot;name&quot;:&quot;doggie&quot;,&quot;photoUrls&quot;:[&quot;string&quot;],&quot;tags&quot;:[{&quot;id&quot;:0,&quot;name&quot;:&quot;string&quot;}],&quot;status&quot;:&quot;available&quot;},{&quot;id&quot;:9223372036854773111,&quot;category&quot;:{&quot;id&quot;:0,&quot;name&quot;:&quot;string&quot;},&quot;name&quot;:&quot;Cotik&quot;,&quot;photoUrls&quot;:[&quot;string&quot;],&quot;tags&quot;:[{&quot;id&quot;:0,&quot;name&quot;:&quot;string&quot;}],&quot;status&quot;:&quot;available&quot;},{&quot;id&quot;:304,&quot;category&quot;:{&quot;id&quot;:304,&quot;name&quot;:&quot;shibaInu&quot;},&quot;name&quot;:&quot;shibaInu&quot;,&quot;photoUrls&quot;:[&quot;www.petstore.com/shibaInu&quot;],&quot;tags&quot;:[{&quot;id&quot;:304,&quot;name&quot;:&quot;shibaInu&quot;}],&quot;status&quot;:&quot;available&quot;},{&quot;id&quot;:1,&quot;category&quot;:{&quot;id&quot;:2,&quot;name&quot;:&quot;mammal&quot;},&quot;name&quot;:&quot;drujok&quot;,&quot;photoUrls&quot;:[&quot;https://www.google.com/url?sa=i&amp;url=https%3A%2F%2Fwww.pinterest.com%2Fpin%2Fdrujok-barboskins-cartoon-pattern-by-ilknur-karaca--446489750548246893%2F&amp;psig=AOvVaw3mJQGQJjlZQtBxhtp-fMw3&amp;ust=1699613273890000&amp;source=images&amp;cd=vfe&amp;opi=89978449&amp;ved=0CBIQjRxqFwoTCOi8uoHgtoIDFQAAAAAdAAAAABAE&quot;],&quot;tags&quot;:[{&quot;id&quot;:0,&quot;name&quot;:&quot;string&quot;}],&quot;status&quot;:&quot;available&quot;},{&quot;id&quot;:9223372036854773112,&quot;category&quot;:{&quot;id&quot;:0,&quot;name&quot;:&quot;string&quot;},&quot;name&quot;:&quot;doggie&quot;,&quot;photoUrls&quot;:[&quot;string&quot;],&quot;tags&quot;:[{&quot;id&quot;:0,&quot;name&quot;:&quot;string&quot;}],&quot;status&quot;:&quot;available&quot;},{&quot;id&quot;:9223372036854773113,&quot;category&quot;:{&quot;id&quot;:0,&quot;name&quot;:&quot;string&quot;},&quot;name&quot;:&quot;doggie&quot;,&quot;photoUrls&quot;:[&quot;string&quot;],&quot;tags&quot;:[{&quot;id&quot;:2,&quot;name&quot;:&quot;dog&quot;}],&quot;status&quot;:&quot;available&quot;},{&quot;id&quot;:9223372036854773114,&quot;category&quot;:{&quot;id&quot;:0,&quot;name&quot;:&quot;string&quot;},&quot;name&quot;:&quot;fish&quot;,&quot;photoUrls&quot;:[&quot;string&quot;],&quot;tags&quot;:[{&quot;id&quot;:0,&quot;name&quot;:&quot;string&quot;}],&quot;status&quot;:&quot;available&quot;},{&quot;id&quot;:22,&quot;category&quot;:{&quot;id&quot;:12,&quot;name&quot;:&quot;human&quot;},&quot;name&quot;:&quot;Vasya&quot;,&quot;photoUrls&quot;:[&quot;https://www.befunky.com/images/prismic/5ddfea42-7377-4bef-9ac4-f3bd407d52ab_landing-photo-to-cartoon-img5.jpeg?auto=avif,webp&amp;format=jpg&amp;width=863&quot;],&quot;tags&quot;:[{&quot;id&quot;:33,&quot;name&quot;:&quot;jung&quot;}],&quot;status&quot;:&quot;available&quot;},{&quot;id&quot;:9223372036854773115,&quot;category&quot;:{&quot;id&quot;:0,&quot;name&quot;:&quot;string&quot;},&quot;name&quot;:&quot;fish&quot;,&quot;photoUrls&quot;:[&quot;string&quot;],&quot;tags&quot;:[{&quot;id&quot;:0,&quot;name&quot;:&quot;string&quot;}],&quot;status&quot;:&quot;available&quot;},{&quot;id&quot;:9223372036854773116,&quot;category&quot;:{&quot;id&quot;:0,&quot;name&quot;:&quot;string&quot;},&quot;name&quot;:&quot;fish&quot;,&quot;photoUrls&quot;:[&quot;string&quot;],&quot;tags&quot;:[{&quot;id&quot;:0,&quot;name&quot;:&quot;string&quot;}],&quot;status&quot;:&quot;available&quot;},{&quot;id&quot;:9223372036854773117,&quot;category&quot;:{&quot;id&quot;:0,&quot;name&quot;:&quot;string&quot;},&quot;name&quot;:&quot;fish&quot;,&quot;photoUrls&quot;:[&quot;string&quot;],&quot;tags&quot;:[{&quot;id&quot;:0,&quot;name&quot;:&quot;string&quot;}],&quot;status&quot;:&quot;available&quot;},{&quot;id&quot;:9223372036854773119,&quot;category&quot;:{&quot;id&quot;:0,&quot;name&quot;:&quot;string&quot;},&quot;name&quot;:&quot;Doggie&quot;,&quot;photoUrls&quot;:[&quot;string&quot;],&quot;tags&quot;:[{&quot;id&quot;:0,&quot;name&quot;:&quot;string&quot;}],&quot;status&quot;:&quot;available&quot;},{&quot;id&quot;:324567,&quot;category&quot;:{&quot;id&quot;:0,&quot;name&quot;:&quot;kedi&quot;},&quot;name&quot;:&quot;pamuk&quot;,&quot;photoUrls&quot;:[&quot;string&quot;],&quot;tags&quot;:[{&quot;id&quot;:0,&quot;name&quot;:&quot;string&quot;}],&quot;status&quot;:&quot;available&quot;},{&quot;id&quot;:9223372036854773125,&quot;category&quot;:{&quot;id&quot;:0,&quot;name&quot;:&quot;string&quot;},&quot;name&quot;:&quot;doggie&quot;,&quot;photoUrls&quot;:[&quot;string&quot;],&quot;tags&quot;:[{&quot;id&quot;:0,&quot;name&quot;:&quot;string&quot;}],&quot;status&quot;:&quot;available&quot;},{&quot;id&quot;:9223372036854773126,&quot;category&quot;:{&quot;id&quot;:0,&quot;name&quot;:&quot;string&quot;},&quot;name&quot;:&quot;doggie&quot;,&quot;photoUrls&quot;:[&quot;string&quot;],&quot;tags&quot;:[{&quot;id&quot;:0,&quot;name&quot;:&quot;string&quot;}],&quot;status&quot;:&quot;available&quot;},{&quot;id&quot;:4444,&quot;category&quot;:{&quot;id&quot;:4444,&quot;name&quot;:&quot;кобра&quot;},&quot;name&quot;:&quot;doggie&quot;,&quot;photoUrls&quot;:[&quot;https://encrypted-tbn0.gstatic.com/images?q=tbn:ANd9GcS0pTnccxwrXc6U8BBu3zFazL08907RiHpFxkj56e6Jcg&amp;s&quot;],&quot;tags&quot;:[{&quot;id&quot;:44444,&quot;name&quot;:&quot;Муна&quot;}],&quot;status&quot;:&quot;available&quot;},{&quot;id&quot;:9223372036854773131,&quot;category&quot;:{&quot;id&quot;:4444,&quot;name&quot;:&quot;string&quot;},&quot;name&quot;:&quot;quokka&quot;,&quot;photoUrls&quot;:[&quot;https://cs14.pikabu.ru/post_img/2023/06/24/3/1687578881194613795.jpg&quot;],&quot;tags&quot;:[{&quot;id&quot;:3333,&quot;name&quot;:&quot;string&quot;}],&quot;status&quot;:&quot;available&quot;},{&quot;id&quot;:4693631548780894754,&quot;category&quot;:{&quot;id&quot;:-2254605930308416336,&quot;name&quot;:&quot;Lady&quot;},&quot;name&quot;:&quot;Rosalyn&quot;,&quot;tags&quot;:[{&quot;id&quot;:-1137692587959222964,&quot;name&quot;:&quot;Susie&quot;},{&quot;id&quot;:6844461039905037691,&quot;name&quot;:&quot;Bala&quot;}],&quot;status&quot;:&quot;available&quot;}]
" type="java.lang.AssertionError">
      <![CDATA[java.lang.AssertionError: 1 expectation failed.
Response body doesn't match expectation.
Expected: every item is "available"
  Actual: [{"id":9223372036854772240,"category":{"id":0,"name":"string"},"name":"doggie","photoUrls":["string"],"tags":[{"id":0,"name":"string"}],"status":"available"},{"id":9223372036854772241,"category":{"id":0,"name":"string"},"name":"doggie","photoUrls":["string"],"tags":[{"id":0,"name":"string"}],"status":"available"},{"id":637309,"category":{"id":0,"name":"string"},"name":"doggie","photoUrls":["string"],"tags":[{"id":0,"name":"string"}],"status":"available"},{"id":124535,"name":"doggie","photoUrls":[],"tags":[],"status":"available"},{"id":9223372036854772254,"category":{"id":0,"name":"string"},"name":"fish","photoUrls":["string"],"tags":[{"id":0,"name":"string"}],"status":"available"},{"id":9222968140497180179,"category":{"id":0,"name":"string"},"name":"test","photoUrls":["string"],"tags":[{"id":0,"name":"string"}],"status":"available"},{"id":949340,"category":{"id":0,"name":"string"},"name":"doggie","photoUrls":["string"],"tags":[{"id":0,"name":"string"}],"status":"available"},{"id":9223372036854772269,"category":{"id":0,"name":"string"},"name":"doggie","photoUrls":["string"],"tags":[{"id":0,"name":"string"}],"status":"available"},{"id":9222968140491042131,"category":{"id":0,"name":"string"},"name":"doggie","photoUrls":["string"],"tags":[{"id":0,"name":"string"}],"status":"available"},{"id":9223372036854772271,"category":{"id":0,"name":"string"},"name":"fish","photoUrls":["string"],"tags":[{"id":0,"name":"string"}],"status":"available"},{"id":9223372036854772273,"category":{"id":0,"name":"string"},"name":"fish","photoUrls":["string"],"tags":[{"id":0,"name":"string"}],"status":"available"},{"id":9223372036854772275,"category":{"id":0,"name":"string"},"name":"fish","photoUrls":["string"],"tags":[{"id":0,"name":"string"}],"status":"available"},{"id":9223372036854772278,"category":{"id":0,"name":"string"},"name":"fish","photoUrls":["string"],"tags":[{"id":0,"name":"string"}],"status":"available"},{"id":9223372036854772295,"category":{"id":0,"name":"string"},"name":"doggie","photoUrls":["string"],"tags":[{"id":0,"name":"string"}],"status":"available"},{"id":9223372036854772304,"category":{"id":0,"name":"string"},"name":"fish","photoUrls":["string"],"tags":[{"id":0,"name":"string"}],"status":"available"},{"id":9223372036854772305,"category":{"id":0,"name":"string"},"name":"doggie","photoUrls":["string"],"tags":[{"id":0,"name":"string"}],"status":"available"},{"id":9223372036854772306,"category":{"id":0,"name":"string"},"name":"doggie","photoUrls":["string"],"tags":[{"id":0,"name":"string"}],"status":"available"},{"id":9223372036854772307,"category":{"id":0,"name":"string"},"name":"fish","photoUrls":["string"],"tags":[{"id":0,"name":"string"}],"status":"available"},{"id":9223372036854772308,"category":{"id":0,"name":"string"},"name":"Puff","photoUrls":["string"],"tags":[{"id":0,"name":"string"}],"status":"available"},{"id":9223372036854772309,"category":{"id":0,"name":"string"},"name":"doggie","photoUrls":["string"],"tags":[{"id":0,"name":"string"}],"status":"available"},{"id":9223372036854772310,"category":{"id":0,"name":"string"},"name":"doggie","photoUrls":["string"],"tags":[{"id":0,"name":"string"}],"status":"available"},{"id":9223372036854772311,"category":{"id":0,"name":"string"},"name":"doggie","photoUrls":["string"],"tags":[{"id":0,"name":"string"}],"status":"available"},{"id":9223372036854772312,"category":{"id":0,"name":"string"},"name":"fish","photoUrls":["string"],"tags":[{"id":0,"name":"string"}],"status":"available"},{"id":9223372036854772313,"category":{"id":0,"name":"monkey"},"name":"Roma","photoUrls":["string"],"tags":[{"id":0,"name":"string"}],"status":"available"},{"id":9223372036854772318,"category":{"id":0,"name":"string"},"name":"doggie","photoUrls":["string"],"tags":[{"id":0,"name":"string"}],"status":"available"},{"id":9223372036854772320,"category":{"id":0,"name":"string"},"name":"doggie","photoUrls":["string"],"tags":[{"id":0,"name":"string"}],"status":"available"},{"id":9223372036854772323,"category":{"id":0,"name":"string"},"name":"fish","photoUrls":["string"],"tags":[{"id":0,"name":"string"}],"status":"available"},{"id":9223372036854772328,"name":"pet-test","photoUrls":[],"tags":[],"status":"available"},{"id":123,"category":{"id":456,"name":"string"},"name":"doggie","photoUrls":["string"],"tags":[{"id":789,"name":"string"}],"status":"available"},{"id":9223372036854772343,"category":{"id":0,"name":"string"},"name":"fish","photoUrls":["string"],"tags":[{"id":0,"name":"string"}],"status":"available"},{"id":9223372036854772350,"category":{"id":0,"name":"string"},"name":"doggie","photoUrls":["string"],"tags":[{"id":0,"name":"string"}],"status":"available"},{"id":9223372036854772351,"category":{"id":0,"name":"string"},"name":"doggie","photoUrls":["string"],"tags":[{"id":0,"name":"string"}],"status":"available"},{"id":7984,"category":{"id":7984,"name":"pitbull"},"name":"pitbull","photoUrls":["string"],"tags":[{"id":7984,"name":"pitbull"}],"status":"available"},{"id":9223372036854772352,"category":{"id":0,"name":"string"},"name":"fish","photoUrls":["string"],"tags":[{"id":0,"name":"string"}],"status":"available"},{"id":9223372036854772353,"category":{"id":0,"name":"string"},"name":"fish","photoUrls":["string"],"tags":[{"id":0,"name":"string"}],"status":"available"},{"id":63,"category":{"id":0,"name":"oogy"},"name":"doggie","photoUrls":["string"],"tags":[{"id":0,"name":"string"}],"status":"available"},{"id":9223372036854772354,"category":{"id":0,"name":"string"},"name":"Puff","photoUrls":["string"],"tags":[{"id":0,"name":"string"}],"status":"available"},{"id":9223372036854772355,"category":{"id":0,"name":"string"},"name":"doggie","photoUrls":["string"],"tags":[{"id":0,"name":"string"}],"status":"available"},{"id":9223372036854772359,"category":{"id":0,"name":"string"},"name":"doggie","photoUrls":["string"],"tags":[{"id":0,"name":"string"}],"status":"available"},{"id":9223372036854772369,"category":{"id":0,"name":"string"},"name":"fish","photoUrls":["string"],"tags":[{"id":0,"name":"string"}],"status":"available"},{"id":9223372036854772375,"category":{"id":0,"name":"string"},"name":"fish","photoUrls":["string"],"tags":[{"id":0,"name":"string"}],"status":"available"},{"id":9223372036854772376,"category":{"id":0,"name":"string"},"name":"fish","photoUrls":["string"],"tags":[{"id":0,"name":"string"}],"status":"available"},{"id":9223372036854772378,"category":{"id":0,"name":"string"},"name":"fish","photoUrls":["string"],"tags":[{"id":0,"name":"string"}],"status":"available"},{"id":9223372036854772383,"category":{"id":0,"name":"string"},"name":"doggie","photoUrls":["string"],"tags":[{"id":0,"name":"string"}],"status":"available"},{"id":9223372036854772390,"category":{"id":0,"name":"Sara"},"name":"doggie","photoUrls":["string"],"tags":[{"id":0,"name":"string"}],"status":"available"},{"id":9223372036854772395,"category":{"id":0,"name":"string"},"name":"doggie","photoUrls":["string"],"tags":[{"id":0,"name":"string"}],"status":"available"},{"id":9223372036854772405,"category":{"id":0,"name":"string"},"name":"doggie","photoUrls":["string"],"tags":[{"id":0,"name":"string"}],"status":"available"},{"id":9223372036854772408,"category":{"id":0,"name":"string"},"name":"fish","photoUrls":["string"],"tags":[{"id":0,"name":"string"}],"status":"available"},{"id":9223372036854772409,"category":{"id":0,"name":"string"},"name":"doggie","photoUrls":["string"],"tags":[{"id":0,"name":"string"}],"status":"available"},{"id":9223372036854772410,"category":{"id":0,"name":"string"},"name":"doggie","photoUrls":["string"],"tags":[{"id":0,"name":"string"}],"status":"available"},{"id":9223372036854772411,"category":{"id":0,"name":"string"},"name":"fish","photoUrls":["string"],"tags":[{"id":0,"name":"string"}],"status":"available"},{"id":9223372036854772412,"category":{"id":0,"name":"string"},"name":"doggie","photoUrls":["string"],"tags":[{"id":0,"name":"string"}],"status":"available"},{"id":9223372036854772413,"category":{"id":0,"name":"string"},"name":"doggie","photoUrls":["string"],"tags":[{"id":0,"name":"string"}],"status":"available"},{"id":9223372036854772414,"category":{"id":0,"name":"string"},"name":"doggie","photoUrls":["string"],"tags":[{"id":0,"name":"string"}],"status":"available"},{"id":9223372036854772415,"category":{"id":0,"name":"string"},"name":"Puff","photoUrls":["string"],"tags":[{"id":0,"name":"string"}],"status":"available"},{"id":9223372036854772416,"category":{"id":0,"name":"string"},"name":"doggie","photoUrls":["string"],"tags":[{"id":0,"name":"string"}],"status":"available"},{"id":9223372036854772417,"category":{"id":0,"name":"string"},"name":"doggie","photoUrls":["string"],"tags":[{"id":0,"name":"string"}],"status":"available"},{"id":9223372036854772418,"category":{"id":0,"name":"string"},"name":"doggie","photoUrls":["string"],"tags":[{"id":0,"name":"string"}],"status":"available"},{"id":9223372036854772419,"category":{"id":0,"name":"string"},"name":"fish","photoUrls":["string"],"tags":[{"id":0,"name":"string"}],"status":"available"},{"id":9223372036854772423,"category":{"id":0,"name":"string"},"name":"test","photoUrls":["string"],"tags":[{"id":0,"name":"string"}],"status":"available"},{"id":9223372036854772424,"category":{"id":0,"name":"string"},"name":"test","photoUrls":["string"],"tags":[{"id":0,"name":"string"}],"status":"available"},{"id":9223372036854772425,"category":{"id":0,"name":"string"},"name":"test","photoUrls":["string"],"tags":[{"id":0,"name":"string"}],"status":"available"},{"id":9223372036854772428,"category":{"id":0,"name":"string"},"name":"fish","photoUrls":["string"],"tags":[{"id":0,"name":"string"}],"status":"available"},{"id":9223372036854772431,"category":{"id":0,"name":"string"},"name":"poggie","photoUrls":["string"],"tags":[{"id":0,"name":"string"}],"status":"available"},{"id":7653,"category":{"id":1,"name":"crazycats"},"name":"buka","photoUrls":["string"],"tags":[{"id":0,"name":"string"}],"status":"available"},{"id":9223372036854772456,"category":{"id":0,"name":"string"},"name":"doggie","photoUrls":["string"],"tags":[{"id":0,"name":"string"}],"status":"available"},{"id":112233,"category":{"id":30,"name":"Eq-dog"},"name":"Postman","photoUrls":["URLLink"],"tags":[{"id":10,"name":"Doberman"}],"status":"available"},{"id":9223372036854772459,"category":{"id":0,"name":"string"},"name":"doggie","photoUrls":["string"],"tags":[{"id":0,"name":"string"}],"status":"available"},{"id":9223372036854772460,"category":{"id":0,"name":"string"},"name":"poggie","photoUrls":["string"],"tags":[{"id":0,"name":"string"}],"status":"available"},{"id":9223372036854772469,"category":{"id":0,"name":"string"},"name":"oooggie","photoUrls":["string"],"tags":[{"id":0,"name":"string"}],"status":"available"},{"id":9223372036854772472,"category":{"id":0,"name":"string"},"name":"oooggie","photoUrls":["string"],"tags":[{"id":0,"name":"string"}],"status":"available"},{"id":9223372036854772474,"name":"doggie","photoUrls":["string"],"tags":[],"status":"available"},{"id":9223372036854772475,"name":"doggie","photoUrls":["string"],"tags":[],"status":"available"},{"id":9223372036854772476,"name":"doggie","photoUrls":["string"],"tags":[],"status":"available"},{"id":9223372036854772477,"category":{"id":0,"name":"string"},"name":"doggie","photoUrls":["string"],"tags":[{"id":0,"name":"string"}],"status":"available"},{"id":9223372036854772479,"category":{"id":0,"name":"string"},"name":"fish","photoUrls":["string"],"tags":[{"id":0,"name":"string"}],"status":"available"},{"id":9223372036854772481,"category":{"id":0,"name":"string"},"name":"doggie","photoUrls":["string"],"tags":[{"id":0,"name":"string"}],"status":"available"},{"id":9223372036854772482,"name":"doggie","photoUrls":["string"],"tags":[],"status":"available"},{"id":9223372036854772483,"category":{"id":0,"name":"string"},"name":"doggie","photoUrls":["string"],"tags":[{"id":0,"name":"string"}],"status":"available"},{"id":9223372036854772484,"name":"doggie","photoUrls":["string"],"tags":[],"status":"available"},{"id":9223372036854772485,"category":{"id":0,"name":"string"},"name":"test","photoUrls":["string"],"tags":[{"id":0,"name":"string"}],"status":"available"},{"id":9223372036854772486,"category":{"id":0,"name":"string"},"name":"doggie","photoUrls":["string"],"tags":[{"id":0,"name":"string"}],"status":"available"},{"id":9223372036854772487,"category":{"id":0,"name":"string"},"name":"doggie","photoUrls":["string"],"tags":[{"id":0,"name":"string"}],"status":"available"},{"id":9223372036854772488,"category":{"id":0,"name":"string"},"name":"fish","photoUrls":["string"],"tags":[{"id":0,"name":"string"}],"status":"available"},{"id":9223372036854772489,"category":{"id":0,"name":"string"},"name":"fish","photoUrls":["string"],"tags":[{"id":0,"name":"string"}],"status":"available"},{"id":9223372036854772493,"category":{"id":0,"name":"string"},"name":"Puff","photoUrls":["string"],"tags":[{"id":0,"name":"string"}],"status":"available"},{"id":9223372036854772494,"category":{"id":0,"name":"string"},"name":"doggie","photoUrls":["string"],"tags":[{"id":0,"name":"string"}],"status":"available"},{"id":9223372036854772495,"category":{"id":0,"name":"string"},"name":"doggie","photoUrls":["string"],"tags":[{"id":0,"name":"string"}],"status":"available"},{"id":344,"category":{"id":0,"name":"string"},"name":"Doggie","photoUrls":["string"],"tags":[{"id":0,"name":"string"}],"status":"available"},{"id":9223372036854772496,"category":{"id":0,"name":"string"},"name":"doggie","photoUrls":["string"],"tags":[{"id":0,"name":"string"}],"status":"available"},{"id":9223372036854772497,"category":{"id":0,"name":"string"},"name":"doggie","photoUrls":["string"],"tags":[{"id":0,"name":"string"}],"status":"available"},{"id":9223372036854772498,"category":{"id":0,"name":"string"},"name":"doggie","photoUrls":["string"],"tags":[{"id":0,"name":"string"}],"status":"available"},{"id":9223372036854772499,"category":{"id":0,"name":"string"},"name":"dggie","photoUrls":["string"],"tags":[{"id":0,"name":"string"}],"status":"available"},{"id":9223372036854772500,"category":{"id":0,"name":"string"},"name":"doggie","photoUrls":["string"],"tags":[{"id":0,"name":"string"}],"status":"available"},{"id":9223372036854772503,"category":{"id":0,"name":"string"},"name":"dggie","photoUrls":["string"],"tags":[{"id":0,"name":"string"}],"status":"available"},{"id":9223372036854772505,"category":{"id":0,"name":"string"},"name":"fish","photoUrls":["string"],"tags":[{"id":0,"name":"string"}],"status":"available"},{"id":9223372036854772506,"category":{"id":0,"name":"string"},"name":"dggie","photoUrls":["string"],"tags":[{"id":0,"name":"string"}],"status":"available"},{"id":9223372036854772507,"category":{"id":0,"name":"string"},"name":"doggie","photoUrls":["string"],"tags":[{"id":0,"name":"string"}],"status":"available"},{"id":9223372036854772508,"category":{"id":0,"name":"string"},"name":"dgge","photoUrls":["string"],"tags":[{"id":0,"name":"string"}],"status":"available"},{"id":9223372036854772509,"category":{"id":0,"name":"string"},"name":"fish","photoUrls":["string"],"tags":[{"id":0,"name":"string"}],"status":"available"},{"id":9223372036854772510,"category":{"id":0,"name":"string"},"name":"fish","photoUrls":["string"],"tags":[{"id":0,"name":"string"}],"status":"available"},{"id":9223372036854772511,"category":{"id":0,"name":"string"},"name":"fish","photoUrls":["string"],"tags":[{"id":0,"name":"string"}],"status":"available"},{"id":9223372036854772512,"category":{"id":0,"name":"string"},"name":"dgge","photoUrls":["string"],"tags":[{"id":0,"name":"string"}],"status":"available"},{"id":9223372036854772516,"category":{"id":0,"name":"string"},"name":"pe","photoUrls":["string"],"tags":[{"id":0,"name":"string"}],"status":"available"},{"id":9223372036854772519,"category":{"id":0,"name":"string"},"name":"doggie","photoUrls":["string"],"tags":[{"id":0,"name":"string"}],"status":"available"},{"id":9223372036854772521,"category":{"id":5,"name":"string"},"name":"pe","photoUrls":["string"],"tags":[{"id":5,"name":"string"}],"status":"available"},{"id":9223372036854772522,"category":{"id":0,"name":"string"},"name":"doggie","photoUrls":["string"],"tags":[{"id":0,"name":"string"}],"status":"available"},{"id":9223372036854772526,"category":{"id":0,"name":"string"},"name":"dppe","photoUrls":["string"],"tags":[{"id":0,"name":"string"}],"status":"available"},{"id":9223372036854772534,"category":{"id":0,"name":"doggie_TestAutomation"},"name":"doggie_TestAutomation","photoUrls":["string"],"tags":[{"id":0,"name":"string"}],"status":"available"},{"id":9223372036854772535,"category":{"id":0,"name":"string"},"name":"doggie","photoUrls":["string"],"tags":[{"id":0,"name":"string"}],"status":"available"},{"id":9223372036854772548,"category":{"id":0,"name":"string"},"name":"doggie","photoUrls":["string"],"tags":[{"id":0,"name":"string"}],"status":"available"},{"id":9223372036854772549,"category":{"id":0,"name":"string"},"name":"doggie","photoUrls":["string"],"tags":[{"id":0,"name":"string"}],"status":"available"},{"id":9223372036854772559,"category":{"id":0,"name":"string"},"name":"moniiiik","photoUrls":["string"],"tags":[{"id":0,"name":"string"}],"status":"available"},{"id":9223372036854772563,"category":{"id":0,"name":"string"},"name":"fish","photoUrls":["string"],"tags":[{"id":0,"name":"string"}],"status":"available"},{"id":9223372036854772564,"category":{"id":0,"name":"string"},"name":"doggie","photoUrls":["string"],"tags":[{"id":0,"name":"string"}],"status":"available"},{"id":9223372036854772565,"category":{"id":0,"name":"string"},"name":"doggie","photoUrls":["string"],"tags":[{"id":0,"name":"string"}],"status":"available"},{"id":9223372036854772566,"category":{"id":0,"name":"string"},"name":"doggie","photoUrls":["string"],"tags":[{"id":0,"name":"string"}],"status":"available"},{"id":9223372036854772567,"category":{"id":0,"name":"string"},"name":"doggie","photoUrls":["string"],"tags":[{"id":0,"name":"string"}],"status":"available"},{"id":9223372036854772568,"category":{"id":0,"name":"string"},"name":"fish","photoUrls":["string"],"tags":[{"id":0,"name":"string"}],"status":"available"},{"id":9223372036854772569,"category":{"id":0,"name":"string"},"name":"Puff","photoUrls":["string"],"tags":[{"id":0,"name":"string"}],"status":"available"},{"id":4234324,"category":{"id":2332434,"name":"string"},"name":"do235454634ie","photoUrls":["string"],"tags":[{"id":24332543534,"name":"string"}],"status":"available"},{"id":9223372036854772573,"category":{"id":0,"name":"string"},"name":"doggie","photoUrls":["string"],"tags":[{"id":0,"name":"string"}],"status":"available"},{"id":9223372036854772574,"category":{"id":0,"name":"string"},"name":"doggie","photoUrls":["string"],"tags":[{"id":0,"name":"string"}],"status":"available"},{"id":9223372036854772575,"category":{"id":0,"name":"string"},"name":"fish","photoUrls":["string"],"tags":[{"id":0,"name":"string"}],"status":"available"},{"id":9223372036854772582,"category":{"id":0,"name":"string"},"name":"fish","photoUrls":["string"],"tags":[{"id":0,"name":"string"}],"status":"available"},{"id":12345,"category":{"id":1,"name":"DOGSSSSSSS"},"name":"LEO","photoUrls":["https://img.freepik.com/free-photo/white-dog_95678-1.jpg?w=360&t=st=1699368373~exp=1699368973~hmac=c86be60a4a7b8ef8be51c32f41ba40bef6108e5c9fd6d92742b6742f974c7431"],"tags":[{"id":1,"name":"Wednesday"}],"status":"available"},{"id":9223372036854772588,"category":{"id":0,"name":"Pomeranian"},"name":"Yeontn","photoUrls":["https://www.google.com/url?sa=i&url=https%3A%2F%2Fwikibio.in%2Fyeontan%2F&psig=AOvVaw0UdJeOGlk-jKSOtT-nplW1&ust=1682581409377000&source=images&cd=vfe&ved=0CA4QjRxqFwoTCMCQvJiuyP4CFQAAAAAdAAAAABAI"],"tags":[{"id":0,"name":"Dog"}],"status":"available"},{"id":11459690,"category":{"id":0,"name":"string"},"name":"Sima","photoUrls":["string"],"tags":[{"id":0,"name":"string"}],"status":"available"},{"id":9223372036854772607,"category":{"id":0,"name":"string"},"name":"doggie","photoUrls":["string"],"tags":[{"id":0,"name":"string"}],"status":"available"},{"id":9223372036854772616,"category":{"id":0,"name":"string"},"name":"fish","photoUrls":["string"],"tags":[{"id":0,"name":"string"}],"status":"available"},{"id":9223372036854772618,"category":{"id":0,"name":"string"},"name":"doggie","photoUrls":["string"],"tags":[{"id":0,"name":"string"}],"status":"available"},{"id":9223372036854772619,"category":{"id":0,"name":"string"},"name":"doggie","photoUrls":["string"],"tags":[{"id":0,"name":"string"}],"status":"available"},{"id":9223372036854772620,"category":{"id":0,"name":"string"},"name":"fish","photoUrls":["string"],"tags":[{"id":0,"name":"string"}],"status":"available"},{"id":9223372036854772625,"category":{"id":0,"name":"string"},"name":"Puff","photoUrls":["string"],"tags":[{"id":0,"name":"string"}],"status":"available"},{"id":9223372036854772626,"category":{"id":0,"name":"string"},"name":"fish","photoUrls":["string"],"tags":[{"id":0,"name":"string"}],"status":"available"},{"id":9223372036854772627,"category":{"id":0,"name":"string"},"name":"doggie","photoUrls":["string"],"tags":[{"id":0,"name":"string"}],"status":"available"},{"id":9223372036854772637,"category":{"id":0,"name":"string"},"name":"doggie","photoUrls":["string"],"tags":[{"id":0,"name":"string"}],"status":"available"},{"id":9223372036854772638,"category":{"id":0,"name":"string"},"name":"doggie","photoUrls":["string"],"tags":[{"id":0,"name":"string"}],"status":"available"},{"id":864,"category":{"id":740,"name":"Rex"},"name":"Arlene","tags":[{"id":768,"name":"Susie"},{"id":442,"name":"Bala"}],"status":"available"},{"id":9223372036854772639,"category":{"id":0,"name":"string"},"name":"doggie","photoUrls":["string"],"tags":[{"id":0,"name":"string"}],"status":"available"},{"id":9223372036854772640,"category":{"id":0,"name":"string"},"name":"doggie","photoUrls":["string"],"tags":[{"id":0,"name":"string"}],"status":"available"},{"id":9223372036854772643,"category":{"id":0,"name":"string"},"name":"fish","photoUrls":["string"],"tags":[{"id":0,"name":"string"}],"status":"available"},{"id":9223372036854772644,"category":{"id":0,"name":"string"},"name":"fish","photoUrls":["string"],"tags":[{"id":0,"name":"string"}],"status":"available"},{"id":9223372036854772645,"category":{"id":0,"name":"string"},"name":"fish","photoUrls":["string"],"tags":[{"id":0,"name":"string"}],"status":"available"},{"id":9223372036854772646,"category":{"id":0,"name":"string"},"name":"fish","photoUrls":["string"],"tags":[{"id":0,"name":"string"}],"status":"available"},{"id":9223372036854772647,"category":{"id":0,"name":"string"},"name":"doggie","photoUrls":["string"],"tags":[{"id":0,"name":"string"}],"status":"available"},{"id":12121,"category":{"id":0,"name":"string"},"name":"TestPetName","photoUrls":["string"],"tags":[{"id":0,"name":"string"}],"status":"available"},{"id":2731785851747841525,"category":{"id":-369044345112586921,"name":"Baby"},"name":"Kyle","tags":[{"id":293851695555700277,"name":"Susie"},{"id":1147529821073077700,"name":"Bala"}],"status":"available"},{"id":9223372036854772654,"category":{"id":0,"name":"string"},"name":"doggie","photoUrls":["string"],"tags":[{"id":0,"name":"string"}],"status":"available"},{"id":1167866249325171330,"category":{"id":-2618686607336321599,"name":"Marley"},"name":"Willy","tags":[{"id":2219958759284263739,"name":"Susie"},{"id":-2845963025041499998,"name":"Bala"}],"status":"available"},{"id":9223372036854772685,"category":{"id":0,"name":"string"},"name":"doggie","photoUrls":["string"],"tags":[{"id":0,"name":"string"}],"status":"available"},{"id":9223372036854772686,"category":{"id":0,"name":"string"},"name":"fish","photoUrls":["string"],"tags":[{"id":0,"name":"string"}],"status":"available"},{"id":9223372036854772687,"category":{"id":0,"name":"string"},"name":"doggie","photoUrls":["string"],"tags":[{"id":0,"name":"string"}],"status":"available"},{"id":9223372036854772688,"category":{"id":0,"name":"string"},"name":"doggie","photoUrls":["string"],"tags":[{"id":0,"name":"string"}],"status":"available"},{"id":9223372036854772689,"category":{"id":0,"name":"string"},"name":"fish","photoUrls":["string"],"tags":[{"id":0,"name":"string"}],"status":"available"},{"id":9223372036854772690,"category":{"id":0,"name":"string"},"name":"Puff","photoUrls":["string"],"tags":[{"id":0,"name":"string"}],"status":"available"},{"id":9223372036854772691,"category":{"id":0,"name":"string"},"name":"doggie","photoUrls":["string"],"tags":[{"id":0,"name":"string"}],"status":"available"},{"id":9223372036854772692,"category":{"id":0,"name":"string"},"name":"doggie","photoUrls":["string"],"tags":[{"id":0,"name":"string"}],"status":"available"},{"id":9223372036854772696,"category":{"id":0,"name":"string"},"name":"fish","photoUrls":["string"],"tags":[{"id":0,"name":"string"}],"status":"available"},{"id":9223372036854772699,"category":{"id":0,"name":"string"},"name":"fish","photoUrls":["string"],"tags":[{"id":0,"name":"string"}],"status":"available"},{"id":1357077878923375891,"category":{"id":-3164105990938505381,"name":"Dixie"},"name":"Delbert","tags":[{"id":-3041229220609471000,"name":"Susie"},{"id":-8898933624894710235,"name":"Bala"}],"status":"available"},{"id":9223372036854772702,"category":{"id":0,"name":"string"},"name":"doggie","photoUrls":["string"],"tags":[{"id":0,"name":"string"}],"status":"available"},{"id":9223372036854772710,"category":{"id":-6943399109936151751,"name":"Zoey"},"name":"Misha","tags":[{"id":1404970337333052497,"name":"Susie"},{"id":4505065950873745400,"name":"Bala"}],"status":"available"},{"id":9223372036854772726,"category":{"id":0,"name":"string"},"name":"fish","photoUrls":["string"],"tags":[{"id":0,"name":"string"}],"status":"available"},{"id":9223372036854772730,"category":{"id":0,"name":"string"},"name":"doggie","photoUrls":["string"],"tags":[{"id":0,"name":"string"}],"status":"available"},{"id":9223372036854772731,"category":{"id":0,"name":"string"},"name":"doggie","photoUrls":["string"],"tags":[{"id":0,"name":"string"}],"status":"available"},{"id":9223372036854772732,"category":{"id":0,"name":"string"},"name":"doggie","photoUrls":["string"],"tags":[{"id":0,"name":"string"}],"status":"available"},{"id":9223372036854772733,"category":{"id":0,"name":"string"},"name":"doggie","photoUrls":["string"],"tags":[{"id":0,"name":"string"}],"status":"available"},{"id":9223372036854772734,"category":{"id":0,"name":"string"},"name":"fish","photoUrls":["string"],"tags":[{"id":0,"name":"string"}],"status":"available"},{"id":9223372036854772735,"category":{"id":0,"name":"string"},"name":"fish","photoUrls":["string"],"tags":[{"id":0,"name":"string"}],"status":"available"},{"id":9223372036854772736,"category":{"id":0,"name":"string"},"name":"doggie","photoUrls":["string"],"tags":[{"id":0,"name":"string"}],"status":"available"},{"id":9223372036854772737,"category":{"id":0,"name":"string"},"name":"Puff","photoUrls":["string"],"tags":[{"id":0,"name":"string"}],"status":"available"},{"id":9223372036854772738,"category":{"id":0,"name":"string"},"name":"doggie","photoUrls":["string"],"tags":[{"id":0,"name":"string"}],"status":"available"},{"id":9223372036854772739,"category":{"id":0,"name":"string"},"name":"doggie","photoUrls":["string"],"tags":[{"id":0,"name":"string"}],"status":"available"},{"id":9223372036854772743,"category":{"id":0,"name":"string"},"name":"fish","photoUrls":["string"],"tags":[{"id":0,"name":"string"}],"status":"available"},{"id":9223372036854772745,"category":{"id":0,"name":"string"},"name":"fish","photoUrls":["string"],"tags":[{"id":0,"name":"string"}],"status":"available"},{"id":9223372036854772747,"category":{"id":0,"name":"string"},"name":"fish","photoUrls":["string"],"tags":[{"id":0,"name":"string"}],"status":"available"},{"id":9223372036854772748,"category":{"id":0,"name":"string"},"name":"fish","photoUrls":["string"],"tags":[{"id":0,"name":"string"}],"status":"available"},{"id":9223372036854772753,"category":{"id":0,"name":"string"},"name":"doggie","photoUrls":["string"],"tags":[{"id":0,"name":"string"}],"status":"available"},{"id":9223372036854772767,"category":{"id":0,"name":"string"},"name":"doggie","photoUrls":["string"],"tags":[{"id":0,"name":"string"}],"status":"available"},{"id":9223372036854772787,"category":{"id":0,"name":"string"},"name":"doggie","photoUrls":["string"],"tags":[{"id":0,"name":"string"}],"status":"available"},{"id":9223372036854772788,"category":{"id":-3505326546970156199,"name":"Bo"},"name":"Magdalena","tags":[{"id":3869240463516222027,"name":"Susie"},{"id":4980000341899865664,"name":"Bala"}],"status":"available"},{"id":9223372036854772789,"category":{"id":0,"name":"string"},"name":"doggie","photoUrls":["string"],"tags":[{"id":0,"name":"string"}],"status":"available"},{"id":9223372036854772790,"category":{"id":0,"name":"string"},"name":"doggie","photoUrls":["string"],"tags":[{"id":0,"name":"string"}],"status":"available"},{"id":9223372036854772791,"category":{"id":0,"name":"string"},"name":"fish","photoUrls":["string"],"tags":[{"id":0,"name":"string"}],"status":"available"},{"id":9223372036854772792,"category":{"id":0,"name":"string"},"name":"fish","photoUrls":["string"],"tags":[{"id":0,"name":"string"}],"status":"available"},{"id":9223372036854772793,"category":{"id":0,"name":"string"},"name":"doggie","photoUrls":["string"],"tags":[{"id":0,"name":"string"}],"status":"available"},{"id":9223372036854772794,"category":{"id":-3452435546586359100,"name":"Roxie"},"name":"Desmond","tags":[{"id":8074050812767073263,"name":"Susie"},{"id":-8386313176414478390,"name":"Bala"}],"status":"available"},{"id":9223372036854772795,"category":{"id":0,"name":"string"},"name":"Puff","photoUrls":["string"],"tags":[{"id":0,"name":"string"}],"status":"available"},{"id":9223372036854772796,"category":{"id":0,"name":"string"},"name":"doggie","photoUrls":["string"],"tags":[{"id":0,"name":"string"}],"status":"available"},{"id":9223372036854772797,"category":{"id":0,"name":"string"},"name":"doggie","photoUrls":["string"],"tags":[{"id":0,"name":"string"}],"status":"available"},{"id":9223372036854772798,"category":{"id":0,"name":"string"},"name":"fish","photoUrls":["string"],"tags":[{"id":0,"name":"string"}],"status":"available"},{"id":9223372036854772802,"category":{"id":1,"name":"string"},"name":"firulais","photoUrls":["string"],"tags":[{"id":0,"name":"string"}],"status":"available"},{"id":9223372036854772803,"category":{"id":0,"name":"parot"},"name":"Tom","photoUrls":["string"],"tags":[{"id":0,"name":"string"}],"status":"available"},{"id":9223372036854772804,"category":{"id":0,"name":"string"},"name":"fish","photoUrls":["string"],"tags":[{"id":0,"name":"string"}],"status":"available"},{"id":9223372036854772807,"category":{"id":0,"name":"string"},"name":"doggie","photoUrls":["string"],"tags":[{"id":0,"name":"string"}],"status":"available"},{"id":9223372036854772811,"category":{"id":0,"name":"string"},"name":"doggie","photoUrls":["string"],"tags":[{"id":0,"name":"string"}],"status":"available"},{"id":9223372036854772843,"category":{"id":0,"name":"string"},"name":"doggie","photoUrls":["string"],"tags":[{"id":0,"name":"string"}],"status":"available"},{"id":9223372036854772848,"category":{"id":0,"name":"string"},"name":"fish","photoUrls":["string"],"tags":[{"id":0,"name":"string"}],"status":"available"},{"id":9223372036854772850,"category":{"id":0,"name":"string"},"name":"doggie","photoUrls":["string"],"tags":[{"id":0,"name":"string"}],"status":"available"},{"id":9223372036854772855,"category":{"id":0,"name":"string"},"name":"akin","photoUrls":["string"],"tags":[{"id":0,"name":"string"}],"status":"available"},{"id":9223372036854772858,"category":{"id":0,"name":"string"},"name":"bird","photoUrls":["string"],"tags":[{"id":0,"name":"string"}],"status":"available"},{"id":9223372036854772859,"category":{"id":0,"name":"string"},"name":"doggie","photoUrls":["string"],"tags":[{"id":0,"name":"string"}],"status":"available"},{"id":9223372036854772860,"category":{"id":0,"name":"string"},"name":"Hunderbar","photoUrls":["string"],"tags":[{"id":0,"name":"string"}],"status":"available"},{"id":9223372036854772861,"category":{"id":0,"name":"string"},"name":"\uD83D\uDC23","photoUrls":["string"],"tags":[{"id":0,"name":"string"}],"status":"available"},{"id":9223372036854772862,"category":{"id":0,"name":"string"},"name":"bird\uD83D\uDC26","photoUrls":["string"],"tags":[{"id":0,"name":"string"}],"status":"available"},{"id":9223372036854772863,"category":{"id":0,"name":"string"},"name":"birdieeee","photoUrls":["string"],"tags":[{"id":0,"name":"string"}],"status":"available"},{"id":9223372036854772864,"category":{"id":0,"name":"string"},"name":"doggie","photoUrls":["string"],"tags":[{"id":0,"name":"string"}],"status":"available"},{"id":9223372036854772865,"category":{"id":0,"name":"string"},"name":"something","photoUrls":["string"],"tags":[{"id":0,"name":"string"}],"status":"available"},{"id":9223372036854772866,"category":{"id":0,"name":"string"},"name":"doggie","photoUrls":["string"],"tags":[{"id":0,"name":"string"}],"status":"available"},{"id":9223372036854772867,"category":{"id":0,"name":"string"},"name":"doggie","photoUrls":["string"],"tags":[{"id":0,"name":"string"}],"status":"available"},{"id":9223372036854772868,"category":{"id":0,"name":"string"},"name":"fish","photoUrls":["string"],"tags":[{"id":0,"name":"string"}],"status":"available"},{"id":9223372036854772869,"category":{"id":0,"name":"string"},"name":"fish","photoUrls":["string"],"tags":[{"id":0,"name":"string"}],"status":"available"},{"id":9223372036854772870,"category":{"id":0,"name":"string"},"name":"Puff","photoUrls":["string"],"tags":[{"id":0,"name":"string"}],"status":"available"},{"id":9223372036854772871,"category":{"id":0,"name":"string"},"name":"doggie","photoUrls":["string"],"tags":[{"id":0,"name":"string"}],"status":"available"},{"id":9223372036854772872,"category":{"id":0,"name":"string"},"name":"doggie","photoUrls":["string"],"tags":[{"id":0,"name":"string"}],"status":"available"},{"id":9223372036854772873,"category":{"id":0,"name":"string"},"name":"doggie","photoUrls":["string"],"tags":[{"id":0,"name":"string"}],"status":"available"},{"id":9223372036854772874,"category":{"id":0,"name":"string"},"name":"doggie","photoUrls":["string"],"tags":[{"id":0,"name":"string"}],"status":"available"},{"id":9223372036854772875,"category":{"id":0,"name":"string"},"name":"doggie","photoUrls":["string"],"tags":[{"id":0,"name":"string"}],"status":"available"},{"id":8979789078978969,"category":{"id":-20476978,"name":"id occaecat est"},"name":"doggie","photoUrls":["ad tempor id magna","Duis"],"tags":[{"id":895601,"name":"magna ipsum"},{"id":86688648,"name":"quis voluptate"}],"status":"available"},{"id":9223372036854772879,"category":{"id":0,"name":"string"},"name":"fish","photoUrls":["string"],"tags":[{"id":0,"name":"string"}],"status":"available"},{"id":9223372036854772880,"category":{"id":0,"name":"string"},"name":"fish","photoUrls":["string"],"tags":[{"id":0,"name":"string"}],"status":"available"},{"id":9223372036854772881,"category":{"id":0,"name":"string"},"name":"fish","photoUrls":["string"],"tags":[{"id":0,"name":"string"}],"status":"available"},{"id":9223372036854772882,"category":{"id":0,"name":"string"},"name":"fish","photoUrls":["string"],"tags":[{"id":0,"name":"string"}],"status":"available"},{"id":9223372036854772883,"category":{"id":0,"name":"string"},"name":"fish","photoUrls":["string"],"tags":[{"id":0,"name":"string"}],"status":"available"},{"id":9223372036854772885,"category":{"id":0,"name":"string"},"name":"doggie","photoUrls":["string"],"tags":[{"id":0,"name":"string"}],"status":"available"},{"id":9223372036854772887,"name":"doggie","photoUrls":[],"tags":[],"status":"available"},{"id":9223372036854772888,"category":{"id":0,"name":"string"},"name":"fish","photoUrls":["string"],"tags":[{"id":0,"name":"string"}],"status":"available"},{"id":9223372036854772889,"category":{"id":0,"name":"string"},"name":"doggie","photoUrls":["string"],"tags":[{"id":0,"name":"string"}],"status":"available"},{"id":9223372036854772890,"category":{"id":0,"name":"string"},"name":"doggie","photoUrls":["string"],"tags":[{"id":0,"name":"string"}],"status":"available"},{"id":9223372036854772895,"category":{"id":0,"name":"string"},"name":"doggie","photoUrls":["string"],"tags":[{"id":0,"name":"string"}],"status":"available"},{"id":131,"category":{"id":0,"name":"dickey"},"name":"doggie","photoUrls":["string"],"tags":[{"id":100,"name":"bowman"}],"status":"available"},{"id":9223372036854772923,"category":{"id":0,"name":"string"},"name":"doggie","photoUrls":["string"],"tags":[{"id":0,"name":"string"}],"status":"available"},{"id":9223372036854772925,"category":{"id":0,"name":"string"},"name":"fish","photoUrls":["string"],"tags":[{"id":0,"name":"string"}],"status":"available"},{"id":9223372036854772926,"category":{"id":0,"name":"string"},"name":"doggie","photoUrls":["string"],"tags":[{"id":0,"name":"string"}],"status":"available"},{"id":132,"category":{"id":0,"name":"dickey"},"name":"doggie","photoUrls":["string"],"tags":[{"id":100,"name":"bowman"}],"status":"available"},{"id":9223372036854772927,"category":{"id":0,"name":"string"},"name":"doggie","photoUrls":["string"],"tags":[{"id":0,"name":"string"}],"status":"available"},{"id":9223372036854772928,"category":{"id":0,"name":"string"},"name":"fish","photoUrls":["string"],"tags":[{"id":0,"name":"string"}],"status":"available"},{"id":134,"category":{"id":0,"name":"dickey"},"name":"doggie","photoUrls":["string"],"tags":[{"id":100,"name":"bowman"}],"status":"available"},{"id":9223372036854772929,"category":{"id":0,"name":"string"},"name":"Puff","photoUrls":["string"],"tags":[{"id":0,"name":"string"}],"status":"available"},{"id":9223372036854772930,"category":{"id":0,"name":"Cat"},"name":"Dog","photoUrls":["string"],"tags":[{"id":0,"name":"string"}],"status":"available"},{"id":9223372036854772931,"category":{"id":0,"name":"Dog"},"name":"Cat","photoUrls":["string"],"tags":[{"id":0,"name":"string"}],"status":"available"},{"id":9223372036854772932,"category":{"id":0,"name":"Cat"},"name":"Dog","photoUrls":["string"],"tags":[{"id":0,"name":"string"}],"status":"available"},{"id":9223372036854772933,"category":{"id":0,"name":"Dog"},"name":"Cat","photoUrls":["string"],"tags":[{"id":0,"name":"string"}],"status":"available"},{"id":64,"category":{"id":0,"name":"simi"},"name":"Simig","photoUrls":["string"],"tags":[{"id":0,"name":"string"}],"status":"available"},{"id":9223372036854772934,"category":{"id":0,"name":"string"},"name":"doggie","photoUrls":["string"],"tags":[{"id":0,"name":"string"}],"status":"available"},{"id":9223372036854772935,"category":{"id":0,"name":"string"},"name":"doggie","photoUrls":["string"],"tags":[{"id":0,"name":"string"}],"status":"available"},{"id":9223372036854772936,"category":{"id":0,"name":"string"},"name":"fish","photoUrls":["string"],"tags":[{"id":0,"name":"string"}],"status":"available"},{"id":9223372036854772938,"category":{"id":0,"name":"string"},"name":"Puff","photoUrls":["string"],"tags":[{"id":0,"name":"string"}],"status":"available"},{"id":9223372036854772943,"category":{"id":0,"name":"string"},"name":"fish","photoUrls":["string"],"tags":[{"id":0,"name":"string"}],"status":"available"},{"id":9223372036854772955,"category":{"id":0,"name":"string"},"name":"doggie","photoUrls":["string"],"tags":[{"id":0,"name":"string"}],"status":"available"},{"id":9223372036854772963,"category":{"id":0,"name":"string"},"name":"fish","photoUrls":["string"],"tags":[{"id":0,"name":"string"}],"status":"available"},{"id":9223372036854772976,"category":{"id":0,"name":"string"},"name":"doggie","photoUrls":["string"],"tags":[{"id":0,"name":"string"}],"status":"available"},{"id":9223372036854772977,"category":{"id":0,"name":"string"},"name":"doggie","photoUrls":["string"],"tags":[{"id":0,"name":"string"}],"status":"available"},{"id":9223372036854772978,"category":{"id":0,"name":"string"},"name":"fish","photoUrls":["string"],"tags":[{"id":0,"name":"string"}],"status":"available"},{"id":9223372036854772979,"category":{"id":0,"name":"string"},"name":"fish","photoUrls":["string"],"tags":[{"id":0,"name":"string"}],"status":"available"},{"id":9223372036854772986,"category":{"id":0,"name":"string"},"name":"Puff","photoUrls":["string"],"tags":[{"id":0,"name":"string"}],"status":"available"},{"id":9223372036854772987,"category":{"id":0,"name":"string"},"name":"doggie","photoUrls":["string"],"tags":[{"id":0,"name":"string"}],"status":"available"},{"id":9223372036854772988,"category":{"id":0,"name":"string"},"name":"doggie","photoUrls":["string"],"tags":[{"id":0,"name":"string"}],"status":"available"},{"id":9223372036854772989,"category":{"id":0,"name":"string"},"name":"doggie","photoUrls":["string"],"tags":[{"id":0,"name":"string"}],"status":"available"},{"id":9223372036854772990,"category":{"id":0,"name":"string"},"name":"doggie","photoUrls":["string"],"tags":[{"id":0,"name":"string"}],"status":"available"},{"id":9223372036854772991,"category":{"id":0,"name":"string"},"name":"doggie","photoUrls":["string"],"tags":[{"id":0,"name":"string"}],"status":"available"},{"id":9223372036854772992,"category":{"id":1,"name":"dog"},"name":"doggie","photoUrls":["string"],"tags":[{"id":2,"name":"cat"}],"status":"available"},{"id":9223372036854773000,"category":{"id":0,"name":"string"},"name":"fish","photoUrls":["string"],"tags":[{"id":0,"name":"string"}],"status":"available"},{"id":9223372036854773001,"category":{"id":0,"name":"string"},"name":"fish","photoUrls":["string"],"tags":[{"id":0,"name":"string"}],"status":"available"},{"id":9223372036854773002,"category":{"id":0,"name":"string"},"name":"fish","photoUrls":["string"],"tags":[{"id":0,"name":"string"}],"status":"available"},{"id":9223372036854773005,"category":{"id":0,"name":"string"},"name":"fish","photoUrls":["string"],"tags":[{"id":0,"name":"string"}],"status":"available"},{"id":9223372036854773008,"category":{"id":0,"name":"string"},"name":"doggie","photoUrls":["string"],"tags":[{"id":0,"name":"string"}],"status":"available"},{"id":9223372036854773010,"category":{"id":0,"name":"string"},"name":"doggie","photoUrls":["string"],"tags":[{"id":0,"name":"string"}],"status":"available"},{"id":9223372036854773011,"category":{"id":0,"name":"Pet"},"name":"Pet","photoUrls":["photo"],"tags":[{"id":0,"name":"Pet"}],"status":"available"},{"id":9223372036854773018,"category":{"id":0,"name":"string"},"name":"doggie","photoUrls":["string"],"tags":[{"id":0,"name":"string"}],"status":"available"},{"id":9223372036854773020,"name":"doggie","photoUrls":["string"],"tags":[],"status":"available"},{"id":2,"category":{"id":0,"name":"string"},"name":"doggie","photoUrls":["string"],"tags":[{"id":0,"name":"string"}],"status":"available"},{"id":9223372036854773029,"category":{"id":0,"name":"string"},"name":"doggie","photoUrls":["string"],"tags":[{"id":0,"name":"string"}],"status":"available"},{"id":9223372036854773030,"category":{"id":0,"name":"string"},"name":"doggie","photoUrls":["string"],"tags":[{"id":0,"name":"string"}],"status":"available"},{"id":9223372036854773031,"category":{"id":0,"name":"string"},"name":"fish","photoUrls":["string"],"tags":[{"id":0,"name":"string"}],"status":"available"},{"id":9223372036854773032,"category":{"id":0,"name":"Pet"},"name":"Pet","photoUrls":["photo"],"tags":[{"id":0,"name":"Pet"}],"status":"available"},{"id":9223372036854773035,"category":{"id":0,"name":"string"},"name":"fish","photoUrls":["string"],"tags":[{"id":0,"name":"string"}],"status":"available"},{"id":9223372036854773048,"category":{"id":0,"name":"string"},"name":"Puff","photoUrls":["string"],"tags":[{"id":0,"name":"string"}],"status":"available"},{"id":9223372036854773051,"category":{"id":0,"name":"string"},"name":"doggie","photoUrls":["string"],"tags":[{"id":0,"name":"string"}],"status":"available"},{"id":9223372036854773052,"category":{"id":0,"name":"Pet"},"name":"Pet","photoUrls":["photo"],"tags":[{"id":0,"name":"Pet"}],"status":"available"},{"id":9223372036854773055,"category":{"id":0,"name":"string"},"name":"doggie","photoUrls":["string"],"tags":[{"id":0,"name":"string"}],"status":"available"},{"id":9223372036854773056,"category":{"id":0,"name":"string"},"name":"doggie","photoUrls":["string"],"tags":[{"id":0,"name":"string"}],"status":"available"},{"id":9223372036854773057,"category":{"id":0,"name":"string"},"name":"doggie","photoUrls":["string"],"tags":[{"id":0,"name":"string"}],"status":"available"},{"id":9223372036854773058,"category":{"id":0,"name":"string"},"name":"fish","photoUrls":["string"],"tags":[{"id":0,"name":"string"}],"status":"available"},{"id":4484176088410552580,"category":{"id":2951242104825206090,"name":"Lucky"},"name":"Edmundo","tags":[{"id":5125645782998849579,"name":"Susie"},{"id":-8540409403546431680,"name":"Bala"}],"status":"available"},{"id":9223372036854773060,"category":{"id":0,"name":"string"},"name":"fish","photoUrls":["string"],"tags":[{"id":0,"name":"string"}],"status":"available"},{"id":9223372036854773065,"category":{"id":0,"name":"string"},"name":"doggie","photoUrls":["string"],"tags":[{"id":0,"name":"string"}],"status":"available"},{"id":922337203685477590,"category":{"id":2,"name":"dog"},"name":"doggie-yoggie","photoUrls":[],"tags":[],"status":"available"},{"id":9223372036854773072,"category":{"id":0,"name":"string"},"name":"doggie","photoUrls":["string"],"tags":[{"id":0,"name":"string"}],"status":"available"},{"id":9223372036854773073,"name":"doggie","photoUrls":["string"],"tags":[],"status":"available"},{"id":9223372036854773077,"category":{"id":0,"name":"string"},"name":"fish","photoUrls":["string"],"tags":[{"id":0,"name":"string"}],"status":"available"},{"id":9223372036854773081,"category":{"id":0,"name":"string"},"name":"doggie","photoUrls":["string"],"tags":[{"id":0,"name":"string"}],"status":"available"},{"id":9223372036854773088,"category":{"id":0,"name":"string"},"name":"doggie","photoUrls":["string"],"tags":[{"id":0,"name":"string"}],"status":"available"},{"id":9223372036854773089,"category":{"id":0,"name":"string"},"name":"doggie","photoUrls":["string"],"tags":[{"id":0,"name":"string"}],"status":"available"},{"id":9223372036854773094,"category":{"id":0,"name":"string"},"name":"doggie","photoUrls":["string"],"tags":[{"id":0,"name":"string"}],"status":"available"},{"id":9223372036854773095,"category":{"id":0,"name":"string"},"name":"doggie","photoUrls":["string"],"tags":[{"id":0,"name":"string"}],"status":"available"},{"id":9223372036854773096,"category":{"id":0,"name":"string"},"name":"fish","photoUrls":["string"],"tags":[{"id":0,"name":"string"}],"status":"available"},{"id":9223372036854773097,"category":{"id":0,"name":"string"},"name":"fish","photoUrls":["string"],"tags":[{"id":0,"name":"string"}],"status":"available"},{"id":9223372036854773098,"category":{"id":0,"name":"string"},"name":"doggie","photoUrls":["string"],"tags":[{"id":0,"name":"string"}],"status":"available"},{"id":9223372036854773101,"category":{"id":0,"name":"string"},"name":"Puff","photoUrls":["string"],"tags":[{"id":0,"name":"string"}],"status":"available"},{"id":9223372036854773102,"category":{"id":0,"name":"string"},"name":"doggie","photoUrls":["string"],"tags":[{"id":0,"name":"string"}],"status":"available"},{"id":9223372036854773109,"category":{"id":0,"name":"string"},"name":"doggie","photoUrls":["string"],"tags":[{"id":0,"name":"string"}],"status":"available"},{"id":9223372036854773110,"category":{"id":0,"name":"string"},"name":"doggie","photoUrls":["string"],"tags":[{"id":0,"name":"string"}],"status":"available"},{"id":9223372036854773111,"category":{"id":0,"name":"string"},"name":"Cotik","photoUrls":["string"],"tags":[{"id":0,"name":"string"}],"status":"available"},{"id":304,"category":{"id":304,"name":"shibaInu"},"name":"shibaInu","photoUrls":["www.petstore.com/shibaInu"],"tags":[{"id":304,"name":"shibaInu"}],"status":"available"},{"id":1,"category":{"id":2,"name":"mammal"},"name":"drujok","photoUrls":["https://www.google.com/url?sa=i&url=https%3A%2F%2Fwww.pinterest.com%2Fpin%2Fdrujok-barboskins-cartoon-pattern-by-ilknur-karaca--446489750548246893%2F&psig=AOvVaw3mJQGQJjlZQtBxhtp-fMw3&ust=1699613273890000&source=images&cd=vfe&opi=89978449&ved=0CBIQjRxqFwoTCOi8uoHgtoIDFQAAAAAdAAAAABAE"],"tags":[{"id":0,"name":"string"}],"status":"available"},{"id":9223372036854773112,"category":{"id":0,"name":"string"},"name":"doggie","photoUrls":["string"],"tags":[{"id":0,"name":"string"}],"status":"available"},{"id":9223372036854773113,"category":{"id":0,"name":"string"},"name":"doggie","photoUrls":["string"],"tags":[{"id":2,"name":"dog"}],"status":"available"},{"id":9223372036854773114,"category":{"id":0,"name":"string"},"name":"fish","photoUrls":["string"],"tags":[{"id":0,"name":"string"}],"status":"available"},{"id":22,"category":{"id":12,"name":"human"},"name":"Vasya","photoUrls":["https://www.befunky.com/images/prismic/5ddfea42-7377-4bef-9ac4-f3bd407d52ab_landing-photo-to-cartoon-img5.jpeg?auto=avif,webp&format=jpg&width=863"],"tags":[{"id":33,"name":"jung"}],"status":"available"},{"id":9223372036854773115,"category":{"id":0,"name":"string"},"name":"fish","photoUrls":["string"],"tags":[{"id":0,"name":"string"}],"status":"available"},{"id":9223372036854773116,"category":{"id":0,"name":"string"},"name":"fish","photoUrls":["string"],"tags":[{"id":0,"name":"string"}],"status":"available"},{"id":9223372036854773117,"category":{"id":0,"name":"string"},"name":"fish","photoUrls":["string"],"tags":[{"id":0,"name":"string"}],"status":"available"},{"id":9223372036854773119,"category":{"id":0,"name":"string"},"name":"Doggie","photoUrls":["string"],"tags":[{"id":0,"name":"string"}],"status":"available"},{"id":324567,"category":{"id":0,"name":"kedi"},"name":"pamuk","photoUrls":["string"],"tags":[{"id":0,"name":"string"}],"status":"available"},{"id":9223372036854773125,"category":{"id":0,"name":"string"},"name":"doggie","photoUrls":["string"],"tags":[{"id":0,"name":"string"}],"status":"available"},{"id":9223372036854773126,"category":{"id":0,"name":"string"},"name":"doggie","photoUrls":["string"],"tags":[{"id":0,"name":"string"}],"status":"available"},{"id":4444,"category":{"id":4444,"name":"кобра"},"name":"doggie","photoUrls":["https://encrypted-tbn0.gstatic.com/images?q=tbn:ANd9GcS0pTnccxwrXc6U8BBu3zFazL08907RiHpFxkj56e6Jcg&s"],"tags":[{"id":44444,"name":"Муна"}],"status":"available"},{"id":9223372036854773131,"category":{"id":4444,"name":"string"},"name":"quokka","photoUrls":["https://cs14.pikabu.ru/post_img/2023/06/24/3/1687578881194613795.jpg"],"tags":[{"id":3333,"name":"string"}],"status":"available"},{"id":4693631548780894754,"category":{"id":-2254605930308416336,"name":"Lady"},"name":"Rosalyn","tags":[{"id":-1137692587959222964,"name":"Susie"},{"id":6844461039905037691,"name":"Bala"}],"status":"available"}]

at java.base/jdk.internal.reflect.NativeConstructorAccessorImpl.newInstance0(Native Method)
at java.base/jdk.internal.reflect.NativeConstructorAccessorImpl.newInstance(NativeConstructorAccessorImpl.java:77)
at java.base/jdk.internal.reflect.DelegatingConstructorAccessorImpl.newInstance(DelegatingConstructorAccessorImpl.java:45)
at java.base/java.lang.reflect.Constructor.newInstanceWithCaller(Constructor.java:499)
at java.base/java.lang.reflect.Constructor.newInstance(Constructor.java:480)
at org.codehaus.groovy.reflection.CachedConstructor.invoke(CachedConstructor.java:73)
at org.codehaus.groovy.runtime.callsite.ConstructorSite$ConstructorSiteNoUnwrapNoCoerce.callConstructor(ConstructorSite.java:108)
at org.codehaus.groovy.runtime.callsite.CallSiteArray.defaultCallConstructor(CallSiteArray.java:57)
at org.codehaus.groovy.runtime.callsite.AbstractCallSite.callConstructor(AbstractCallSite.java:263)
at org.codehaus.groovy.runtime.callsite.AbstractCallSite.callConstructor(AbstractCallSite.java:277)
at io.restassured.internal.ResponseSpecificationImpl$HamcrestAssertionClosure.validate(ResponseSpecificationImpl.groovy:512)
at io.restassured.internal.ResponseSpecificationImpl$HamcrestAssertionClosure$validate$1.call(Unknown Source)
at io.restassured.internal.ResponseSpecificationImpl.validateResponseIfRequired(ResponseSpecificationImpl.groovy:696)
at io.restassured.internal.ResponseSpecificationImpl.this$2$validateResponseIfRequired(ResponseSpecificationImpl.groovy)
at java.base/jdk.internal.reflect.NativeMethodAccessorImpl.invoke0(Native Method)
at java.base/jdk.internal.reflect.NativeMethodAccessorImpl.invoke(NativeMethodAccessorImpl.java:77)
at java.base/jdk.internal.reflect.DelegatingMethodAccessorImpl.invoke(DelegatingMethodAccessorImpl.java:43)
at java.base/java.lang.reflect.Method.invoke(Method.java:568)
at org.codehaus.groovy.runtime.callsite.PlainObjectMetaMethodSite.doInvoke(PlainObjectMetaMethodSite.java:43)
at org.codehaus.groovy.runtime.callsite.PogoMetaMethodSite$PogoCachedMethodSiteNoUnwrapNoCoerce.invoke(PogoMetaMethodSite.java:198)
at org.codehaus.groovy.runtime.callsite.PogoMetaMethodSite.callCurrent(PogoMetaMethodSite.java:62)
at org.codehaus.groovy.runtime.callsite.CallSiteArray.defaultCallCurrent(CallSiteArray.java:49)
at org.codehaus.groovy.runtime.callsite.AbstractCallSite.callCurrent(AbstractCallSite.java:171)
at org.codehaus.groovy.runtime.callsite.AbstractCallSite.callCurrent(AbstractCallSite.java:185)
at io.restassured.internal.ResponseSpecificationImpl.body(ResponseSpecificationImpl.groovy:107)
at io.restassured.internal.ValidatableResponseOptionsImpl.body(ValidatableResponseOptionsImpl.java:238)
at restassurescripts.Assignment5.testPetFindByStatus(Assignment5.java:18)
at java.base/jdk.internal.reflect.NativeMethodAccessorImpl.invoke0(Native Method)
at java.base/jdk.internal.reflect.NativeMethodAccessorImpl.invoke(NativeMethodAccessorImpl.java:77)
at java.base/jdk.internal.reflect.DelegatingMethodAccessorImpl.invoke(DelegatingMethodAccessorImpl.java:43)
at java.base/java.lang.reflect.Method.invoke(Method.java:568)
at org.testng.internal.invokers.MethodInvocationHelper.invokeMethod(MethodInvocationHelper.java:139)
at org.testng.internal.invokers.TestInvoker.invokeMethod(TestInvoker.java:677)
at org.testng.internal.invokers.TestInvoker.invokeTestMethod(TestInvoker.java:221)
at org.testng.internal.invokers.MethodRunner.runInSequence(MethodRunner.java:50)
at org.testng.internal.invokers.TestInvoker$MethodInvocationAgent.invoke(TestInvoker.java:969)
at org.testng.internal.invokers.TestInvoker.invokeTestMethods(TestInvoker.java:194)
at org.testng.internal.invokers.TestMethodWorker.invokeTestMethods(TestMethodWorker.java:148)
at org.testng.internal.invokers.TestMethodWorker.run(TestMethodWorker.java:128)
at java.base/java.util.ArrayList.forEach(ArrayList.java:1511)
at org.testng.TestRunner.privateRun(TestRunner.java:829)
at org.testng.TestRunner.run(TestRunner.java:602)
at org.testng.SuiteRunner.runTest(SuiteRunner.java:437)
at org.testng.SuiteRunner.runSequentially(SuiteRunner.java:431)
at org.testng.SuiteRunner.privateRun(SuiteRunner.java:391)
at org.testng.SuiteRunner.run(SuiteRunner.java:330)
at org.testng.SuiteRunnerWorker.runSuite(SuiteRunnerWorker.java:52)
at org.testng.SuiteRunnerWorker.run(SuiteRunnerWorker.java:95)
at org.testng.TestNG.runSuitesSequentially(TestNG.java:1256)
at org.testng.TestNG.runSuitesLocally(TestNG.java:1176)
at org.testng.TestNG.runSuites(TestNG.java:1099)
at org.testng.TestNG.run(TestNG.java:1067)
at org.testng.remote.AbstractRemoteTestNG.run(AbstractRemoteTestNG.java:115)
at org.testng.remote.RemoteTestNG.initAndRun(RemoteTestNG.java:251)
at org.testng.remote.RemoteTestNG.main(RemoteTestNG.java:77)
]]>
    </failure>
  </testcase> <!-- testPetFindByStatus -->
  <system-out/>
</testsuite> <!-- restassurescripts.Assignment5 -->
