<?xml version="1.0" encoding="UTF-8"?>
<!-- Generated by org.testng.reporters.JUnitReportReporter -->
<testsuite hostname="LAPTOP-FDUTCRQG" failures="0" tests="1" name="restassurescripts.LogginginRestAssured" time="2.869" errors="0" timestamp="2023-11-10T09:19:08 IST" skipped="0">
  <testcase classname="restassurescripts.LogginginRestAssured" name="loggingmethods" time="2.869"/>
  <system-out/>
</testsuite> <!-- restassurescripts.LogginginRestAssured -->
