<?xml version="1.0" encoding="UTF-8"?>
<!-- Generated by org.testng.reporters.JUnitReportReporter -->
<testsuite hostname="LAPTOP-FDUTCRQG" failures="0" tests="1" name="restassurescripts.Script004PlayLoadJSON" time="3.481" errors="0" timestamp="2023-11-10T10:33:32 IST" skipped="0">
  <testcase classname="restassurescripts.Script004PlayLoadJSON" name="postusingJSON" time="3.481"/>
  <system-out/>
</testsuite> <!-- restassurescripts.Script004PlayLoadJSON -->
