<?xml version="1.0" encoding="UTF-8"?>
<!-- Generated by org.testng.reporters.JUnitReportReporter -->
<testsuite hostname="LAPTOP-FDUTCRQG" failures="0" tests="2" name="restassurescripts.Assignment005Demo" time="5.806" errors="0" timestamp="2023-11-10T15:54:51 IST" skipped="0">
  <testcase classname="restassurescripts.Assignment005Demo" name="assignment005FindByStatus" time="3.537"/>
  <system-out/>
  <testcase classname="restassurescripts.Assignment005Demo" name="assignment006Logout" time="2.269"/>
  <system-out/>
</testsuite> <!-- restassurescripts.Assignment005Demo -->
