<?xml version="1.0" encoding="UTF-8"?>
<!-- Generated by org.testng.reporters.JUnitReportReporter -->
<testsuite hostname="LAPTOP-FDUTCRQG" failures="0" tests="1" name="restassurescripts.Log4jDemo" time="0.019" errors="0" timestamp="2023-11-10T11:00:18 IST" skipped="0">
  <testcase classname="restassurescripts.Log4jDemo" name="method1" time="0.019"/>
  <system-out/>
</testsuite> <!-- restassurescripts.Log4jDemo -->
