<?xml version="1.0" encoding="UTF-8"?>
<!-- Generated by org.testng.reporters.JUnitReportReporter -->
<testsuite hostname="LAPTOP-FDUTCRQG" failures="0" tests="2" name="restassurescripts.Script008GITHUBBearerToken" time="3.857" errors="0" timestamp="2023-11-09T10:46:56 IST" skipped="0">
  <testcase classname="restassurescripts.Script008GITHUBBearerToken" name="Authorization_bearertoken" time="3.321"/>
  <system-out/>
  <testcase classname="restassurescripts.Script008GITHUBBearerToken" name="Authorization_bearertoken_specificrepo" time="0.536"/>
  <system-out/>
</testsuite> <!-- restassurescripts.Script008GITHUBBearerToken -->
