<?xml version="1.0" encoding="UTF-8"?>
<!-- Generated by org.testng.reporters.JUnitReportReporter -->
<testsuite hostname="LAPTOP-FDUTCRQG" failures="0" tests="3" name="restassurescripts.Script006PostManAPIKey" time="8.539" errors="0" timestamp="2023-11-09T10:25:09 IST" skipped="0">
  <testcase classname="restassurescripts.Script006PostManAPIKey" name="postmangetreq" time="4.225"/>
  <system-out/>
  <testcase classname="restassurescripts.Script006PostManAPIKey" name="extract_value_response" time="2.496"/>
  <system-out/>
  <testcase classname="restassurescripts.Script006PostManAPIKey" name="extract_response_JSONPath" time="1.818"/>
  <system-out/>
</testsuite> <!-- restassurescripts.Script006PostManAPIKey -->
