<?xml version="1.0" encoding="UTF-8"?>
<!-- Generated by org.testng.reporters.JUnitReportReporter -->
<testsuite hostname="LAPTOP-FDUTCRQG" failures="0" tests="1" name="restassurescripts.Script003PostMethod" time="3.492" errors="0" timestamp="2023-11-08T10:57:53 IST" skipped="0">
  <testcase classname="restassurescripts.Script003PostMethod" name="postmethod" time="3.492"/>
  <system-out/>
</testsuite> <!-- restassurescripts.Script003PostMethod -->
