<?xml version="1.0" encoding="UTF-8"?>
<!-- Generated by org.testng.reporters.JUnitReportReporter -->
<testsuite hostname="LAPTOP-FDUTCRQG" failures="0" tests="2" name="restassurescripts.Script002GetMethod" time="2.440" errors="0" timestamp="2023-11-10T10:37:19 IST" skipped="1">
  <testcase classname="restassurescripts.Script002GetMethod" name="GetmethodBDDStyle" time="2.440"/>
  <system-out/>
  <testcase classname="restassurescripts.Script002GetMethod" name="httpGetmethod">
    <skipped/>
  </testcase> <!-- httpGetmethod -->
  <system-out/>
</testsuite> <!-- restassurescripts.Script002GetMethod -->
