<?xml version="1.0" encoding="UTF-8"?>
<!-- Generated by org.testng.reporters.JUnitReportReporter -->
<testsuite hostname="LAPTOP-FDUTCRQG" failures="0" tests="2" name="restassurescripts.Assignment002" time="6.393" errors="0" timestamp="2023-11-10T15:46:31 IST" skipped="0">
  <testcase classname="restassurescripts.Assignment002" name="assignment002Post" time="4.665"/>
  <system-out/>
  <testcase classname="restassurescripts.Assignment002" name="assignment002Put" time="1.728"/>
  <system-out/>
</testsuite> <!-- restassurescripts.Assignment002 -->
