<?xml version="1.0" encoding="UTF-8"?>
<!-- Generated by org.testng.reporters.JUnitReportReporter -->
<testsuite hostname="LAPTOP-FDUTCRQG" failures="0" tests="1" name="restassurescripts.Script005PayloadXML" time="4.330" errors="0" timestamp="2023-11-08T12:28:34 IST" skipped="0">
  <testcase classname="restassurescripts.Script005PayloadXML" name="payloadXML" time="4.330"/>
  <system-out/>
</testsuite> <!-- restassurescripts.Script005PayloadXML -->
