<?xml version="1.0" encoding="UTF-8"?>
<!-- Generated by org.testng.reporters.JUnitReportReporter -->
<testsuite hostname="LAPTOP-FDUTCRQG" failures="0" tests="1" name="restassurescripts.Script001SetupCheck" time="3.028" errors="0" timestamp="2023-11-08T10:08:49 IST" skipped="0">
  <testcase classname="restassurescripts.Script001SetupCheck" name="setupCheck" time="3.028"/>
  <system-out/>
</testsuite> <!-- restassurescripts.Script001SetupCheck -->
