<?xml version="1.0" encoding="UTF-8"?>
<!-- Generated by org.testng.reporters.JUnitReportReporter -->
<testsuite hostname="LAPTOP-FDUTCRQG" failures="0" tests="1" name="restassurescripts.Assignment6" time="4.615" errors="0" timestamp="2023-11-10T10:41:02 IST" skipped="0">
  <testcase classname="restassurescripts.Assignment6" name="testLogoutAPI" time="4.615"/>
  <system-out/>
</testsuite> <!-- restassurescripts.Assignment6 -->
