<?xml version="1.0" encoding="UTF-8"?>
<!-- Generated by org.testng.reporters.JUnitReportReporter -->
<testsuite hostname="LAPTOP-FDUTCRQG" failures="0" tests="3" name="restassurescripts.Assignment001Demo" time="8.078" errors="0" timestamp="2023-11-10T15:43:25 IST" skipped="0">
  <testcase classname="restassurescripts.Assignment001Demo" name="assignment001Post" time="4.653"/>
  <system-out/>
  <testcase classname="restassurescripts.Assignment001Demo" name="assignment001Get" time="1.791"/>
  <system-out/>
  <testcase classname="restassurescripts.Assignment001Demo" name="assignment001Delete" time="1.634"/>
  <system-out/>
</testsuite> <!-- restassurescripts.Assignment001Demo -->
